2018-04-11 10:51:53,430 INFO  DownloadService - Downloading "https://github.com/avast/android-styled-dialogs/archive/master.zip", attempt 3
2018-04-11 10:52:53,892 INFO  GithubDownloadService - Could not find ZIP archive for master branch
2018-04-11 10:52:54,564 INFO  GithubDownloadService - Default branch of this repository: master
2018-04-11 10:52:54,564 INFO  DownloadService - Downloading "https://github.com/avast/android-styled-dialogs/archive/master.zip", attempt 3
2018-04-11 10:53:55,786 DEBUG FullProcessService - Repository https://github.com/avast/android-styled-dialogs available: true
2018-04-11 10:53:55,786 INFO  FullProcessService - Could not download ZIP file from Github, lets clone it
2018-04-11 10:53:55,786 INFO  SysUtils - Execute command: [git, clone, -q, --single-branch, --depth, 1, https://github.com/avast/android-styled-dialogs, /tmp/rdisk/143/src]
2018-04-11 10:53:57,915 INFO  SysUtils - 
2018-04-11 10:53:57,920 INFO  GitService - Deleted "/tmp/rdisk/143/src/.git": true
2018-04-11 10:53:57,923 INFO  FullProcessService - Size of directory with sources: 828 KB
2018-04-11 10:53:57,923 INFO  SysUtils - Execute command: [git, init, /tmp/rdisk/143/src]
2018-04-11 10:53:57,927 INFO  SysUtils - Initialized empty Git repository in /tmp/rdisk/143/src/.git/

2018-04-11 10:53:57,930 INFO  ProjectBuildService - Gradle wrapper(s): /tmp/rdisk/143/src/gradlew
2018-04-11 10:53:57,933 INFO  ProjectBuildService - Build script(s): /tmp/rdisk/143/src/demo/build.gradle /tmp/rdisk/143/src/library/build.gradle /tmp/rdisk/143/src/build.gradle
2018-04-11 10:53:57,935 INFO  ProjectBuildService - All script(s): /tmp/rdisk/143/src/settings.gradle /tmp/rdisk/143/src/library/build.gradle /tmp/rdisk/143/src/library/android-release-aar.gradle /tmp/rdisk/143/src/demo/build.gradle /tmp/rdisk/143/src/build.gradle
2018-04-11 10:53:57,936 INFO  ProjectBuildService - Remote scripts: none
2018-04-11 10:53:57,936 INFO  ProjectFixService - Fixing project...
2018-04-11 10:53:57,943 INFO  LocalPropertiesFixService - Created fake /tmp/rdisk/143/src/demo/local.properties
2018-04-11 10:53:57,943 INFO  ProjectFixService - Build info for "/tmp/rdisk/143/src/demo/build.gradle": [buildToolsVersion=23.0.1,compileSdkVersion=23,minSdkVersion=8,targetSdkVersion=23]
2018-04-11 10:53:57,943 INFO  LocalPropertiesFixService - Created fake /tmp/rdisk/143/src/library/local.properties
2018-04-11 10:53:57,943 INFO  ProjectFixService - Build info for "/tmp/rdisk/143/src/library/build.gradle": [buildToolsVersion=23.0.1,compileSdkVersion=23,minSdkVersion=8,targetSdkVersion=23]
2018-04-11 10:53:57,944 INFO  LocalPropertiesFixService - Created fake /tmp/rdisk/143/src/local.properties
2018-04-11 10:53:57,944 INFO  WrapperPropertiesFixService - Gradle wrapper: https://services.gradle.org/distributions/gradle-2.2.1-all.zip
2018-04-11 10:53:57,944 INFO  WrapperPropertiesFixService - Gradle wrapper was changed from "-all.zip" to "-bin.zip" (https://services.gradle.org/distributions/gradle-2.2.1-bin.zip)
2018-04-11 10:53:57,945 INFO  ProjectFixService - Build info for "/tmp/rdisk/143/src/build.gradle": [buildToolsVersion=23.0.1,compileSdkVersion=23,minSdkVersion=8,targetSdkVersion=23]
2018-04-11 10:53:57,945 INFO  ProjectFixService - Project was maybe fixed
2018-04-11 10:53:57,945 INFO  ProjectTaskService - Detecting possible tasks...
2018-04-11 10:53:57,945 INFO  SysUtils - Execute command: [/tmp/rdisk/143/src/gradlew, -b, /tmp/rdisk/143/src/demo/build.gradle, -Dorg.gradle.daemon=false, -Dorg.gradle.daemon.performance.enable-monitoring=false, -Dorg.gradle.configureondemand=true, tasks]
2018-04-11 10:54:10,488 INFO  ProjectTaskService - Detected possible tasks: 67
2018-04-11 10:54:10,488 INFO  ProjectTaskService - Excluded tasks (20): lintDebug mockableAndroidJar deviceCheck lint testReleaseUnitTest uninstallRelease deviceAndroidTest uninstallDebugAndroidTest installRelease installDebugAndroidTest connectedCheck connectedDebugAndroidTest uninstallAll test check testDebugUnitTest connectedAndroidTest installDebug lintRelease uninstallDebug
2018-04-11 10:54:10,489 INFO  SysUtils - Execute command: [/tmp/rdisk/143/src/gradlew, -b, /tmp/rdisk/143/src/demo/build.gradle, -Dorg.gradle.daemon=false, -Dorg.gradle.daemon.performance.enable-monitoring=false, -Dorg.gradle.configureondemand=true, --stacktrace, -x, lintDebug, -x, mockableAndroidJar, -x, deviceCheck, -x, lint, -x, testReleaseUnitTest, -x, uninstallRelease, -x, deviceAndroidTest, -x, uninstallDebugAndroidTest, -x, installRelease, -x, installDebugAndroidTest, -x, connectedCheck, -x, connectedDebugAndroidTest, -x, uninstallAll, -x, test, -x, check, -x, testDebugUnitTest, -x, connectedAndroidTest, -x, installDebug, -x, lintRelease, -x, uninstallDebug, build]
2018-04-11 10:54:36,108 ERROR SysUtils - Could not process external command
org.apache.commons.exec.ExecuteException: Process exited with an error: 1 (Exit value: 1)
	at org.apache.commons.exec.DefaultExecutor.executeInternal(DefaultExecutor.java:404)
	at org.apache.commons.exec.DefaultExecutor.execute(DefaultExecutor.java:166)
	at com.github.vbauer.apkmaster.util.SysUtils.execute(SysUtils.java:67)
	at com.github.vbauer.apkmaster.util.SysUtils.executeSimple(SysUtils.java:43)
	at com.github.vbauer.apkmaster.service.assembly.ProjectBuildService.buildProject(ProjectBuildService.java:78)
	at com.github.vbauer.apkmaster.service.assembly.ProjectBuildService.buildProject(ProjectBuildService.java:64)
	at com.github.vbauer.apkmaster.service.assembly.ProjectBuildService.buildProject(ProjectBuildService.java:43)
	at com.github.vbauer.apkmaster.service.FullProcessService.build(FullProcessService.java:84)
	at com.github.vbauer.apkmaster.service.FullProcessService.process(FullProcessService.java:34)
	at com.github.vbauer.apkmaster.app.MainApplication.process(MainApplication.java:38)
	at com.github.vbauer.apkmaster.app.MainApplication.main(MainApplication.java:20)
	at sun.reflect.GeneratedMethodAccessor8.invoke(Unknown Source)
	at sun.reflect.DelegatingMethodAccessorImpl.invoke(DelegatingMethodAccessorImpl.java:43)
	at java.lang.reflect.Method.invoke(Method.java:498)
	at com.android.arsenal.util.ReflectionUtils.invoke(ReflectionUtils.java:42)
	at com.android.arsenal.util.ApkMasterUtils.main(ApkMasterUtils.java:30)
	at com.android.arsenal.service.processor.impl.BuildProcessorServiceImpl.buildProject(BuildProcessorServiceImpl.java:197)
	at com.android.arsenal.service.processor.impl.BuildProcessorServiceImpl.build(BuildProcessorServiceImpl.java:131)
	at com.android.arsenal.service.processor.impl.BuildProcessorServiceImpl.lambda$null$1(BuildProcessorServiceImpl.java:114)
	at java.util.concurrent.FutureTask.run(FutureTask.java:266)
	at java.util.concurrent.Executors$RunnableAdapter.call(Executors.java:511)
	at java.util.concurrent.FutureTask.run(FutureTask.java:266)
	at java.util.concurrent.ThreadPoolExecutor.runWorker(ThreadPoolExecutor.java:1149)
	at java.util.concurrent.ThreadPoolExecutor$Worker.run(ThreadPoolExecutor.java:624)
	at java.lang.Thread.run(Thread.java:748)
2018-04-11 10:54:36,109 INFO  SysUtils - Configuration on demand is an incubating feature.
:demo:preBuild UP-TO-DATE
:demo:preDebugBuild UP-TO-DATE
:demo:checkDebugManifest
:demo:preReleaseBuild UP-TO-DATE
:library:preBuild UP-TO-DATE
:library:preReleaseBuild UP-TO-DATE
:library:compileReleaseNdk UP-TO-DATE
:library:compileLint
:library:copyReleaseLint UP-TO-DATE
:library:checkReleaseManifest
:library:preDebugAndroidTestBuild UP-TO-DATE
:library:preDebugBuild UP-TO-DATE
:library:preDebugUnitTestBuild UP-TO-DATE
:library:preReleaseUnitTestBuild UP-TO-DATE
:library:prepareComAndroidSupportAppcompatV72311Library
:library:prepareComAndroidSupportSupportV42311Library
:library:prepareReleaseDependencies
:library:compileReleaseAidl
:library:compileReleaseRenderscript
:library:generateReleaseBuildConfig
:library:generateReleaseAssets UP-TO-DATE
:library:mergeReleaseAssets
:library:generateReleaseResValues
:library:generateReleaseResources
:library:mergeReleaseResources
:library:processReleaseManifest
:library:processReleaseResources
:library:generateReleaseSources
:library:compileReleaseJavaWithJavacNote: /tmp/rdisk/143/src/library/src/main/java/com/avast/android/dialogs/fragment/TimePickerDialogFragment.java uses or overrides a deprecated API.
Note: Recompile with -Xlint:deprecation for details.

:library:extractReleaseAnnotations
Warning: /tmp/rdisk/143/src/library/src/main/java/com/avast/android/dialogs/fragment/ListDialogFragment.java: The typedef annotation com.avast.android.dialogs.fragment.ListDialogFragment.ChoiceMode should have @Retention(RetentionPolicy.SOURCE)
:library:mergeReleaseProguardFiles
:library:packageReleaseRenderscript UP-TO-DATE
:library:packageReleaseResources
:library:processReleaseJavaRes UP-TO-DATE
:library:transformResourcesWithMergeJavaResForRelease
:library:transformClassesAndResourcesWithSyncLibJarsForRelease
:library:mergeReleaseJniLibFolders
:library:transformNative_libsWithMergeJniLibsForRelease
:library:transformNative_libsWithSyncJniLibsForRelease
:library:bundleRelease
:demo:prepareComAndroidSupportAppcompatV72311Library
:demo:prepareComAndroidSupportSupportV42311Library
:demo:prepareSrcLibraryUnspecifiedLibrary
:demo:prepareDebugDependencies
:demo:compileDebugAidl
:demo:compileDebugRenderscript
:demo:generateDebugBuildConfig
:demo:generateDebugAssets UP-TO-DATE
:demo:mergeDebugAssets
:demo:generateDebugResValues
:demo:generateDebugResources
:demo:mergeDebugResources
:demo:processDebugManifest
:demo:processDebugResources
:demo:generateDebugSources
:demo:compileDebugJavaWithJavacNote: /tmp/rdisk/143/src/demo/src/main/java/com/avast/dialogs/DemoActivity.java uses or overrides a deprecated API.
Note: Recompile with -Xlint:deprecation for details.

:demo:compileDebugNdk UP-TO-DATE
:demo:compileDebugSources
:demo:transformClassesWithDexForDebug
:demo:mergeDebugJniLibFolders
:demo:transformNative_libsWithMergeJniLibsForDebug
:demo:processDebugJavaRes UP-TO-DATE
:demo:transformResourcesWithMergeJavaResForDebug
:demo:validateDebugSigning
:demo:packageDebug
:demo:zipalignDebug
:demo:assembleDebug
:demo:checkReleaseManifest
:demo:prepareReleaseDependencies
:demo:compileReleaseAidl
:demo:compileReleaseRenderscript
:demo:generateReleaseBuildConfig
:demo:generateReleaseAssets UP-TO-DATE
:demo:mergeReleaseAssets
:demo:generateReleaseResValues
:demo:generateReleaseResources
:demo:mergeReleaseResources
:demo:processReleaseManifest
:demo:processReleaseResources
:demo:generateReleaseSources
:demo:compileReleaseJavaWithJavacNote: /tmp/rdisk/143/src/demo/src/main/java/com/avast/dialogs/DemoActivity.java uses or overrides a deprecated API.
Note: Recompile with -Xlint:deprecation for details.

:demo:compileReleaseNdk UP-TO-DATE
:demo:compileReleaseSources
:demo:lintVitalRelease
:demo:transformClassesWithDexForRelease
:demo:mergeReleaseJniLibFolders
:demo:transformNative_libsWithMergeJniLibsForRelease
:demo:processReleaseJavaRes UP-TO-DATE
:demo:transformResourcesWithMergeJavaResForRelease
:demo:validateReleaseSigning FAILED

FAILURE: Build failed with an exception.

* What went wrong:
Execution failed for task ':demo:validateReleaseSigning'.
> Keystore file /tmp/rdisk/143/src/demo/changeit not found for signing config 'release'.

* Try:
Run with --info or --debug option to get more log output.

* Exception is:
org.gradle.api.tasks.TaskExecutionException: Execution failed for task ':demo:validateReleaseSigning'.
	at org.gradle.api.internal.tasks.execution.ExecuteActionsTaskExecuter.executeActions(ExecuteActionsTaskExecuter.java:69)
	at org.gradle.api.internal.tasks.execution.ExecuteActionsTaskExecuter.execute(ExecuteActionsTaskExecuter.java:46)
	at org.gradle.api.internal.tasks.execution.PostExecutionAnalysisTaskExecuter.execute(PostExecutionAnalysisTaskExecuter.java:35)
	at org.gradle.api.internal.tasks.execution.SkipUpToDateTaskExecuter.execute(SkipUpToDateTaskExecuter.java:64)
	at org.gradle.api.internal.tasks.execution.ValidatingTaskExecuter.execute(ValidatingTaskExecuter.java:58)
	at org.gradle.api.internal.tasks.execution.SkipEmptySourceFilesTaskExecuter.execute(SkipEmptySourceFilesTaskExecuter.java:42)
	at org.gradle.api.internal.tasks.execution.SkipTaskWithNoActionsExecuter.execute(SkipTaskWithNoActionsExecuter.java:52)
	at org.gradle.api.internal.tasks.execution.SkipOnlyIfTaskExecuter.execute(SkipOnlyIfTaskExecuter.java:53)
	at org.gradle.api.internal.tasks.execution.ExecuteAtMostOnceTaskExecuter.execute(ExecuteAtMostOnceTaskExecuter.java:43)
	at org.gradle.api.internal.AbstractTask.executeWithoutThrowingTaskFailure(AbstractTask.java:305)
	at org.gradle.execution.taskgraph.AbstractTaskPlanExecutor$TaskExecutorWorker.executeTask(AbstractTaskPlanExecutor.java:79)
	at org.gradle.execution.taskgraph.AbstractTaskPlanExecutor$TaskExecutorWorker.processTask(AbstractTaskPlanExecutor.java:63)
	at org.gradle.execution.taskgraph.AbstractTaskPlanExecutor$TaskExecutorWorker.run(AbstractTaskPlanExecutor.java:51)
	at org.gradle.execution.taskgraph.DefaultTaskPlanExecutor.process(DefaultTaskPlanExecutor.java:23)
	at org.gradle.execution.taskgraph.DefaultTaskGraphExecuter.execute(DefaultTaskGraphExecuter.java:88)
	at org.gradle.execution.SelectedTaskExecutionAction.execute(SelectedTaskExecutionAction.java:29)
	at org.gradle.execution.DefaultBuildExecuter.execute(DefaultBuildExecuter.java:62)
	at org.gradle.execution.DefaultBuildExecuter.access$200(DefaultBuildExecuter.java:23)
	at org.gradle.execution.DefaultBuildExecuter$2.proceed(DefaultBuildExecuter.java:68)
	at org.gradle.execution.DryRunBuildExecutionAction.execute(DryRunBuildExecutionAction.java:32)
	at org.gradle.execution.DefaultBuildExecuter.execute(DefaultBuildExecuter.java:62)
	at org.gradle.execution.DefaultBuildExecuter.execute(DefaultBuildExecuter.java:55)
	at org.gradle.initialization.DefaultGradleLauncher.doBuildStages(DefaultGradleLauncher.java:149)
	at org.gradle.initialization.DefaultGradleLauncher.doBuild(DefaultGradleLauncher.java:106)
	at org.gradle.initialization.DefaultGradleLauncher.run(DefaultGradleLauncher.java:86)
	at org.gradle.launcher.exec.InProcessBuildActionExecuter$DefaultBuildController.run(InProcessBuildActionExecuter.java:80)
	at org.gradle.launcher.cli.ExecuteBuildAction.run(ExecuteBuildAction.java:33)
	at org.gradle.launcher.cli.ExecuteBuildAction.run(ExecuteBuildAction.java:24)
	at org.gradle.launcher.exec.InProcessBuildActionExecuter.execute(InProcessBuildActionExecuter.java:36)
	at org.gradle.launcher.exec.InProcessBuildActionExecuter.execute(InProcessBuildActionExecuter.java:26)
	at org.gradle.launcher.cli.RunBuildAction.run(RunBuildAction.java:51)
	at org.gradle.internal.Actions$RunnableActionAdapter.execute(Actions.java:171)
	at org.gradle.launcher.cli.CommandLineActionFactory$ParseAndBuildAction.execute(CommandLineActionFactory.java:237)
	at org.gradle.launcher.cli.CommandLineActionFactory$ParseAndBuildAction.execute(CommandLineActionFactory.java:210)
	at org.gradle.launcher.cli.JavaRuntimeValidationAction.execute(JavaRuntimeValidationAction.java:35)
	at org.gradle.launcher.cli.JavaRuntimeValidationAction.execute(JavaRuntimeValidationAction.java:24)
	at org.gradle.launcher.cli.CommandLineActionFactory$WithLogging.execute(CommandLineActionFactory.java:206)
	at org.gradle.launcher.cli.CommandLineActionFactory$WithLogging.execute(CommandLineActionFactory.java:169)
	at org.gradle.launcher.cli.ExceptionReportingAction.execute(ExceptionReportingAction.java:33)
	at org.gradle.launcher.cli.ExceptionReportingAction.execute(ExceptionReportingAction.java:22)
	at org.gradle.launcher.Main.doAction(Main.java:33)
	at org.gradle.launcher.bootstrap.EntryPoint.run(EntryPoint.java:45)
	at org.gradle.launcher.bootstrap.ProcessBootstrap.runNoExit(ProcessBootstrap.java:54)
	at org.gradle.launcher.bootstrap.ProcessBootstrap.run(ProcessBootstrap.java:35)
	at org.gradle.launcher.GradleMain.main(GradleMain.java:23)
	at org.gradle.wrapper.BootstrapMainStarter.start(BootstrapMainStarter.java:30)
	at org.gradle.wrapper.WrapperExecutor.execute(WrapperExecutor.java:127)
	at org.gradle.wrapper.GradleWrapperMain.main(GradleWrapperMain.java:58)
Caused by: java.lang.IllegalArgumentException: Keystore file /tmp/rdisk/143/src/demo/changeit not found for signing config 'release'.
	at com.android.build.gradle.internal.tasks.ValidateSigningTask.validate(ValidateSigningTask.java:103)
	at org.gradle.internal.reflect.JavaMethod.invoke(JavaMethod.java:63)
	at org.gradle.api.internal.project.taskfactory.AnnotationProcessingTaskFactory$StandardTaskAction.doExecute(AnnotationProcessingTaskFactory.java:218)
	at org.gradle.api.internal.project.taskfactory.AnnotationProcessingTaskFactory$StandardTaskAction.execute(AnnotationProcessingTaskFactory.java:211)
	at org.gradle.api.internal.project.taskfactory.AnnotationProcessingTaskFactory$StandardTaskAction.execute(AnnotationProcessingTaskFactory.java:200)
	at org.gradle.api.internal.AbstractTask$TaskActionWrapper.execute(AbstractTask.java:579)
	at org.gradle.api.internal.AbstractTask$TaskActionWrapper.execute(AbstractTask.java:562)
	at org.gradle.api.internal.tasks.execution.ExecuteActionsTaskExecuter.executeAction(ExecuteActionsTaskExecuter.java:80)
	at org.gradle.api.internal.tasks.execution.ExecuteActionsTaskExecuter.executeActions(ExecuteActionsTaskExecuter.java:61)
	... 47 more


BUILD FAILED

Total time: 25.178 secs

2018-04-11 10:54:36,172 INFO  FullProcessService - Found APK file: /tmp/rdisk/143/src/demo/build/outputs/apk/demo-debug.apk
