2018-04-10 18:44:48,880 INFO  DownloadService - Downloading "https://github.com/sephiroth74/HorizontalVariableListView/archive/master.zip", attempt 3
2018-04-10 18:44:50,877 INFO  DownloadService - Downloaded https://github.com/sephiroth74/HorizontalVariableListView/archive/master.zip, attempt 3
2018-04-10 18:44:50,877 INFO  DownloadService - Size of file "/tmp/rdisk/249/master.zip": 257 KB
2018-04-10 18:44:50,877 INFO  ArchiveUtils - Checking entries [.gradle] in ZIP file...
2018-04-10 18:44:50,878 INFO  ArchiveUtils - Has entries [.gradle] in ZIP file /tmp/rdisk/249/master.zip: true
2018-04-10 18:44:50,878 DEBUG ZipUtil - Extracting '/tmp/rdisk/249/master.zip' into '/tmp/rdisk/249/src'.
2018-04-10 18:44:50,891 INFO  FullProcessService - Size of directory with sources: 627 KB
2018-04-10 18:44:50,892 INFO  SysUtils - Execute command: [git, init, /tmp/rdisk/249/src]
2018-04-10 18:44:50,897 INFO  SysUtils - Initialized empty Git repository in /tmp/rdisk/249/src/.git/

2018-04-10 18:44:50,900 INFO  ProjectBuildService - Gradle wrapper(s): /tmp/rdisk/249/src/HorizontalVariableListView-master/gradlew
2018-04-10 18:44:50,902 INFO  ProjectBuildService - Build script(s): /tmp/rdisk/249/src/HorizontalVariableListView-master/demo/build.gradle /tmp/rdisk/249/src/HorizontalVariableListView-master/library/build.gradle /tmp/rdisk/249/src/HorizontalVariableListView-master/build.gradle
2018-04-10 18:44:50,905 INFO  ProjectBuildService - All script(s): /tmp/rdisk/249/src/HorizontalVariableListView-master/settings.gradle /tmp/rdisk/249/src/HorizontalVariableListView-master/library/build.gradle /tmp/rdisk/249/src/HorizontalVariableListView-master/demo/build.gradle /tmp/rdisk/249/src/HorizontalVariableListView-master/build.gradle
2018-04-10 18:44:50,905 INFO  DownloadService - Downloading "https://raw.githubusercontent.com/sephiroth74/gradle-mvn-push/master/gradle-mvn-push.gradle", attempt 3
2018-04-10 18:44:51,080 INFO  DownloadService - Downloaded https://raw.githubusercontent.com/sephiroth74/gradle-mvn-push/master/gradle-mvn-push.gradle, attempt 3
2018-04-10 18:44:51,080 INFO  ProjectBuildService - Remote scripts: https://raw.githubusercontent.com/sephiroth74/gradle-mvn-push/master/gradle-mvn-push.gradle
2018-04-10 18:44:51,080 INFO  ProjectFixService - Fixing project...
2018-04-10 18:44:51,089 INFO  LocalPropertiesFixService - Created fake /tmp/rdisk/249/src/HorizontalVariableListView-master/demo/local.properties
2018-04-10 18:44:51,090 INFO  ProjectFixService - Build info for "/tmp/rdisk/249/src/HorizontalVariableListView-master/demo/build.gradle": [buildToolsVersion=19.0.3,compileSdkVersion=19,minSdkVersion=9,targetSdkVersion=19]
2018-04-10 18:44:51,090 INFO  ProjectFixService - Fixed build info for "/tmp/rdisk/249/src/HorizontalVariableListView-master/demo/build.gradle": [buildToolsVersion=19.1.0,compileSdkVersion=19,minSdkVersion=9,targetSdkVersion=19]
2018-04-10 18:44:51,090 INFO  LocalPropertiesFixService - Created fake /tmp/rdisk/249/src/HorizontalVariableListView-master/library/local.properties
2018-04-10 18:44:51,090 INFO  ProjectFixService - Build info for "/tmp/rdisk/249/src/HorizontalVariableListView-master/library/build.gradle": [buildToolsVersion=19.0.3,compileSdkVersion=19,minSdkVersion=9,targetSdkVersion=19]
2018-04-10 18:44:51,091 INFO  ProjectFixService - Fixed build info for "/tmp/rdisk/249/src/HorizontalVariableListView-master/library/build.gradle": [buildToolsVersion=19.1.0,compileSdkVersion=19,minSdkVersion=9,targetSdkVersion=19]
2018-04-10 18:44:51,091 INFO  LocalPropertiesFixService - Created fake /tmp/rdisk/249/src/HorizontalVariableListView-master/local.properties
2018-04-10 18:44:51,091 INFO  WrapperPropertiesFixService - Gradle wrapper: http://services.gradle.org/distributions/gradle-1.10-all.zip
2018-04-10 18:44:51,091 INFO  WrapperPropertiesFixService - Gradle wrapper was changed from "-all.zip" to "-bin.zip" (http://services.gradle.org/distributions/gradle-1.10-bin.zip)
2018-04-10 18:44:51,092 INFO  ProjectFixService - Build info for "/tmp/rdisk/249/src/HorizontalVariableListView-master/build.gradle": [buildToolsVersion=19.1.0,compileSdkVersion=19,minSdkVersion=9,targetSdkVersion=19]
2018-04-10 18:44:51,092 INFO  ProjectFixService - Project was maybe fixed
2018-04-10 18:44:51,092 INFO  ProjectTaskService - Detecting possible tasks...
2018-04-10 18:44:51,092 INFO  SysUtils - Execute command: [/tmp/rdisk/249/src/HorizontalVariableListView-master/gradlew, -b, /tmp/rdisk/249/src/HorizontalVariableListView-master/demo/build.gradle, -Dorg.gradle.daemon=false, -Dorg.gradle.daemon.performance.enable-monitoring=false, -Dorg.gradle.configureondemand=true, tasks]
2018-04-10 18:44:59,197 INFO  ProjectTaskService - Detected possible tasks: 52
2018-04-10 18:44:59,198 INFO  ProjectTaskService - Excluded tasks (14): lintDebug androidJavadocs deviceCheck lint androidSourcesJar uninstallRelease connectedCheck uninstallAll androidJavadocsJar check connectedAndroidTest installDebug lintRelease uninstallDebug
2018-04-10 18:44:59,198 INFO  SysUtils - Execute command: [/tmp/rdisk/249/src/HorizontalVariableListView-master/gradlew, -b, /tmp/rdisk/249/src/HorizontalVariableListView-master/demo/build.gradle, -Dorg.gradle.daemon=false, -Dorg.gradle.daemon.performance.enable-monitoring=false, -Dorg.gradle.configureondemand=true, --stacktrace, -x, lintDebug, -x, androidJavadocs, -x, deviceCheck, -x, lint, -x, androidSourcesJar, -x, uninstallRelease, -x, connectedCheck, -x, uninstallAll, -x, androidJavadocsJar, -x, check, -x, connectedAndroidTest, -x, installDebug, -x, lintRelease, -x, uninstallDebug, build]
2018-04-10 18:45:06,299 ERROR SysUtils - Could not process external command
org.apache.commons.exec.ExecuteException: Process exited with an error: 1 (Exit value: 1)
	at org.apache.commons.exec.DefaultExecutor.executeInternal(DefaultExecutor.java:404)
	at org.apache.commons.exec.DefaultExecutor.execute(DefaultExecutor.java:166)
	at com.github.vbauer.apkmaster.util.SysUtils.execute(SysUtils.java:67)
	at com.github.vbauer.apkmaster.util.SysUtils.executeSimple(SysUtils.java:43)
	at com.github.vbauer.apkmaster.service.assembly.ProjectBuildService.buildProject(ProjectBuildService.java:78)
	at com.github.vbauer.apkmaster.service.assembly.ProjectBuildService.buildProject(ProjectBuildService.java:64)
	at com.github.vbauer.apkmaster.service.assembly.ProjectBuildService.buildProject(ProjectBuildService.java:43)
	at com.github.vbauer.apkmaster.service.FullProcessService.build(FullProcessService.java:84)
	at com.github.vbauer.apkmaster.service.FullProcessService.process(FullProcessService.java:34)
	at com.github.vbauer.apkmaster.app.MainApplication.process(MainApplication.java:38)
	at com.github.vbauer.apkmaster.app.MainApplication.main(MainApplication.java:20)
	at sun.reflect.GeneratedMethodAccessor9.invoke(Unknown Source)
	at sun.reflect.DelegatingMethodAccessorImpl.invoke(DelegatingMethodAccessorImpl.java:43)
	at java.lang.reflect.Method.invoke(Method.java:498)
	at com.android.arsenal.util.ReflectionUtils.invoke(ReflectionUtils.java:42)
	at com.android.arsenal.util.ApkMasterUtils.main(ApkMasterUtils.java:30)
	at com.android.arsenal.service.processor.impl.BuildProcessorServiceImpl.buildProject(BuildProcessorServiceImpl.java:197)
	at com.android.arsenal.service.processor.impl.BuildProcessorServiceImpl.build(BuildProcessorServiceImpl.java:131)
	at com.android.arsenal.service.processor.impl.BuildProcessorServiceImpl.lambda$null$1(BuildProcessorServiceImpl.java:114)
	at java.util.concurrent.FutureTask.run(FutureTask.java:266)
	at java.util.concurrent.Executors$RunnableAdapter.call(Executors.java:511)
	at java.util.concurrent.FutureTask.run(FutureTask.java:266)
	at java.util.concurrent.ThreadPoolExecutor.runWorker(ThreadPoolExecutor.java:1149)
	at java.util.concurrent.ThreadPoolExecutor$Worker.run(ThreadPoolExecutor.java:624)
	at java.lang.Thread.run(Thread.java:748)
2018-04-10 18:45:06,299 INFO  SysUtils - Configuration on demand is an incubating feature.

FAILURE: Build failed with an exception.

* What went wrong:
Task 'androidJavadocs' not found in project ':demo'.

* Try:
Run gradlew tasks to get a list of available tasks. Run with --info or --debug option to get more log output.

* Exception is:
org.gradle.execution.TaskSelectionException: Task 'androidJavadocs' not found in project ':demo'.
	at org.gradle.execution.TaskSelector.getSelection(TaskSelector.java:69)
	at org.gradle.execution.ExcludedTaskFilteringBuildConfigurationAction.configure(ExcludedTaskFilteringBuildConfigurationAction.java:37)
	at org.gradle.execution.DefaultBuildExecuter.configure(DefaultBuildExecuter.java:42)
	at org.gradle.execution.DefaultBuildExecuter.access$100(DefaultBuildExecuter.java:23)
	at org.gradle.execution.DefaultBuildExecuter$1.proceed(DefaultBuildExecuter.java:48)
	at org.gradle.execution.DefaultTasksBuildExecutionAction.configure(DefaultTasksBuildExecutionAction.java:38)
	at org.gradle.execution.DefaultBuildExecuter.configure(DefaultBuildExecuter.java:42)
	at org.gradle.execution.DefaultBuildExecuter.access$100(DefaultBuildExecuter.java:23)
	at org.gradle.execution.DefaultBuildExecuter$1.proceed(DefaultBuildExecuter.java:48)
	at org.gradle.execution.ProjectEvaluatingAction.configure(ProjectEvaluatingAction.java:52)
	at org.gradle.execution.DefaultBuildExecuter.configure(DefaultBuildExecuter.java:42)
	at org.gradle.execution.DefaultBuildExecuter.select(DefaultBuildExecuter.java:35)
	at org.gradle.initialization.DefaultGradleLauncher.doBuildStages(DefaultGradleLauncher.java:155)
	at org.gradle.initialization.DefaultGradleLauncher.doBuild(DefaultGradleLauncher.java:113)
	at org.gradle.initialization.DefaultGradleLauncher.run(DefaultGradleLauncher.java:81)
	at org.gradle.launcher.exec.InProcessBuildActionExecuter$DefaultBuildController.run(InProcessBuildActionExecuter.java:64)
	at org.gradle.launcher.cli.ExecuteBuildAction.run(ExecuteBuildAction.java:33)
	at org.gradle.launcher.cli.ExecuteBuildAction.run(ExecuteBuildAction.java:24)
	at org.gradle.launcher.exec.InProcessBuildActionExecuter.execute(InProcessBuildActionExecuter.java:35)
	at org.gradle.launcher.exec.InProcessBuildActionExecuter.execute(InProcessBuildActionExecuter.java:26)
	at org.gradle.launcher.cli.RunBuildAction.run(RunBuildAction.java:50)
	at org.gradle.internal.Actions$RunnableActionAdapter.execute(Actions.java:171)
	at org.gradle.launcher.cli.CommandLineActionFactory$ParseAndBuildAction.execute(CommandLineActionFactory.java:201)
	at org.gradle.launcher.cli.CommandLineActionFactory$ParseAndBuildAction.execute(CommandLineActionFactory.java:174)
	at org.gradle.launcher.cli.CommandLineActionFactory$WithLogging.execute(CommandLineActionFactory.java:170)
	at org.gradle.launcher.cli.CommandLineActionFactory$WithLogging.execute(CommandLineActionFactory.java:139)
	at org.gradle.launcher.cli.ExceptionReportingAction.execute(ExceptionReportingAction.java:33)
	at org.gradle.launcher.cli.ExceptionReportingAction.execute(ExceptionReportingAction.java:22)
	at org.gradle.launcher.Main.doAction(Main.java:46)
	at org.gradle.launcher.bootstrap.EntryPoint.run(EntryPoint.java:45)
	at org.gradle.launcher.Main.main(Main.java:37)
	at org.gradle.launcher.bootstrap.ProcessBootstrap.runNoExit(ProcessBootstrap.java:50)
	at org.gradle.launcher.bootstrap.ProcessBootstrap.run(ProcessBootstrap.java:32)
	at org.gradle.launcher.GradleMain.main(GradleMain.java:23)
	at org.gradle.wrapper.BootstrapMainStarter.start(BootstrapMainStarter.java:30)
	at org.gradle.wrapper.WrapperExecutor.execute(WrapperExecutor.java:127)
	at org.gradle.wrapper.GradleWrapperMain.main(GradleWrapperMain.java:58)


BUILD FAILED

Total time: 6.629 secs

2018-04-10 18:45:06,299 ERROR ProjectBuildService - Excluded tasks were detected wrong
2018-04-10 18:45:06,299 INFO  SysUtils - Execute command: [/tmp/rdisk/249/src/HorizontalVariableListView-master/gradlew, -b, /tmp/rdisk/249/src/HorizontalVariableListView-master/demo/build.gradle, -Dorg.gradle.daemon=false, -Dorg.gradle.daemon.performance.enable-monitoring=false, -Dorg.gradle.configureondemand=true, --stacktrace, build]
2018-04-10 18:45:26,106 INFO  SysUtils - Configuration on demand is an incubating feature.
:demo:preBuild
:demo:compileDebugNdk
:demo:preDebugBuild
:demo:checkDebugManifest
:demo:preReleaseBuild
:library:compileLint
:library:copyReleaseLint UP-TO-DATE
:library:mergeReleaseProguardFiles
:library:preBuild
:library:preReleaseBuild
:library:checkReleaseManifest
:library:prepareReleaseDependencies
:library:compileReleaseAidl
:library:compileReleaseRenderscript
:library:generateReleaseBuildConfig
:library:mergeReleaseAssets
:library:generateReleaseResValues
:library:generateReleaseResources
:library:packageReleaseResources
:library:processReleaseManifest
:library:processReleaseResources
:library:generateReleaseSources
:library:compileReleaseJava
:library:processReleaseJavaRes UP-TO-DATE
:library:packageReleaseJar
:library:compileReleaseNdk
:library:packageReleaseJniLibs UP-TO-DATE
:library:packageReleaseLocalJar UP-TO-DATE
:library:packageReleaseRenderscript UP-TO-DATE
:library:bundleRelease
:demo:prepareItSephirothAndroidLibraryHorizontallistviewLibrary122Library
:demo:prepareDebugDependencies
:demo:compileDebugAidl
:demo:compileDebugRenderscript
:demo:generateDebugBuildConfig
:demo:mergeDebugAssets
:demo:generateDebugResValues
:demo:generateDebugResources
:demo:mergeDebugResources
:demo:processDebugManifest
:demo:processDebugResources
:demo:generateDebugSources
:demo:compileDebugJava
:demo:preDexDebug
:demo:dexDebug
:demo:processDebugJavaRes UP-TO-DATE
:demo:validateDebugSigning
:demo:packageDebug
:demo:assembleDebug
:demo:checkReleaseManifest
:demo:prepareReleaseDependencies
:demo:compileReleaseAidl
:demo:compileReleaseRenderscript
:demo:generateReleaseBuildConfig
:demo:mergeReleaseAssets
:demo:generateReleaseResValues
:demo:generateReleaseResources
:demo:mergeReleaseResources
:demo:processReleaseManifest
:demo:processReleaseResources
:demo:generateReleaseSources
:demo:compileReleaseJava
:demo:lintVitalRelease SKIPPED
:demo:compileReleaseNdk
:demo:preDexRelease
:demo:dexRelease
:demo:processReleaseJavaRes UP-TO-DATE
:demo:packageRelease
:demo:assembleRelease
:demo:assemble
:demo:compileLint
:demo:lint
Ran lint on variant debug: 25 issues found
Ran lint on variant release: 25 issues found
Wrote HTML report to file:/tmp/rdisk/249/src/HorizontalVariableListView-master/demo/build/lint-results.html
Wrote XML report to /tmp/rdisk/249/src/HorizontalVariableListView-master/demo/build/lint-results.xml
:demo:check
:demo:build

BUILD SUCCESSFUL

Total time: 19.348 secs

2018-04-10 18:45:26,118 INFO  FullProcessService - Found APK file: /tmp/rdisk/249/src/HorizontalVariableListView-master/demo/build/apk/demo-release-unsigned.apk
