2018-04-11 10:04:14,201 INFO  DownloadService - Downloading "https://github.com/jvoegele/gradle-android-plugin/archive/master.zip", attempt 3
2018-04-11 10:05:14,964 INFO  GithubDownloadService - Could not find ZIP archive for master branch
2018-04-11 10:05:15,800 INFO  GithubDownloadService - Default branch of this repository: master
2018-04-11 10:05:15,801 INFO  DownloadService - Downloading "https://github.com/jvoegele/gradle-android-plugin/archive/master.zip", attempt 3
2018-04-11 10:06:17,929 DEBUG FullProcessService - Repository https://github.com/jvoegele/gradle-android-plugin available: true
2018-04-11 10:06:17,929 INFO  FullProcessService - Could not download ZIP file from Github, lets clone it
2018-04-11 10:06:17,929 INFO  SysUtils - Execute command: [git, clone, -q, --single-branch, --depth, 1, https://github.com/jvoegele/gradle-android-plugin, /tmp/rdisk/170/src]
2018-04-11 10:06:19,472 INFO  SysUtils - 
2018-04-11 10:06:19,477 INFO  GitService - Deleted "/tmp/rdisk/170/src/.git": true
2018-04-11 10:06:19,482 INFO  FullProcessService - Size of directory with sources: 210 KB
2018-04-11 10:06:19,482 INFO  SysUtils - Execute command: [git, init, /tmp/rdisk/170/src]
2018-04-11 10:06:19,486 INFO  SysUtils - Initialized empty Git repository in /tmp/rdisk/170/src/.git/

2018-04-11 10:06:19,489 INFO  ProjectBuildService - Gradle wrapper(s): /tmp/rdisk/170/src/gradlew
2018-04-11 10:06:19,494 INFO  ProjectBuildService - Build script(s): /tmp/rdisk/170/src/build.gradle /tmp/rdisk/170/src/src/integTest/resources/androidProjects/random/build.gradle
2018-04-11 10:06:19,497 INFO  ProjectBuildService - All script(s): /tmp/rdisk/170/src/src/integTest/resources/androidProjects/random/build.gradle /tmp/rdisk/170/src/src/integTest/resources/androidProjects/multi_resource/multi_resource.gradle /tmp/rdisk/170/src/src/integTest/resources/androidProjects/hello/simple.gradle /tmp/rdisk/170/src/src/integTest/resources/androidProjects/hello/debug-release.gradle /tmp/rdisk/170/src/src/integTest/resources/androidProjects/hello/debug-release-otherwise.gradle /tmp/rdisk/170/src/build.gradle
2018-04-11 10:06:19,498 INFO  ProjectBuildService - Remote scripts: none
2018-04-11 10:06:19,498 INFO  ProjectFixService - Fixing project...
2018-04-11 10:06:19,506 INFO  LocalPropertiesFixService - Created fake /tmp/rdisk/170/src/local.properties
2018-04-11 10:06:19,507 INFO  WrapperPropertiesFixService - Gradle wrapper: http://services.gradle.org/distributions/gradle-1.0-rc-3-bin.zip
2018-04-11 10:06:19,507 INFO  WrapperPropertiesFixService - Gradle wrapper was changed from "-all.zip" to "-bin.zip" (http://services.gradle.org/distributions/gradle-1.0-bin.zip)
2018-04-11 10:06:19,510 INFO  ProjectFixService - Build info for "/tmp/rdisk/170/src/build.gradle": [buildToolsVersion=<null>,compileSdkVersion=<null>,minSdkVersion=<null>,targetSdkVersion=<null>]
2018-04-11 10:06:19,510 INFO  ProjectFixService - Fixed build info for "/tmp/rdisk/170/src/build.gradle": [buildToolsVersion=28.0.0-rc1,compileSdkVersion=27,minSdkVersion=27,targetSdkVersion=27]
2018-04-11 10:06:19,515 INFO  LocalPropertiesFixService - Created fake /tmp/rdisk/170/src/src/integTest/resources/androidProjects/random/local.properties
2018-04-11 10:06:19,519 INFO  ProjectFixService - Build info for "/tmp/rdisk/170/src/src/integTest/resources/androidProjects/random/build.gradle": [buildToolsVersion=<null>,compileSdkVersion=<null>,minSdkVersion=<null>,targetSdkVersion=<null>]
2018-04-11 10:06:19,519 INFO  ProjectFixService - Fixed build info for "/tmp/rdisk/170/src/src/integTest/resources/androidProjects/random/build.gradle": [buildToolsVersion=28.0.0-rc1,compileSdkVersion=27,minSdkVersion=27,targetSdkVersion=27]
2018-04-11 10:06:19,519 INFO  ProjectFixService - Project was maybe fixed
2018-04-11 10:06:19,519 INFO  ProjectTaskService - Detecting possible tasks...
2018-04-11 10:06:19,519 INFO  SysUtils - Execute command: [/tmp/rdisk/170/src/gradlew, -b, /tmp/rdisk/170/src/build.gradle, -Dorg.gradle.daemon=false, -Dorg.gradle.daemon.performance.enable-monitoring=false, -Dorg.gradle.configureondemand=true, tasks]
2018-04-11 10:06:25,892 INFO  ProjectTaskService - Detected possible tasks: 50
2018-04-11 10:06:25,892 INFO  ProjectTaskService - Excluded tasks (3): javadoc test check
2018-04-11 10:06:25,892 INFO  SysUtils - Execute command: [/tmp/rdisk/170/src/gradlew, -b, /tmp/rdisk/170/src/build.gradle, -Dorg.gradle.daemon=false, -Dorg.gradle.daemon.performance.enable-monitoring=false, -Dorg.gradle.configureondemand=true, --stacktrace, -x, javadoc, -x, test, -x, check, build]
2018-04-11 10:06:29,732 ERROR SysUtils - Could not process external command
org.apache.commons.exec.ExecuteException: Process exited with an error: 1 (Exit value: 1)
	at org.apache.commons.exec.DefaultExecutor.executeInternal(DefaultExecutor.java:404)
	at org.apache.commons.exec.DefaultExecutor.execute(DefaultExecutor.java:166)
	at com.github.vbauer.apkmaster.util.SysUtils.execute(SysUtils.java:67)
	at com.github.vbauer.apkmaster.util.SysUtils.executeSimple(SysUtils.java:43)
	at com.github.vbauer.apkmaster.service.assembly.ProjectBuildService.buildProject(ProjectBuildService.java:78)
	at com.github.vbauer.apkmaster.service.assembly.ProjectBuildService.buildProject(ProjectBuildService.java:64)
	at com.github.vbauer.apkmaster.service.assembly.ProjectBuildService.buildProject(ProjectBuildService.java:43)
	at com.github.vbauer.apkmaster.service.FullProcessService.build(FullProcessService.java:84)
	at com.github.vbauer.apkmaster.service.FullProcessService.process(FullProcessService.java:34)
	at com.github.vbauer.apkmaster.app.MainApplication.process(MainApplication.java:38)
	at com.github.vbauer.apkmaster.app.MainApplication.main(MainApplication.java:20)
	at sun.reflect.GeneratedMethodAccessor8.invoke(Unknown Source)
	at sun.reflect.DelegatingMethodAccessorImpl.invoke(DelegatingMethodAccessorImpl.java:43)
	at java.lang.reflect.Method.invoke(Method.java:498)
	at com.android.arsenal.util.ReflectionUtils.invoke(ReflectionUtils.java:42)
	at com.android.arsenal.util.ApkMasterUtils.main(ApkMasterUtils.java:30)
	at com.android.arsenal.service.processor.impl.BuildProcessorServiceImpl.buildProject(BuildProcessorServiceImpl.java:197)
	at com.android.arsenal.service.processor.impl.BuildProcessorServiceImpl.build(BuildProcessorServiceImpl.java:131)
	at com.android.arsenal.service.processor.impl.BuildProcessorServiceImpl.lambda$null$1(BuildProcessorServiceImpl.java:114)
	at java.util.concurrent.FutureTask.run(FutureTask.java:266)
	at java.util.concurrent.Executors$RunnableAdapter.call(Executors.java:511)
	at java.util.concurrent.FutureTask.run(FutureTask.java:266)
	at java.util.concurrent.ThreadPoolExecutor.runWorker(ThreadPoolExecutor.java:1149)
	at java.util.concurrent.ThreadPoolExecutor$Worker.run(ThreadPoolExecutor.java:624)
	at java.lang.Thread.run(Thread.java:748)
2018-04-11 10:06:29,733 INFO  SysUtils - :compileJava UP-TO-DATE
:compileGroovy

FAILURE: Build aborted because of an internal error.

* What went wrong:
Build aborted because of an unexpected internal error. Please file an issue at: http://forums.gradle.org.

* Try:
Run with --debug option to get additional debug info.

* Exception is:
java.lang.ArrayIndexOutOfBoundsException: 7
	at org.gradle.api.JavaVersion.toVersion(JavaVersion.java:60)
	at org.gradle.api.JavaVersion.current(JavaVersion.java:71)
	at org.gradle.api.JavaVersion$current.call(Unknown Source)
	at org.codehaus.groovy.runtime.callsite.CallSiteArray.defaultCall(CallSiteArray.java:42)
	at org.codehaus.groovy.runtime.callsite.AbstractCallSite.call(AbstractCallSite.java:108)
	at org.codehaus.groovy.runtime.callsite.AbstractCallSite.call(AbstractCallSite.java:112)
	at org.gradle.api.plugins.JavaPluginConvention.getSourceCompatibility(JavaPluginConvention.groovy:149)
	at sun.reflect.NativeMethodAccessorImpl.invoke0(Native Method)
	at sun.reflect.NativeMethodAccessorImpl.invoke(NativeMethodAccessorImpl.java:62)
	at sun.reflect.DelegatingMethodAccessorImpl.invoke(DelegatingMethodAccessorImpl.java:43)
	at java.lang.reflect.Method.invoke(Method.java:498)
	at org.codehaus.groovy.reflection.CachedMethod.invoke(CachedMethod.java:90)
	at groovy.lang.MetaMethod.doMethodInvoke(MetaMethod.java:233)
	at groovy.lang.MetaClassImpl$GetBeanMethodMetaProperty.getProperty(MetaClassImpl.java:3465)
	at org.codehaus.groovy.runtime.callsite.GetEffectivePogoPropertySite.getProperty(GetEffectivePogoPropertySite.java:84)
	at org.codehaus.groovy.runtime.callsite.AbstractCallSite.callGroovyObjectGetProperty(AbstractCallSite.java:231)
	at org.gradle.api.plugins.JavaPluginConvention.getTargetCompatibility(JavaPluginConvention.groovy:165)
	at org.gradle.api.plugins.JavaBasePlugin$4$2.call(JavaBasePlugin.java:167)
	at org.gradle.api.internal.ConventionAwareHelper$2.getValue(ConventionAwareHelper.java:88)
	at org.gradle.api.internal.ConventionAwareHelper$MappedPropertyImpl.getValue(ConventionAwareHelper.java:148)
	at org.gradle.api.internal.ConventionAwareHelper.getConventionValue(ConventionAwareHelper.java:118)
	at org.gradle.api.tasks.compile.GroovyCompile_Decorated.getTargetCompatibility(Unknown Source)
	at sun.reflect.NativeMethodAccessorImpl.invoke0(Native Method)
	at sun.reflect.NativeMethodAccessorImpl.invoke(NativeMethodAccessorImpl.java:62)
	at sun.reflect.DelegatingMethodAccessorImpl.invoke(DelegatingMethodAccessorImpl.java:43)
	at java.lang.reflect.Method.invoke(Method.java:498)
	at org.codehaus.groovy.reflection.CachedMethod.invoke(CachedMethod.java:90)
	at groovy.lang.MetaMethod.doMethodInvoke(MetaMethod.java:233)
	at groovy.lang.MetaClassImpl.invokeMethod(MetaClassImpl.java:1047)
	at groovy.lang.MetaClassImpl.invokeMethod(MetaClassImpl.java:877)
	at org.gradle.api.internal.BeanDynamicObject$MetaClassAdapter.invokeMethod(BeanDynamicObject.java:196)
	at org.gradle.api.internal.BeanDynamicObject.invokeMethod(BeanDynamicObject.java:102)
	at org.gradle.api.internal.CompositeDynamicObject.invokeMethod(CompositeDynamicObject.java:99)
	at org.gradle.api.tasks.compile.GroovyCompile_Decorated.invokeMethod(Unknown Source)
	at groovy.lang.GroovyObject$invokeMethod.call(Unknown Source)
	at org.gradle.util.ReflectionUtil.invoke(ReflectionUtil.groovy:23)
	at org.gradle.api.internal.project.taskfactory.AnnotationProcessingTaskFactory$PropertyInfo.getValue(AnnotationProcessingTaskFactory.java:358)
	at org.gradle.api.internal.project.taskfactory.AnnotationProcessingTaskFactory$Validator.validate(AnnotationProcessingTaskFactory.java:185)
	at org.gradle.api.internal.tasks.execution.ValidatingTaskExecuter.execute(ValidatingTaskExecuter.java:40)
	at org.gradle.api.internal.tasks.execution.SkipEmptySourceFilesTaskExecuter.execute(SkipEmptySourceFilesTaskExecuter.java:41)
	at org.gradle.api.internal.tasks.execution.SkipTaskWithNoActionsExecuter.execute(SkipTaskWithNoActionsExecuter.java:51)
	at org.gradle.api.internal.tasks.execution.SkipOnlyIfTaskExecuter.execute(SkipOnlyIfTaskExecuter.java:52)
	at org.gradle.api.internal.tasks.execution.ExecuteAtMostOnceTaskExecuter.execute(ExecuteAtMostOnceTaskExecuter.java:42)
	at org.gradle.api.internal.AbstractTask.executeWithoutThrowingTaskFailure(AbstractTask.java:247)
	at org.gradle.execution.DefaultTaskGraphExecuter.executeTask(DefaultTaskGraphExecuter.java:192)
	at org.gradle.execution.DefaultTaskGraphExecuter.doExecute(DefaultTaskGraphExecuter.java:177)
	at org.gradle.execution.DefaultTaskGraphExecuter.execute(DefaultTaskGraphExecuter.java:83)
	at org.gradle.execution.SelectedTaskExecutionAction.execute(SelectedTaskExecutionAction.java:36)
	at org.gradle.execution.DefaultBuildExecuter.execute(DefaultBuildExecuter.java:61)
	at org.gradle.execution.DefaultBuildExecuter.access$200(DefaultBuildExecuter.java:23)
	at org.gradle.execution.DefaultBuildExecuter$2.proceed(DefaultBuildExecuter.java:67)
	at org.gradle.api.internal.changedetection.TaskCacheLockHandlingBuildExecuter$1.run(TaskCacheLockHandlingBuildExecuter.java:31)
	at org.gradle.cache.internal.DefaultCacheAccess$1.create(DefaultCacheAccess.java:111)
	at org.gradle.cache.internal.DefaultCacheAccess.useCache(DefaultCacheAccess.java:126)
	at org.gradle.cache.internal.DefaultCacheAccess.useCache(DefaultCacheAccess.java:109)
	at org.gradle.cache.internal.DefaultPersistentDirectoryStore.useCache(DefaultPersistentDirectoryStore.java:103)
	at org.gradle.api.internal.changedetection.DefaultTaskArtifactStateCacheAccess.useCache(DefaultTaskArtifactStateCacheAccess.java:79)
	at org.gradle.api.internal.changedetection.TaskCacheLockHandlingBuildExecuter.execute(TaskCacheLockHandlingBuildExecuter.java:29)
	at org.gradle.execution.DefaultBuildExecuter.execute(DefaultBuildExecuter.java:61)
	at org.gradle.execution.DefaultBuildExecuter.access$200(DefaultBuildExecuter.java:23)
	at org.gradle.execution.DefaultBuildExecuter$2.proceed(DefaultBuildExecuter.java:67)
	at org.gradle.execution.DryRunBuildExecutionAction.execute(DryRunBuildExecutionAction.java:32)
	at org.gradle.execution.DefaultBuildExecuter.execute(DefaultBuildExecuter.java:61)
	at org.gradle.execution.DefaultBuildExecuter.execute(DefaultBuildExecuter.java:54)
	at org.gradle.initialization.DefaultGradleLauncher.doBuildStages(DefaultGradleLauncher.java:155)
	at org.gradle.initialization.DefaultGradleLauncher.doBuild(DefaultGradleLauncher.java:110)
	at org.gradle.initialization.DefaultGradleLauncher.run(DefaultGradleLauncher.java:78)
	at org.gradle.launcher.cli.RunBuildAction.execute(RunBuildAction.java:42)
	at org.gradle.launcher.cli.RunBuildAction.execute(RunBuildAction.java:28)
	at org.gradle.launcher.cli.CommandLineActionFactory$ParseAndBuildAction.execute(CommandLineActionFactory.java:201)
	at org.gradle.launcher.cli.CommandLineActionFactory$ParseAndBuildAction.execute(CommandLineActionFactory.java:174)
	at org.gradle.launcher.cli.CommandLineActionFactory$WithLogging.execute(CommandLineActionFactory.java:170)
	at org.gradle.launcher.cli.CommandLineActionFactory$WithLogging.execute(CommandLineActionFactory.java:139)
	at org.gradle.launcher.exec.ExceptionReportingAction.execute(ExceptionReportingAction.java:31)
	at org.gradle.launcher.exec.ExceptionReportingAction.execute(ExceptionReportingAction.java:20)
	at org.gradle.launcher.Main.doAction(Main.java:48)
	at org.gradle.launcher.exec.EntryPoint.run(EntryPoint.java:45)
	at org.gradle.launcher.Main.main(Main.java:39)
	at sun.reflect.NativeMethodAccessorImpl.invoke0(Native Method)
	at sun.reflect.NativeMethodAccessorImpl.invoke(NativeMethodAccessorImpl.java:62)
	at sun.reflect.DelegatingMethodAccessorImpl.invoke(DelegatingMethodAccessorImpl.java:43)
	at java.lang.reflect.Method.invoke(Method.java:498)
	at org.gradle.launcher.ProcessBootstrap.runNoExit(ProcessBootstrap.java:50)
	at org.gradle.launcher.ProcessBootstrap.run(ProcessBootstrap.java:32)
	at org.gradle.launcher.GradleMain.main(GradleMain.java:24)
	at sun.reflect.NativeMethodAccessorImpl.invoke0(Native Method)
	at sun.reflect.NativeMethodAccessorImpl.invoke(NativeMethodAccessorImpl.java:62)
	at sun.reflect.DelegatingMethodAccessorImpl.invoke(DelegatingMethodAccessorImpl.java:43)
	at java.lang.reflect.Method.invoke(Method.java:498)
	at org.gradle.wrapper.BootstrapMainStarter.start(BootstrapMainStarter.java:33)
	at org.gradle.wrapper.WrapperExecutor.execute(WrapperExecutor.java:130)
	at org.gradle.wrapper.GradleWrapperMain.main(GradleWrapperMain.java:47)


BUILD FAILED

Total time: 3.711 secs

2018-04-11 10:06:29,737 INFO  ProjectTaskService - Detecting possible tasks...
2018-04-11 10:06:29,737 INFO  SysUtils - Execute command: [/tmp/rdisk/170/src/gradlew, -b, /tmp/rdisk/170/src/src/integTest/resources/androidProjects/random/build.gradle, -Dorg.gradle.daemon=false, -Dorg.gradle.daemon.performance.enable-monitoring=false, -Dorg.gradle.configureondemand=true, tasks]
2018-04-11 10:06:31,835 ERROR ProjectTaskService - Could not detect possible Gradle tasks: Process exited with an error: 1 (Exit value: 1)
2018-04-11 10:06:31,835 INFO  ProjectTaskService - Detected possible tasks: 0
2018-04-11 10:06:31,835 INFO  ProjectTaskService - Excluded tasks (0): none
2018-04-11 10:06:31,835 INFO  SysUtils - Execute command: [/tmp/rdisk/170/src/gradlew, -b, /tmp/rdisk/170/src/src/integTest/resources/androidProjects/random/build.gradle, -Dorg.gradle.daemon=false, -Dorg.gradle.daemon.performance.enable-monitoring=false, -Dorg.gradle.configureondemand=true, --stacktrace, build]
2018-04-11 10:06:33,408 ERROR SysUtils - Could not process external command
org.apache.commons.exec.ExecuteException: Process exited with an error: 1 (Exit value: 1)
	at org.apache.commons.exec.DefaultExecutor.executeInternal(DefaultExecutor.java:404)
	at org.apache.commons.exec.DefaultExecutor.execute(DefaultExecutor.java:166)
	at com.github.vbauer.apkmaster.util.SysUtils.execute(SysUtils.java:67)
	at com.github.vbauer.apkmaster.util.SysUtils.executeSimple(SysUtils.java:43)
	at com.github.vbauer.apkmaster.service.assembly.ProjectBuildService.buildProject(ProjectBuildService.java:78)
	at com.github.vbauer.apkmaster.service.assembly.ProjectBuildService.buildProject(ProjectBuildService.java:64)
	at com.github.vbauer.apkmaster.service.assembly.ProjectBuildService.buildProject(ProjectBuildService.java:43)
	at com.github.vbauer.apkmaster.service.FullProcessService.build(FullProcessService.java:84)
	at com.github.vbauer.apkmaster.service.FullProcessService.process(FullProcessService.java:34)
	at com.github.vbauer.apkmaster.app.MainApplication.process(MainApplication.java:38)
	at com.github.vbauer.apkmaster.app.MainApplication.main(MainApplication.java:20)
	at sun.reflect.GeneratedMethodAccessor8.invoke(Unknown Source)
	at sun.reflect.DelegatingMethodAccessorImpl.invoke(DelegatingMethodAccessorImpl.java:43)
	at java.lang.reflect.Method.invoke(Method.java:498)
	at com.android.arsenal.util.ReflectionUtils.invoke(ReflectionUtils.java:42)
	at com.android.arsenal.util.ApkMasterUtils.main(ApkMasterUtils.java:30)
	at com.android.arsenal.service.processor.impl.BuildProcessorServiceImpl.buildProject(BuildProcessorServiceImpl.java:197)
	at com.android.arsenal.service.processor.impl.BuildProcessorServiceImpl.build(BuildProcessorServiceImpl.java:131)
	at com.android.arsenal.service.processor.impl.BuildProcessorServiceImpl.lambda$null$1(BuildProcessorServiceImpl.java:114)
	at java.util.concurrent.FutureTask.run(FutureTask.java:266)
	at java.util.concurrent.Executors$RunnableAdapter.call(Executors.java:511)
	at java.util.concurrent.FutureTask.run(FutureTask.java:266)
	at java.util.concurrent.ThreadPoolExecutor.runWorker(ThreadPoolExecutor.java:1149)
	at java.util.concurrent.ThreadPoolExecutor$Worker.run(ThreadPoolExecutor.java:624)
	at java.lang.Thread.run(Thread.java:748)
2018-04-11 10:06:33,409 INFO  SysUtils - 
FAILURE: Build failed with an exception.

* Where:
Build file '/tmp/rdisk/170/src/src/integTest/resources/androidProjects/random/build.gradle' line: 1

* What went wrong:
A problem occurred evaluating root project 'random'.
> Plugin with id 'android' not found.

* Try:
Run with --info or --debug option to get more log output.

* Exception is:
org.gradle.api.GradleScriptException: A problem occurred evaluating root project 'random'.
	at org.gradle.groovy.scripts.internal.DefaultScriptRunnerFactory$ScriptRunnerImpl.run(DefaultScriptRunnerFactory.java:54)
	at org.gradle.configuration.DefaultScriptPluginFactory$ScriptPluginImpl.apply(DefaultScriptPluginFactory.java:127)
	at org.gradle.configuration.BuildScriptProcessor.evaluate(BuildScriptProcessor.java:38)
	at org.gradle.configuration.LifecycleProjectEvaluator.evaluate(LifecycleProjectEvaluator.java:43)
	at org.gradle.api.internal.project.AbstractProject.evaluate(AbstractProject.java:462)
	at org.gradle.api.internal.project.AbstractProject.evaluate(AbstractProject.java:74)
	at org.gradle.configuration.ProjectEvaluationConfigurer.execute(ProjectEvaluationConfigurer.java:23)
	at org.gradle.configuration.ProjectEvaluationConfigurer.execute(ProjectEvaluationConfigurer.java:21)
	at org.gradle.configuration.DefaultBuildConfigurer$1.execute(DefaultBuildConfigurer.java:38)
	at org.gradle.configuration.DefaultBuildConfigurer$1.execute(DefaultBuildConfigurer.java:35)
	at org.gradle.api.internal.project.AbstractProject.configure(AbstractProject.java:438)
	at org.gradle.api.internal.project.AbstractProject.allprojects(AbstractProject.java:433)
	at org.gradle.configuration.DefaultBuildConfigurer.configure(DefaultBuildConfigurer.java:35)
	at org.gradle.initialization.DefaultGradleLauncher.doBuildStages(DefaultGradleLauncher.java:139)
	at org.gradle.initialization.DefaultGradleLauncher.doBuild(DefaultGradleLauncher.java:110)
	at org.gradle.initialization.DefaultGradleLauncher.run(DefaultGradleLauncher.java:78)
	at org.gradle.launcher.cli.RunBuildAction.execute(RunBuildAction.java:42)
	at org.gradle.launcher.cli.RunBuildAction.execute(RunBuildAction.java:28)
	at org.gradle.launcher.cli.CommandLineActionFactory$ParseAndBuildAction.execute(CommandLineActionFactory.java:201)
	at org.gradle.launcher.cli.CommandLineActionFactory$ParseAndBuildAction.execute(CommandLineActionFactory.java:174)
	at org.gradle.launcher.cli.CommandLineActionFactory$WithLogging.execute(CommandLineActionFactory.java:170)
	at org.gradle.launcher.cli.CommandLineActionFactory$WithLogging.execute(CommandLineActionFactory.java:139)
	at org.gradle.launcher.exec.ExceptionReportingAction.execute(ExceptionReportingAction.java:31)
	at org.gradle.launcher.exec.ExceptionReportingAction.execute(ExceptionReportingAction.java:20)
	at org.gradle.launcher.Main.doAction(Main.java:48)
	at org.gradle.launcher.exec.EntryPoint.run(EntryPoint.java:45)
	at org.gradle.launcher.Main.main(Main.java:39)
	at org.gradle.launcher.ProcessBootstrap.runNoExit(ProcessBootstrap.java:50)
	at org.gradle.launcher.ProcessBootstrap.run(ProcessBootstrap.java:32)
	at org.gradle.launcher.GradleMain.main(GradleMain.java:24)
	at org.gradle.wrapper.BootstrapMainStarter.start(BootstrapMainStarter.java:33)
	at org.gradle.wrapper.WrapperExecutor.execute(WrapperExecutor.java:130)
	at org.gradle.wrapper.GradleWrapperMain.main(GradleWrapperMain.java:47)
Caused by: org.gradle.api.plugins.UnknownPluginException: Plugin with id 'android' not found.
	at org.gradle.api.internal.plugins.DefaultPluginRegistry.getTypeForId(DefaultPluginRegistry.java:89)
	at org.gradle.api.internal.plugins.DefaultProjectsPluginContainer.getTypeForId(DefaultProjectsPluginContainer.java:102)
	at org.gradle.api.internal.plugins.DefaultProjectsPluginContainer.apply(DefaultProjectsPluginContainer.java:37)
	at org.gradle.api.internal.plugins.DefaultObjectConfigurationAction.applyPlugin(DefaultObjectConfigurationAction.java:101)
	at org.gradle.api.internal.plugins.DefaultObjectConfigurationAction.access$200(DefaultObjectConfigurationAction.java:32)
	at org.gradle.api.internal.plugins.DefaultObjectConfigurationAction$3.run(DefaultObjectConfigurationAction.java:72)
	at org.gradle.api.internal.plugins.DefaultObjectConfigurationAction.execute(DefaultObjectConfigurationAction.java:114)
	at org.gradle.api.internal.project.AbstractProject.apply(AbstractProject.java:840)
	at org.gradle.api.Project$apply.call(Unknown Source)
	at org.gradle.api.internal.project.ProjectScript.apply(ProjectScript.groovy:34)
	at org.gradle.api.Script$apply.callCurrent(Unknown Source)
	at build_2ucq8fdiomnjuug0v0lake7q3m.run(/tmp/rdisk/170/src/src/integTest/resources/androidProjects/random/build.gradle:1)
	at org.gradle.groovy.scripts.internal.DefaultScriptRunnerFactory$ScriptRunnerImpl.run(DefaultScriptRunnerFactory.java:52)
	... 32 more


BUILD FAILED

Total time: 1.445 secs

2018-04-11 10:06:33,413 ERROR FullProcessService - Project build has not produced APK file
2018-04-11 10:06:33,416 ERROR FullProcessService - Could not find generated or existed APK file
