2018-04-11 21:37:38,150 INFO  DownloadService - Downloading "https://github.com/telly/groundy/archive/master.zip", attempt 3
2018-04-11 21:38:38,761 INFO  GithubDownloadService - Could not find ZIP archive for master branch
2018-04-11 21:38:39,526 INFO  GithubDownloadService - Default branch of this repository: master
2018-04-11 21:38:39,526 INFO  DownloadService - Downloading "https://github.com/telly/groundy/archive/master.zip", attempt 3
2018-04-11 21:39:40,767 DEBUG FullProcessService - Repository https://github.com/telly/groundy available: true
2018-04-11 21:39:40,767 INFO  FullProcessService - Could not download ZIP file from Github, lets clone it
2018-04-11 21:39:40,767 INFO  SysUtils - Execute command: [git, clone, -q, --single-branch, --depth, 1, https://github.com/telly/groundy, /tmp/rdisk/46/src]
2018-04-11 21:39:42,447 INFO  SysUtils - 
2018-04-11 21:39:42,451 INFO  GitService - Deleted "/tmp/rdisk/46/src/.git": true
2018-04-11 21:39:42,455 INFO  FullProcessService - Size of directory with sources: 318 KB
2018-04-11 21:39:42,455 INFO  SysUtils - Execute command: [git, init, /tmp/rdisk/46/src]
2018-04-11 21:39:42,461 INFO  SysUtils - Initialized empty Git repository in /tmp/rdisk/46/src/.git/

2018-04-11 21:39:42,468 INFO  ProjectBuildService - Gradle wrapper(s): /tmp/rdisk/46/src/gradlew
2018-04-11 21:39:42,471 INFO  ProjectBuildService - Build script(s): /tmp/rdisk/46/src/examples/build.gradle /tmp/rdisk/46/src/build.gradle /tmp/rdisk/46/src/compiler/build.gradle /tmp/rdisk/46/src/library/build.gradle
2018-04-11 21:39:42,474 INFO  ProjectBuildService - All script(s): /tmp/rdisk/46/src/settings.gradle /tmp/rdisk/46/src/library/build.gradle /tmp/rdisk/46/src/examples/build.gradle /tmp/rdisk/46/src/compiler/build.gradle /tmp/rdisk/46/src/build.gradle
2018-04-11 21:39:42,474 INFO  ProjectBuildService - Remote scripts: none
2018-04-11 21:39:42,474 INFO  ProjectFixService - Fixing project...
2018-04-11 21:39:42,481 INFO  LocalPropertiesFixService - Created fake /tmp/rdisk/46/src/examples/local.properties
2018-04-11 21:39:42,481 INFO  ProjectFixService - Build info for "/tmp/rdisk/46/src/examples/build.gradle": [buildToolsVersion=19.0.0,compileSdkVersion=18,minSdkVersion=8,targetSdkVersion=18]
2018-04-11 21:39:42,481 INFO  ProjectFixService - Fixed build info for "/tmp/rdisk/46/src/examples/build.gradle": [buildToolsVersion=19.1.0,compileSdkVersion=18,minSdkVersion=8,targetSdkVersion=18]
2018-04-11 21:39:42,482 INFO  LocalPropertiesFixService - Created fake /tmp/rdisk/46/src/local.properties
2018-04-11 21:39:42,483 INFO  ProjectFixService - Build info for "/tmp/rdisk/46/src/build.gradle": [buildToolsVersion=19.1.0,compileSdkVersion=18,minSdkVersion=8,targetSdkVersion=18]
2018-04-11 21:39:42,484 INFO  LocalPropertiesFixService - Created fake /tmp/rdisk/46/src/compiler/local.properties
2018-04-11 21:39:42,485 INFO  ProjectFixService - Build info for "/tmp/rdisk/46/src/compiler/build.gradle": [buildToolsVersion=19.1.0,compileSdkVersion=18,minSdkVersion=8,targetSdkVersion=18]
2018-04-11 21:39:42,485 INFO  LocalPropertiesFixService - Created fake /tmp/rdisk/46/src/library/local.properties
2018-04-11 21:39:42,486 INFO  ProjectFixService - Build info for "/tmp/rdisk/46/src/library/build.gradle": [buildToolsVersion=19.1.0,compileSdkVersion=18,minSdkVersion=8,targetSdkVersion=18]
2018-04-11 21:39:42,486 INFO  ProjectFixService - Project was maybe fixed
2018-04-11 21:39:42,486 INFO  ProjectTaskService - Detecting possible tasks...
2018-04-11 21:39:42,486 INFO  SysUtils - Execute command: [/tmp/rdisk/46/src/gradlew, -b, /tmp/rdisk/46/src/examples/build.gradle, -Dorg.gradle.daemon=false, -Dorg.gradle.daemon.performance.enable-monitoring=false, -Dorg.gradle.configureondemand=true, tasks]
2018-04-11 21:39:42,600 ERROR ProjectTaskService - Could not detect possible Gradle tasks: Process exited with an error: 1 (Exit value: 1)
2018-04-11 21:39:42,600 INFO  ProjectTaskService - Detected possible tasks: 0
2018-04-11 21:39:42,600 INFO  ProjectTaskService - Excluded tasks (0): none
2018-04-11 21:39:42,600 INFO  SysUtils - Execute command: [/tmp/rdisk/46/src/gradlew, -b, /tmp/rdisk/46/src/examples/build.gradle, -Dorg.gradle.daemon=false, -Dorg.gradle.daemon.performance.enable-monitoring=false, -Dorg.gradle.configureondemand=true, --stacktrace, build]
2018-04-11 21:39:42,718 ERROR SysUtils - Could not process external command
org.apache.commons.exec.ExecuteException: Process exited with an error: 1 (Exit value: 1)
	at org.apache.commons.exec.DefaultExecutor.executeInternal(DefaultExecutor.java:404)
	at org.apache.commons.exec.DefaultExecutor.execute(DefaultExecutor.java:166)
	at com.github.vbauer.apkmaster.util.SysUtils.execute(SysUtils.java:67)
	at com.github.vbauer.apkmaster.util.SysUtils.executeSimple(SysUtils.java:43)
	at com.github.vbauer.apkmaster.service.assembly.ProjectBuildService.buildProject(ProjectBuildService.java:78)
	at com.github.vbauer.apkmaster.service.assembly.ProjectBuildService.buildProject(ProjectBuildService.java:64)
	at com.github.vbauer.apkmaster.service.assembly.ProjectBuildService.buildProject(ProjectBuildService.java:43)
	at com.github.vbauer.apkmaster.service.FullProcessService.build(FullProcessService.java:84)
	at com.github.vbauer.apkmaster.service.FullProcessService.process(FullProcessService.java:34)
	at com.github.vbauer.apkmaster.app.MainApplication.process(MainApplication.java:38)
	at com.github.vbauer.apkmaster.app.MainApplication.main(MainApplication.java:20)
	at sun.reflect.GeneratedMethodAccessor8.invoke(Unknown Source)
	at sun.reflect.DelegatingMethodAccessorImpl.invoke(DelegatingMethodAccessorImpl.java:43)
	at java.lang.reflect.Method.invoke(Method.java:498)
	at com.android.arsenal.util.ReflectionUtils.invoke(ReflectionUtils.java:42)
	at com.android.arsenal.util.ApkMasterUtils.main(ApkMasterUtils.java:30)
	at com.android.arsenal.service.processor.impl.BuildProcessorServiceImpl.buildProject(BuildProcessorServiceImpl.java:197)
	at com.android.arsenal.service.processor.impl.BuildProcessorServiceImpl.build(BuildProcessorServiceImpl.java:131)
	at com.android.arsenal.service.processor.impl.BuildProcessorServiceImpl.lambda$null$1(BuildProcessorServiceImpl.java:114)
	at java.util.concurrent.FutureTask.run(FutureTask.java:266)
	at java.util.concurrent.Executors$RunnableAdapter.call(Executors.java:511)
	at java.util.concurrent.FutureTask.run(FutureTask.java:266)
	at java.util.concurrent.ThreadPoolExecutor.runWorker(ThreadPoolExecutor.java:1149)
	at java.util.concurrent.ThreadPoolExecutor$Worker.run(ThreadPoolExecutor.java:624)
	at java.lang.Thread.run(Thread.java:748)
2018-04-11 21:39:42,718 INFO  SysUtils - Error: Could not find or load main class org.gradle.wrapper.GradleWrapperMain

2018-04-11 21:39:42,722 INFO  ProjectTaskService - Detecting possible tasks...
2018-04-11 21:39:42,722 INFO  SysUtils - Execute command: [/tmp/rdisk/46/src/gradlew, -b, /tmp/rdisk/46/src/build.gradle, -Dorg.gradle.daemon=false, -Dorg.gradle.daemon.performance.enable-monitoring=false, -Dorg.gradle.configureondemand=true, tasks]
2018-04-11 21:39:42,831 ERROR ProjectTaskService - Could not detect possible Gradle tasks: Process exited with an error: 1 (Exit value: 1)
2018-04-11 21:39:42,831 INFO  ProjectTaskService - Detected possible tasks: 0
2018-04-11 21:39:42,832 INFO  ProjectTaskService - Excluded tasks (0): none
2018-04-11 21:39:42,832 INFO  SysUtils - Execute command: [/tmp/rdisk/46/src/gradlew, -b, /tmp/rdisk/46/src/build.gradle, -Dorg.gradle.daemon=false, -Dorg.gradle.daemon.performance.enable-monitoring=false, -Dorg.gradle.configureondemand=true, --stacktrace, build]
2018-04-11 21:39:42,934 ERROR SysUtils - Could not process external command
org.apache.commons.exec.ExecuteException: Process exited with an error: 1 (Exit value: 1)
	at org.apache.commons.exec.DefaultExecutor.executeInternal(DefaultExecutor.java:404)
	at org.apache.commons.exec.DefaultExecutor.execute(DefaultExecutor.java:166)
	at com.github.vbauer.apkmaster.util.SysUtils.execute(SysUtils.java:67)
	at com.github.vbauer.apkmaster.util.SysUtils.executeSimple(SysUtils.java:43)
	at com.github.vbauer.apkmaster.service.assembly.ProjectBuildService.buildProject(ProjectBuildService.java:78)
	at com.github.vbauer.apkmaster.service.assembly.ProjectBuildService.buildProject(ProjectBuildService.java:64)
	at com.github.vbauer.apkmaster.service.assembly.ProjectBuildService.buildProject(ProjectBuildService.java:43)
	at com.github.vbauer.apkmaster.service.FullProcessService.build(FullProcessService.java:84)
	at com.github.vbauer.apkmaster.service.FullProcessService.process(FullProcessService.java:34)
	at com.github.vbauer.apkmaster.app.MainApplication.process(MainApplication.java:38)
	at com.github.vbauer.apkmaster.app.MainApplication.main(MainApplication.java:20)
	at sun.reflect.GeneratedMethodAccessor8.invoke(Unknown Source)
	at sun.reflect.DelegatingMethodAccessorImpl.invoke(DelegatingMethodAccessorImpl.java:43)
	at java.lang.reflect.Method.invoke(Method.java:498)
	at com.android.arsenal.util.ReflectionUtils.invoke(ReflectionUtils.java:42)
	at com.android.arsenal.util.ApkMasterUtils.main(ApkMasterUtils.java:30)
	at com.android.arsenal.service.processor.impl.BuildProcessorServiceImpl.buildProject(BuildProcessorServiceImpl.java:197)
	at com.android.arsenal.service.processor.impl.BuildProcessorServiceImpl.build(BuildProcessorServiceImpl.java:131)
	at com.android.arsenal.service.processor.impl.BuildProcessorServiceImpl.lambda$null$1(BuildProcessorServiceImpl.java:114)
	at java.util.concurrent.FutureTask.run(FutureTask.java:266)
	at java.util.concurrent.Executors$RunnableAdapter.call(Executors.java:511)
	at java.util.concurrent.FutureTask.run(FutureTask.java:266)
	at java.util.concurrent.ThreadPoolExecutor.runWorker(ThreadPoolExecutor.java:1149)
	at java.util.concurrent.ThreadPoolExecutor$Worker.run(ThreadPoolExecutor.java:624)
	at java.lang.Thread.run(Thread.java:748)
2018-04-11 21:39:42,934 INFO  SysUtils - Error: Could not find or load main class org.gradle.wrapper.GradleWrapperMain

2018-04-11 21:39:42,937 INFO  ProjectTaskService - Detecting possible tasks...
2018-04-11 21:39:42,937 INFO  SysUtils - Execute command: [/tmp/rdisk/46/src/gradlew, -b, /tmp/rdisk/46/src/compiler/build.gradle, -Dorg.gradle.daemon=false, -Dorg.gradle.daemon.performance.enable-monitoring=false, -Dorg.gradle.configureondemand=true, tasks]
2018-04-11 21:39:43,041 ERROR ProjectTaskService - Could not detect possible Gradle tasks: Process exited with an error: 1 (Exit value: 1)
2018-04-11 21:39:43,041 INFO  ProjectTaskService - Detected possible tasks: 0
2018-04-11 21:39:43,041 INFO  ProjectTaskService - Excluded tasks (0): none
2018-04-11 21:39:43,041 INFO  SysUtils - Execute command: [/tmp/rdisk/46/src/gradlew, -b, /tmp/rdisk/46/src/compiler/build.gradle, -Dorg.gradle.daemon=false, -Dorg.gradle.daemon.performance.enable-monitoring=false, -Dorg.gradle.configureondemand=true, --stacktrace, build]
2018-04-11 21:39:43,143 ERROR SysUtils - Could not process external command
org.apache.commons.exec.ExecuteException: Process exited with an error: 1 (Exit value: 1)
	at org.apache.commons.exec.DefaultExecutor.executeInternal(DefaultExecutor.java:404)
	at org.apache.commons.exec.DefaultExecutor.execute(DefaultExecutor.java:166)
	at com.github.vbauer.apkmaster.util.SysUtils.execute(SysUtils.java:67)
	at com.github.vbauer.apkmaster.util.SysUtils.executeSimple(SysUtils.java:43)
	at com.github.vbauer.apkmaster.service.assembly.ProjectBuildService.buildProject(ProjectBuildService.java:78)
	at com.github.vbauer.apkmaster.service.assembly.ProjectBuildService.buildProject(ProjectBuildService.java:64)
	at com.github.vbauer.apkmaster.service.assembly.ProjectBuildService.buildProject(ProjectBuildService.java:43)
	at com.github.vbauer.apkmaster.service.FullProcessService.build(FullProcessService.java:84)
	at com.github.vbauer.apkmaster.service.FullProcessService.process(FullProcessService.java:34)
	at com.github.vbauer.apkmaster.app.MainApplication.process(MainApplication.java:38)
	at com.github.vbauer.apkmaster.app.MainApplication.main(MainApplication.java:20)
	at sun.reflect.GeneratedMethodAccessor8.invoke(Unknown Source)
	at sun.reflect.DelegatingMethodAccessorImpl.invoke(DelegatingMethodAccessorImpl.java:43)
	at java.lang.reflect.Method.invoke(Method.java:498)
	at com.android.arsenal.util.ReflectionUtils.invoke(ReflectionUtils.java:42)
	at com.android.arsenal.util.ApkMasterUtils.main(ApkMasterUtils.java:30)
	at com.android.arsenal.service.processor.impl.BuildProcessorServiceImpl.buildProject(BuildProcessorServiceImpl.java:197)
	at com.android.arsenal.service.processor.impl.BuildProcessorServiceImpl.build(BuildProcessorServiceImpl.java:131)
	at com.android.arsenal.service.processor.impl.BuildProcessorServiceImpl.lambda$null$1(BuildProcessorServiceImpl.java:114)
	at java.util.concurrent.FutureTask.run(FutureTask.java:266)
	at java.util.concurrent.Executors$RunnableAdapter.call(Executors.java:511)
	at java.util.concurrent.FutureTask.run(FutureTask.java:266)
	at java.util.concurrent.ThreadPoolExecutor.runWorker(ThreadPoolExecutor.java:1149)
	at java.util.concurrent.ThreadPoolExecutor$Worker.run(ThreadPoolExecutor.java:624)
	at java.lang.Thread.run(Thread.java:748)
2018-04-11 21:39:43,143 INFO  SysUtils - Error: Could not find or load main class org.gradle.wrapper.GradleWrapperMain

2018-04-11 21:39:43,146 INFO  ProjectTaskService - Detecting possible tasks...
2018-04-11 21:39:43,146 INFO  SysUtils - Execute command: [/tmp/rdisk/46/src/gradlew, -b, /tmp/rdisk/46/src/library/build.gradle, -Dorg.gradle.daemon=false, -Dorg.gradle.daemon.performance.enable-monitoring=false, -Dorg.gradle.configureondemand=true, tasks]
2018-04-11 21:39:43,246 ERROR ProjectTaskService - Could not detect possible Gradle tasks: Process exited with an error: 1 (Exit value: 1)
2018-04-11 21:39:43,246 INFO  ProjectTaskService - Detected possible tasks: 0
2018-04-11 21:39:43,246 INFO  ProjectTaskService - Excluded tasks (0): none
2018-04-11 21:39:43,247 INFO  SysUtils - Execute command: [/tmp/rdisk/46/src/gradlew, -b, /tmp/rdisk/46/src/library/build.gradle, -Dorg.gradle.daemon=false, -Dorg.gradle.daemon.performance.enable-monitoring=false, -Dorg.gradle.configureondemand=true, --stacktrace, build]
2018-04-11 21:39:43,343 ERROR SysUtils - Could not process external command
org.apache.commons.exec.ExecuteException: Process exited with an error: 1 (Exit value: 1)
	at org.apache.commons.exec.DefaultExecutor.executeInternal(DefaultExecutor.java:404)
	at org.apache.commons.exec.DefaultExecutor.execute(DefaultExecutor.java:166)
	at com.github.vbauer.apkmaster.util.SysUtils.execute(SysUtils.java:67)
	at com.github.vbauer.apkmaster.util.SysUtils.executeSimple(SysUtils.java:43)
	at com.github.vbauer.apkmaster.service.assembly.ProjectBuildService.buildProject(ProjectBuildService.java:78)
	at com.github.vbauer.apkmaster.service.assembly.ProjectBuildService.buildProject(ProjectBuildService.java:64)
	at com.github.vbauer.apkmaster.service.assembly.ProjectBuildService.buildProject(ProjectBuildService.java:43)
	at com.github.vbauer.apkmaster.service.FullProcessService.build(FullProcessService.java:84)
	at com.github.vbauer.apkmaster.service.FullProcessService.process(FullProcessService.java:34)
	at com.github.vbauer.apkmaster.app.MainApplication.process(MainApplication.java:38)
	at com.github.vbauer.apkmaster.app.MainApplication.main(MainApplication.java:20)
	at sun.reflect.GeneratedMethodAccessor8.invoke(Unknown Source)
	at sun.reflect.DelegatingMethodAccessorImpl.invoke(DelegatingMethodAccessorImpl.java:43)
	at java.lang.reflect.Method.invoke(Method.java:498)
	at com.android.arsenal.util.ReflectionUtils.invoke(ReflectionUtils.java:42)
	at com.android.arsenal.util.ApkMasterUtils.main(ApkMasterUtils.java:30)
	at com.android.arsenal.service.processor.impl.BuildProcessorServiceImpl.buildProject(BuildProcessorServiceImpl.java:197)
	at com.android.arsenal.service.processor.impl.BuildProcessorServiceImpl.build(BuildProcessorServiceImpl.java:131)
	at com.android.arsenal.service.processor.impl.BuildProcessorServiceImpl.lambda$null$1(BuildProcessorServiceImpl.java:114)
	at java.util.concurrent.FutureTask.run(FutureTask.java:266)
	at java.util.concurrent.Executors$RunnableAdapter.call(Executors.java:511)
	at java.util.concurrent.FutureTask.run(FutureTask.java:266)
	at java.util.concurrent.ThreadPoolExecutor.runWorker(ThreadPoolExecutor.java:1149)
	at java.util.concurrent.ThreadPoolExecutor$Worker.run(ThreadPoolExecutor.java:624)
	at java.lang.Thread.run(Thread.java:748)
2018-04-11 21:39:43,343 INFO  SysUtils - Error: Could not find or load main class org.gradle.wrapper.GradleWrapperMain

2018-04-11 21:39:43,346 ERROR FullProcessService - Project build has not produced APK file
2018-04-11 21:39:43,349 ERROR FullProcessService - Could not find generated or existed APK file
