2018-05-15 05:47:33,287 INFO  DownloadService - Downloading "https://github.com/passy/Android-DirectoryChooser/archive/master.zip", attempt 3
2018-05-15 05:48:33,922 INFO  GithubDownloadService - Could not find ZIP archive for master branch
2018-05-15 05:48:34,974 INFO  GithubDownloadService - Default branch of this repository: master
2018-05-15 05:48:34,975 INFO  DownloadService - Downloading "https://github.com/passy/Android-DirectoryChooser/archive/master.zip", attempt 3
2018-05-15 05:49:36,334 DEBUG FullProcessService - Repository https://github.com/passy/Android-DirectoryChooser available: true
2018-05-15 05:49:36,335 INFO  FullProcessService - Could not download ZIP file from Github, lets clone it
2018-05-15 05:49:36,335 INFO  SysUtils - Execute command: [git, clone, -q, --single-branch, --depth, 1, https://github.com/passy/Android-DirectoryChooser, /tmp/rdisk/159/src]
2018-05-15 05:49:38,948 INFO  SysUtils - 
2018-05-15 05:49:38,954 INFO  GitService - Deleted "/tmp/rdisk/159/src/.git": true
2018-05-15 05:49:38,959 INFO  FullProcessService - Size of directory with sources: 1 MB
2018-05-15 05:49:38,959 INFO  SysUtils - Execute command: [git, init, /tmp/rdisk/159/src]
2018-05-15 05:49:38,965 INFO  SysUtils - Initialized empty Git repository in /tmp/rdisk/159/src/.git/

2018-05-15 05:49:38,968 INFO  ProjectBuildService - Gradle wrapper(s): /tmp/rdisk/159/src/gradlew
2018-05-15 05:49:38,973 INFO  ProjectBuildService - Build script(s): /tmp/rdisk/159/src/library/build.gradle /tmp/rdisk/159/src/sample/build.gradle /tmp/rdisk/159/src/build.gradle
2018-05-15 05:49:38,977 INFO  ProjectBuildService - All script(s): /tmp/rdisk/159/src/settings.gradle /tmp/rdisk/159/src/sample/build.gradle /tmp/rdisk/159/src/library/build.gradle /tmp/rdisk/159/src/build.gradle
2018-05-15 05:49:38,978 INFO  DownloadService - Downloading "https://raw.githubusercontent.com/robbypond/gradle-mvn-push/8f35c0555e9c71154c08dfde9397340099f8dc9f/gradle-mvn-push.gradle", attempt 3
2018-05-15 05:49:39,598 INFO  DownloadService - Downloaded https://raw.githubusercontent.com/robbypond/gradle-mvn-push/8f35c0555e9c71154c08dfde9397340099f8dc9f/gradle-mvn-push.gradle, attempt 3
2018-05-15 05:49:39,598 INFO  ProjectBuildService - Remote scripts: https://raw.githubusercontent.com/robbypond/gradle-mvn-push/8f35c0555e9c71154c08dfde9397340099f8dc9f/gradle-mvn-push.gradle
2018-05-15 05:49:39,598 INFO  ProjectFixService - Fixing project...
2018-05-15 05:49:39,612 INFO  LocalPropertiesFixService - Created fake /tmp/rdisk/159/src/library/local.properties
2018-05-15 05:49:39,613 INFO  ProjectFixService - Build info for "/tmp/rdisk/159/src/library/build.gradle": [buildToolsVersion=25.0.2,compileSdkVersion=25,minSdkVersion=11,targetSdkVersion=22]
2018-05-15 05:49:39,613 INFO  LocalPropertiesFixService - Created fake /tmp/rdisk/159/src/sample/local.properties
2018-05-15 05:49:39,614 INFO  ProjectFixService - Build info for "/tmp/rdisk/159/src/sample/build.gradle": [buildToolsVersion=25.0.2,compileSdkVersion=25,minSdkVersion=14,targetSdkVersion=22]
2018-05-15 05:49:39,614 INFO  LocalPropertiesFixService - Created fake /tmp/rdisk/159/src/local.properties
2018-05-15 05:49:39,614 INFO  WrapperPropertiesFixService - Gradle wrapper: http://services.gradle.org/distributions/gradle-3.4.1-all.zip
2018-05-15 05:49:39,615 INFO  WrapperPropertiesFixService - Gradle wrapper was changed from "-all.zip" to "-bin.zip" (http://services.gradle.org/distributions/gradle-3.4.1-bin.zip)
2018-05-15 05:49:39,616 INFO  ProjectFixService - Build info for "/tmp/rdisk/159/src/build.gradle": [buildToolsVersion=25.0.2,compileSdkVersion=25,minSdkVersion=14,targetSdkVersion=22]
2018-05-15 05:49:39,616 INFO  ProjectFixService - Project was maybe fixed
2018-05-15 05:49:39,616 INFO  ProjectTaskService - Detecting possible tasks...
2018-05-15 05:49:39,616 INFO  SysUtils - Execute command: [/tmp/rdisk/159/src/gradlew, -b, /tmp/rdisk/159/src/library/build.gradle, -Dorg.gradle.daemon=false, -Dorg.gradle.daemon.performance.enable-monitoring=false, -Dorg.gradle.configureondemand=true, tasks]
2018-05-15 05:49:52,124 INFO  ProjectTaskService - Detected possible tasks: 71
2018-05-15 05:49:52,124 INFO  ProjectTaskService - Excluded tasks (19): lintDebug mockableAndroidJar androidJavadocs deviceCheck lint androidSourcesJar testReleaseUnitTest deviceAndroidTest uninstallDebugAndroidTest installDebugAndroidTest connectedCheck connectedDebugAndroidTest uninstallAll androidJavadocsJar test check testDebugUnitTest connectedAndroidTest lintRelease
2018-05-15 05:49:52,124 INFO  SysUtils - Execute command: [/tmp/rdisk/159/src/gradlew, -b, /tmp/rdisk/159/src/library/build.gradle, -Dorg.gradle.daemon=false, -Dorg.gradle.daemon.performance.enable-monitoring=false, -Dorg.gradle.configureondemand=true, --stacktrace, -x, lintDebug, -x, mockableAndroidJar, -x, androidJavadocs, -x, deviceCheck, -x, lint, -x, androidSourcesJar, -x, testReleaseUnitTest, -x, deviceAndroidTest, -x, uninstallDebugAndroidTest, -x, installDebugAndroidTest, -x, connectedCheck, -x, connectedDebugAndroidTest, -x, uninstallAll, -x, androidJavadocsJar, -x, test, -x, check, -x, testDebugUnitTest, -x, connectedAndroidTest, -x, lintRelease, build]
2018-05-15 05:50:07,965 INFO  SysUtils - Configuration on demand is an incubating feature.
:library:preBuild UP-TO-DATE
:library:preDebugBuild UP-TO-DATE
:library:checkDebugManifest
:library:preDebugAndroidTestBuild UP-TO-DATE
:library:preDebugUnitTestBuild UP-TO-DATE
:library:preReleaseBuild UP-TO-DATE
:library:preReleaseUnitTestBuild UP-TO-DATE
:library:prepareComAndroidSupportAnimatedVectorDrawable2531Library
:library:prepareComAndroidSupportAppcompatV72531Library
:library:prepareComAndroidSupportSupportCompat2531Library
:library:prepareComAndroidSupportSupportCoreUi2531Library
:library:prepareComAndroidSupportSupportCoreUtils2531Library
:library:prepareComAndroidSupportSupportFragment2531Library
:library:prepareComAndroidSupportSupportMediaCompat2531Library
:library:prepareComAndroidSupportSupportV42531Library
:library:prepareComAndroidSupportSupportVectorDrawable2531Library
:library:prepareDebugDependencies
:library:compileDebugAidl
:library:compileDebugNdk NO-SOURCE
:library:compileLint
:library:copyDebugLint NO-SOURCE
:library:compileDebugRenderscript
:library:generateDebugBuildConfig
:library:generateDebugResValues
:library:generateDebugResources
:library:mergeDebugResources
:library:processDebugManifest
:library:processDebugResources
:library:generateDebugSources
:library:incrementalDebugJavaCompilationSafeguard
:library:javaPreCompileDebug
:library:compileDebugJavaWithJavacNote: /tmp/rdisk/159/src/library/src/main/java/net/rdrei/android/dirchooser/DirectoryChooserFragment.java uses or overrides a deprecated API.
Note: Recompile with -Xlint:deprecation for details.

:library:extractDebugAnnotations
:library:mergeDebugShaders
:library:compileDebugShaders
:library:generateDebugAssets
:library:mergeDebugAssets
:library:mergeDebugProguardFiles
:library:packageDebugRenderscript NO-SOURCE
:library:packageDebugResources
:library:processDebugJavaRes NO-SOURCE
:library:transformResourcesWithMergeJavaResForDebug
:library:transformClassesAndResourcesWithSyncLibJarsForDebug
:library:mergeDebugJniLibFolders
:library:transformNativeLibsWithMergeJniLibsForDebug
:library:transformNativeLibsWithStripDebugSymbolForDebug
:library:transformNativeLibsWithSyncJniLibsForDebug
:library:bundleDebug
:library:compileDebugSources
:library:assembleDebug
:library:checkReleaseManifest
:library:prepareReleaseDependencies
:library:compileReleaseAidl
:library:compileReleaseNdk NO-SOURCE
:library:copyReleaseLint NO-SOURCE
:library:compileReleaseRenderscript
:library:generateReleaseBuildConfig
:library:generateReleaseResValues
:library:generateReleaseResources
:library:mergeReleaseResources
:library:processReleaseManifest
:library:processReleaseResources
:library:generateReleaseSources
:library:incrementalReleaseJavaCompilationSafeguard
:library:javaPreCompileRelease
:library:compileReleaseJavaWithJavacNote: /tmp/rdisk/159/src/library/src/main/java/net/rdrei/android/dirchooser/DirectoryChooserFragment.java uses or overrides a deprecated API.
Note: Recompile with -Xlint:deprecation for details.

:library:extractReleaseAnnotations
:library:mergeReleaseShaders
:library:compileReleaseShaders
:library:generateReleaseAssets
:library:mergeReleaseAssets
:library:mergeReleaseProguardFiles
:library:packageReleaseRenderscript NO-SOURCE
:library:packageReleaseResources
:library:processReleaseJavaRes NO-SOURCE
:library:transformResourcesWithMergeJavaResForRelease
:library:transformClassesAndResourcesWithSyncLibJarsForRelease
:library:mergeReleaseJniLibFolders
:library:transformNativeLibsWithMergeJniLibsForRelease
:library:transformNativeLibsWithStripDebugSymbolForRelease
:library:transformNativeLibsWithSyncJniLibsForRelease
:library:bundleRelease
:library:compileReleaseSources
:library:assembleRelease
:library:signArchives SKIPPED
:library:assemble
:library:build

BUILD SUCCESSFUL

Total time: 15.628 secs

2018-05-15 05:50:08,021 INFO  ProjectTaskService - Detecting possible tasks...
2018-05-15 05:50:08,021 INFO  SysUtils - Execute command: [/tmp/rdisk/159/src/gradlew, -b, /tmp/rdisk/159/src/sample/build.gradle, -Dorg.gradle.daemon=false, -Dorg.gradle.daemon.performance.enable-monitoring=false, -Dorg.gradle.configureondemand=true, tasks]
2018-05-15 05:50:16,759 INFO  ProjectTaskService - Detected possible tasks: 69
2018-05-15 05:50:16,760 INFO  ProjectTaskService - Excluded tasks (22): lintDebug mockableAndroidJar androidJavadocs deviceCheck lint androidSourcesJar testReleaseUnitTest uninstallRelease deviceAndroidTest uninstallDebugAndroidTest installDebugAndroidTest connectedCheck connectedDebugAndroidTest uninstallAll androidJavadocsJar test check testDebugUnitTest connectedAndroidTest installDebug lintRelease uninstallDebug
2018-05-15 05:50:16,760 INFO  SysUtils - Execute command: [/tmp/rdisk/159/src/gradlew, -b, /tmp/rdisk/159/src/sample/build.gradle, -Dorg.gradle.daemon=false, -Dorg.gradle.daemon.performance.enable-monitoring=false, -Dorg.gradle.configureondemand=true, --stacktrace, -x, lintDebug, -x, mockableAndroidJar, -x, androidJavadocs, -x, deviceCheck, -x, lint, -x, androidSourcesJar, -x, testReleaseUnitTest, -x, uninstallRelease, -x, deviceAndroidTest, -x, uninstallDebugAndroidTest, -x, installDebugAndroidTest, -x, connectedCheck, -x, connectedDebugAndroidTest, -x, uninstallAll, -x, androidJavadocsJar, -x, test, -x, check, -x, testDebugUnitTest, -x, connectedAndroidTest, -x, installDebug, -x, lintRelease, -x, uninstallDebug, build]
2018-05-15 05:50:24,604 ERROR SysUtils - Could not process external command
org.apache.commons.exec.ExecuteException: Process exited with an error: 1 (Exit value: 1)
	at org.apache.commons.exec.DefaultExecutor.executeInternal(DefaultExecutor.java:404)
	at org.apache.commons.exec.DefaultExecutor.execute(DefaultExecutor.java:166)
	at com.github.vbauer.apkmaster.util.SysUtils.execute(SysUtils.java:67)
	at com.github.vbauer.apkmaster.util.SysUtils.executeSimple(SysUtils.java:43)
	at com.github.vbauer.apkmaster.service.assembly.ProjectBuildService.buildProject(ProjectBuildService.java:78)
	at com.github.vbauer.apkmaster.service.assembly.ProjectBuildService.buildProject(ProjectBuildService.java:64)
	at com.github.vbauer.apkmaster.service.assembly.ProjectBuildService.buildProject(ProjectBuildService.java:43)
	at com.github.vbauer.apkmaster.service.FullProcessService.build(FullProcessService.java:84)
	at com.github.vbauer.apkmaster.service.FullProcessService.process(FullProcessService.java:34)
	at com.github.vbauer.apkmaster.app.MainApplication.process(MainApplication.java:38)
	at com.github.vbauer.apkmaster.app.MainApplication.main(MainApplication.java:20)
	at sun.reflect.GeneratedMethodAccessor9.invoke(Unknown Source)
	at sun.reflect.DelegatingMethodAccessorImpl.invoke(DelegatingMethodAccessorImpl.java:43)
	at java.lang.reflect.Method.invoke(Method.java:498)
	at com.android.arsenal.util.ReflectionUtils.invoke(ReflectionUtils.java:42)
	at com.android.arsenal.util.ApkMasterUtils.main(ApkMasterUtils.java:30)
	at com.android.arsenal.service.processor.impl.BuildProcessorServiceImpl.buildProject(BuildProcessorServiceImpl.java:197)
	at com.android.arsenal.service.processor.impl.BuildProcessorServiceImpl.build(BuildProcessorServiceImpl.java:131)
	at com.android.arsenal.service.processor.impl.BuildProcessorServiceImpl.lambda$null$1(BuildProcessorServiceImpl.java:114)
	at java.util.concurrent.FutureTask.run(FutureTask.java:266)
	at java.util.concurrent.Executors$RunnableAdapter.call(Executors.java:511)
	at java.util.concurrent.FutureTask.run(FutureTask.java:266)
	at java.util.concurrent.ThreadPoolExecutor.runWorker(ThreadPoolExecutor.java:1149)
	at java.util.concurrent.ThreadPoolExecutor$Worker.run(ThreadPoolExecutor.java:624)
	at java.lang.Thread.run(Thread.java:748)
2018-05-15 05:50:24,604 INFO  SysUtils - Configuration on demand is an incubating feature.

FAILURE: Build failed with an exception.

* What went wrong:
Task 'androidJavadocs' not found in project ':sample'.

* Try:
Run gradlew tasks to get a list of available tasks. Run with --info or --debug option to get more log output.

* Exception is:
org.gradle.execution.TaskSelectionException: Task 'androidJavadocs' not found in project ':sample'.
	at org.gradle.execution.TaskSelector.getSelection(TaskSelector.java:116)
	at org.gradle.execution.TaskSelector.getFilter(TaskSelector.java:66)
	at org.gradle.execution.ExcludedTaskFilteringBuildConfigurationAction.configure(ExcludedTaskFilteringBuildConfigurationAction.java:42)
	at org.gradle.execution.DefaultBuildConfigurationActionExecuter.configure(DefaultBuildConfigurationActionExecuter.java:48)
	at org.gradle.execution.DefaultBuildConfigurationActionExecuter.select(DefaultBuildConfigurationActionExecuter.java:36)
	at org.gradle.initialization.DefaultGradleLauncher$CalculateTaskGraphAction.execute(DefaultGradleLauncher.java:246)
	at org.gradle.initialization.DefaultGradleLauncher$CalculateTaskGraphAction.execute(DefaultGradleLauncher.java:243)
	at org.gradle.internal.Transformers$4.transform(Transformers.java:169)
	at org.gradle.internal.progress.DefaultBuildOperationExecutor.run(DefaultBuildOperationExecutor.java:106)
	at org.gradle.internal.progress.DefaultBuildOperationExecutor.run(DefaultBuildOperationExecutor.java:56)
	at org.gradle.initialization.DefaultGradleLauncher.doBuildStages(DefaultGradleLauncher.java:172)
	at org.gradle.initialization.DefaultGradleLauncher.doBuild(DefaultGradleLauncher.java:119)
	at org.gradle.initialization.DefaultGradleLauncher.run(DefaultGradleLauncher.java:102)
	at org.gradle.launcher.exec.GradleBuildController.run(GradleBuildController.java:71)
	at org.gradle.tooling.internal.provider.ExecuteBuildActionRunner.run(ExecuteBuildActionRunner.java:28)
	at org.gradle.launcher.exec.ChainingBuildActionRunner.run(ChainingBuildActionRunner.java:35)
	at org.gradle.launcher.exec.InProcessBuildActionExecuter.execute(InProcessBuildActionExecuter.java:41)
	at org.gradle.launcher.exec.InProcessBuildActionExecuter.execute(InProcessBuildActionExecuter.java:26)
	at org.gradle.tooling.internal.provider.ContinuousBuildActionExecuter.execute(ContinuousBuildActionExecuter.java:75)
	at org.gradle.tooling.internal.provider.ContinuousBuildActionExecuter.execute(ContinuousBuildActionExecuter.java:49)
	at org.gradle.tooling.internal.provider.ServicesSetupBuildActionExecuter.execute(ServicesSetupBuildActionExecuter.java:49)
	at org.gradle.tooling.internal.provider.ServicesSetupBuildActionExecuter.execute(ServicesSetupBuildActionExecuter.java:31)
	at org.gradle.launcher.cli.RunBuildAction.run(RunBuildAction.java:51)
	at org.gradle.internal.Actions$RunnableActionAdapter.execute(Actions.java:173)
	at org.gradle.launcher.cli.CommandLineActionFactory$ParseAndBuildAction.execute(CommandLineActionFactory.java:244)
	at org.gradle.launcher.cli.CommandLineActionFactory$ParseAndBuildAction.execute(CommandLineActionFactory.java:217)
	at org.gradle.launcher.cli.JavaRuntimeValidationAction.execute(JavaRuntimeValidationAction.java:33)
	at org.gradle.launcher.cli.JavaRuntimeValidationAction.execute(JavaRuntimeValidationAction.java:24)
	at org.gradle.launcher.cli.ExceptionReportingAction.execute(ExceptionReportingAction.java:33)
	at org.gradle.launcher.cli.ExceptionReportingAction.execute(ExceptionReportingAction.java:22)
	at org.gradle.launcher.cli.CommandLineActionFactory$WithLogging.execute(CommandLineActionFactory.java:210)
	at org.gradle.launcher.cli.CommandLineActionFactory$WithLogging.execute(CommandLineActionFactory.java:174)
	at org.gradle.launcher.Main.doAction(Main.java:33)
	at org.gradle.launcher.bootstrap.EntryPoint.run(EntryPoint.java:45)
	at org.gradle.launcher.bootstrap.ProcessBootstrap.runNoExit(ProcessBootstrap.java:60)
	at org.gradle.launcher.bootstrap.ProcessBootstrap.run(ProcessBootstrap.java:37)
	at org.gradle.launcher.GradleMain.main(GradleMain.java:23)
	at org.gradle.wrapper.BootstrapMainStarter.start(BootstrapMainStarter.java:30)
	at org.gradle.wrapper.WrapperExecutor.execute(WrapperExecutor.java:127)
	at org.gradle.wrapper.GradleWrapperMain.main(GradleWrapperMain.java:61)


BUILD FAILED

Total time: 7.624 secs

2018-05-15 05:50:24,604 ERROR ProjectBuildService - Excluded tasks were detected wrong
2018-05-15 05:50:24,604 INFO  SysUtils - Execute command: [/tmp/rdisk/159/src/gradlew, -b, /tmp/rdisk/159/src/sample/build.gradle, -Dorg.gradle.daemon=false, -Dorg.gradle.daemon.performance.enable-monitoring=false, -Dorg.gradle.configureondemand=true, --stacktrace, build]
2018-05-15 05:50:53,209 ERROR SysUtils - Could not process external command
org.apache.commons.exec.ExecuteException: Process exited with an error: 1 (Exit value: 1)
	at org.apache.commons.exec.DefaultExecutor.executeInternal(DefaultExecutor.java:404)
	at org.apache.commons.exec.DefaultExecutor.execute(DefaultExecutor.java:166)
	at com.github.vbauer.apkmaster.util.SysUtils.execute(SysUtils.java:67)
	at com.github.vbauer.apkmaster.util.SysUtils.executeSimple(SysUtils.java:43)
	at com.github.vbauer.apkmaster.service.assembly.ProjectBuildService.buildProject(ProjectBuildService.java:78)
	at com.github.vbauer.apkmaster.service.assembly.ProjectBuildService.buildProject(ProjectBuildService.java:69)
	at com.github.vbauer.apkmaster.service.assembly.ProjectBuildService.buildProject(ProjectBuildService.java:43)
	at com.github.vbauer.apkmaster.service.FullProcessService.build(FullProcessService.java:84)
	at com.github.vbauer.apkmaster.service.FullProcessService.process(FullProcessService.java:34)
	at com.github.vbauer.apkmaster.app.MainApplication.process(MainApplication.java:38)
	at com.github.vbauer.apkmaster.app.MainApplication.main(MainApplication.java:20)
	at sun.reflect.GeneratedMethodAccessor9.invoke(Unknown Source)
	at sun.reflect.DelegatingMethodAccessorImpl.invoke(DelegatingMethodAccessorImpl.java:43)
	at java.lang.reflect.Method.invoke(Method.java:498)
	at com.android.arsenal.util.ReflectionUtils.invoke(ReflectionUtils.java:42)
	at com.android.arsenal.util.ApkMasterUtils.main(ApkMasterUtils.java:30)
	at com.android.arsenal.service.processor.impl.BuildProcessorServiceImpl.buildProject(BuildProcessorServiceImpl.java:197)
	at com.android.arsenal.service.processor.impl.BuildProcessorServiceImpl.build(BuildProcessorServiceImpl.java:131)
	at com.android.arsenal.service.processor.impl.BuildProcessorServiceImpl.lambda$null$1(BuildProcessorServiceImpl.java:114)
	at java.util.concurrent.FutureTask.run(FutureTask.java:266)
	at java.util.concurrent.Executors$RunnableAdapter.call(Executors.java:511)
	at java.util.concurrent.FutureTask.run(FutureTask.java:266)
	at java.util.concurrent.ThreadPoolExecutor.runWorker(ThreadPoolExecutor.java:1149)
	at java.util.concurrent.ThreadPoolExecutor$Worker.run(ThreadPoolExecutor.java:624)
	at java.lang.Thread.run(Thread.java:748)
2018-05-15 05:50:53,210 INFO  SysUtils - Configuration on demand is an incubating feature.
:library:preBuild UP-TO-DATE
:library:preReleaseBuild UP-TO-DATE
:library:checkReleaseManifest
:library:preDebugAndroidTestBuild UP-TO-DATE
:library:preDebugBuild UP-TO-DATE
:library:preDebugUnitTestBuild UP-TO-DATE
:library:preReleaseUnitTestBuild UP-TO-DATE
:library:prepareComAndroidSupportAnimatedVectorDrawable2531Library
:library:prepareComAndroidSupportAppcompatV72531Library
:library:prepareComAndroidSupportSupportCompat2531Library
:library:prepareComAndroidSupportSupportCoreUi2531Library
:library:prepareComAndroidSupportSupportCoreUtils2531Library
:library:prepareComAndroidSupportSupportFragment2531Library
:library:prepareComAndroidSupportSupportMediaCompat2531Library
:library:prepareComAndroidSupportSupportV42531Library
:library:prepareComAndroidSupportSupportVectorDrawable2531Library
:library:prepareReleaseDependencies
:library:compileReleaseAidl UP-TO-DATE
:library:compileReleaseNdk NO-SOURCE
:library:compileLint UP-TO-DATE
:library:copyReleaseLint NO-SOURCE
:library:compileReleaseRenderscript UP-TO-DATE
:library:generateReleaseBuildConfig UP-TO-DATE
:library:generateReleaseResValues UP-TO-DATE
:library:generateReleaseResources UP-TO-DATE
:library:mergeReleaseResources UP-TO-DATE
:library:processReleaseManifest UP-TO-DATE
:library:processReleaseResources UP-TO-DATE
:library:generateReleaseSources UP-TO-DATE
:library:incrementalReleaseJavaCompilationSafeguard UP-TO-DATE
:library:javaPreCompileRelease
:library:compileReleaseJavaWithJavac UP-TO-DATE
:library:extractReleaseAnnotations UP-TO-DATE
:library:mergeReleaseShaders UP-TO-DATE
:library:compileReleaseShaders UP-TO-DATE
:library:generateReleaseAssets UP-TO-DATE
:library:mergeReleaseAssets UP-TO-DATE
:library:mergeReleaseProguardFiles UP-TO-DATE
:library:packageReleaseRenderscript NO-SOURCE
:library:packageReleaseResources UP-TO-DATE
:library:processReleaseJavaRes NO-SOURCE
:library:transformResourcesWithMergeJavaResForRelease UP-TO-DATE
:library:transformClassesAndResourcesWithSyncLibJarsForRelease UP-TO-DATE
:library:mergeReleaseJniLibFolders UP-TO-DATE
:library:transformNativeLibsWithMergeJniLibsForRelease UP-TO-DATE
:library:transformNativeLibsWithStripDebugSymbolForRelease UP-TO-DATE
:library:transformNativeLibsWithSyncJniLibsForRelease UP-TO-DATE
:library:bundleRelease UP-TO-DATE
:sample:preBuild UP-TO-DATE
:sample:preDebugBuild UP-TO-DATE
:sample:checkDebugManifest
:sample:preReleaseBuild UP-TO-DATE
:sample:prepareComAndroidSupportAnimatedVectorDrawable2531Library
:sample:prepareComAndroidSupportAppcompatV72531Library
:sample:prepareComAndroidSupportSupportCompat2531Library
:sample:prepareComAndroidSupportSupportCoreUi2531Library
:sample:prepareComAndroidSupportSupportCoreUtils2531Library
:sample:prepareComAndroidSupportSupportFragment2531Library
:sample:prepareComAndroidSupportSupportMediaCompat2531Library
:sample:prepareComAndroidSupportSupportV42531Library
:sample:prepareComAndroidSupportSupportVectorDrawable2531Library
:sample:prepareDebugDependencies
:sample:compileDebugAidl
:sample:compileDebugRenderscript
:sample:generateDebugBuildConfig
:sample:generateDebugResValues
:sample:generateDebugResources
:sample:mergeDebugResources
:sample:processDebugManifest
:sample:processDebugResources
:sample:generateDebugSources
:sample:incrementalDebugJavaCompilationSafeguard
:sample:javaPreCompileDebug
:sample:compileDebugJavaWithJavac
:sample:compileDebugJavaWithJavac - is not incremental (e.g. outputs have changed, no previous execution, etc.).
:sample:compileDebugNdk NO-SOURCE
:sample:compileDebugSources
:sample:mergeDebugShaders
:sample:compileDebugShaders
:sample:generateDebugAssets
:sample:mergeDebugAssets
:sample:transformClassesWithDexForDebug
Dex: warning: Ignoring InnerClasses attribute for an anonymous inner class
(autovalue.shaded.org.apache.commons.lang.builder.HashCodeBuilder$1) that doesn't come with an
associated EnclosingMethod attribute. This class was probably produced by a
compiler that did not target the modern .class file format. The recommended
solution is to recompile the class from source, using an up-to-date compiler
and without specifying any "-target" type options. The consequence of ignoring
this warning is that reflective operations on this class will incorrectly
indicate that it is *not* an inner class.

Dex: warning: Ignoring InnerClasses attribute for an anonymous inner class
(autovalue.shaded.org.apache.commons.lang.builder.ToStringStyle$1) that doesn't come with an
associated EnclosingMethod attribute. This class was probably produced by a
compiler that did not target the modern .class file format. The recommended
solution is to recompile the class from source, using an up-to-date compiler
and without specifying any "-target" type options. The consequence of ignoring
this warning is that reflective operations on this class will incorrectly
indicate that it is *not* an inner class.

:sample:mergeDebugJniLibFolders
:sample:transformNativeLibsWithMergeJniLibsForDebug
:sample:transformNativeLibsWithStripDebugSymbolForDebug
:sample:processDebugJavaRes NO-SOURCE
:sample:transformResourcesWithMergeJavaResForDebug
:sample:validateSigningDebug
:sample:packageDebug
:sample:assembleDebug
:sample:checkReleaseManifest
:sample:prepareReleaseDependencies
:sample:compileReleaseAidl
:sample:compileReleaseRenderscript
:sample:generateReleaseBuildConfig
:sample:generateReleaseResValues
:sample:generateReleaseResources
:sample:mergeReleaseResources
:sample:processReleaseManifest
:sample:processReleaseResources
:sample:generateReleaseSources
:sample:incrementalReleaseJavaCompilationSafeguard
:sample:javaPreCompileRelease
:sample:compileReleaseJavaWithJavac
:sample:compileReleaseJavaWithJavac - is not incremental (e.g. outputs have changed, no previous execution, etc.).
:sample:compileReleaseNdk NO-SOURCE
:sample:compileReleaseSources
:sample:lintVitalRelease/tmp/rdisk/159/src/sample/src/main/res/values/strings.xml:4: Error: "app_name" is not translated in "ar" (Arabic), "be" (Belarusian), "ca" (Catalan), "cs" (Czech), "da" (Danish), "de" (German), "el" (Greek), "es" (Spanish), "et" (Estonian), "fr" (French), "hi" (Hindi), "in" (Indonesian), "it" (Italian), "ja" (Japanese), "ko" (Korean), "nl" (Dutch), "pl" (Polish), "pt-BR" (Portuguese: Brazil), "ro" (Romanian), "ru" (Russian), "sk" (Slovak), "tr" (Turkish), "zh-CN" (Chinese: China) [MissingTranslation]
    <string name="app_name">DirChooserSample</string>
            ~~~~~~~~~~~~~~~
/tmp/rdisk/159/src/sample/src/main/res/values/strings.xml:5: Error: "directory_selected_label" is not translated in "ar" (Arabic), "be" (Belarusian), "ca" (Catalan), "cs" (Czech), "da" (Danish), "de" (German), "el" (Greek), "es" (Spanish), "et" (Estonian), "fr" (French), "hi" (Hindi), "in" (Indonesian), "it" (Italian), "ja" (Japanese), "ko" (Korean), "nl" (Dutch), "pl" (Polish), "pt-BR" (Portuguese: Brazil), "ro" (Romanian), "ru" (Russian), "sk" (Slovak), "tr" (Turkish), "zh-CN" (Chinese: China) [MissingTranslation]
    <string name="directory_selected_label">Directory selected:</string>
            ~~~~~~~~~~~~~~~~~~~~~~~~~~~~~~~
/tmp/rdisk/159/src/sample/src/main/res/values/strings.xml:6: Error: "choose_directory" is not translated in "ar" (Arabic), "be" (Belarusian), "ca" (Catalan), "cs" (Czech), "da" (Danish), "de" (German), "el" (Greek), "es" (Spanish), "et" (Estonian), "fr" (French), "hi" (Hindi), "in" (Indonesian), "it" (Italian), "ja" (Japanese), "ko" (Korean), "nl" (Dutch), "pl" (Polish), "pt-BR" (Portuguese: Brazil), "ro" (Romanian), "ru" (Russian), "sk" (Slovak), "tr" (Turkish), "zh-CN" (Chinese: China) [MissingTranslation]
    <string name="choose_directory">Choose Directory</string>
            ~~~~~~~~~~~~~~~~~~~~~~~
/tmp/rdisk/159/src/sample/src/main/res/values/strings.xml:7: Error: "none" is not translated in "ar" (Arabic), "be" (Belarusian), "ca" (Catalan), "cs" (Czech), "da" (Danish), "de" (German), "el" (Greek), "es" (Spanish), "et" (Estonian), "fr" (French), "hi" (Hindi), "in" (Indonesian), "it" (Italian), "ja" (Japanese), "ko" (Korean), "nl" (Dutch), "pl" (Polish), "pt-BR" (Portuguese: Brazil), "ro" (Romanian), "ru" (Russian), "sk" (Slovak), "tr" (Turkish), "zh-CN" (Chinese: China) [MissingTranslation]
    <string name="none">none</string>
            ~~~~~~~~~~~
/tmp/rdisk/159/src/sample/src/main/res/values/strings.xml:8: Error: "btn_choose" is not translated in "ar" (Arabic), "be" (Belarusian), "ca" (Catalan), "cs" (Czech), "da" (Danish), "de" (German), "el" (Greek), "es" (Spanish), "et" (Estonian), "fr" (French), "hi" (Hindi), "in" (Indonesian), "it" (Italian), "ja" (Japanese), "ko" (Korean), "nl" (Dutch), "pl" (Polish), "pt-BR" (Portuguese: Brazil), "ro" (Romanian), "ru" (Russian), "sk" (Slovak), "tr" (Turkish), "zh-CN" (Chinese: China) [MissingTranslation]
    <string name="btn_choose">Choose in Dialog</string>
            ~~~~~~~~~~~~~~~~~
/tmp/rdisk/159/src/sample/src/main/res/values/strings.xml:9: Error: "btn_switch" is not translated in "ar" (Arabic), "be" (Belarusian), "ca" (Catalan), "cs" (Czech), "da" (Danish), "de" (German), "el" (Greek), "es" (Spanish), "et" (Estonian), "fr" (French), "hi" (Hindi), "in" (Indonesian), "it" (Italian), "ja" (Japanese), "ko" (Korean), "nl" (Dutch), "pl" (Polish), "pt-BR" (Portuguese: Brazil), "ro" (Romanian), "ru" (Russian), "sk" (Slovak), "tr" (Turkish), "zh-CN" (Chinese: China) [MissingTranslation]
    <string name="btn_switch">Switch to Dialog Sample</string>
            ~~~~~~~~~~~~~~~~~

   Explanation for issues of type "MissingTranslation":
   If an application has more than one locale, then all the strings declared
   in one language should also be translated in all other languages.

   If the string should not be translated, you can add the attribute
   translatable="false" on the <string> element, or you can define all your
   non-translatable strings in a resource file called donottranslate.xml. Or,
   you can ignore the issue with a tools:ignore="MissingTranslation"
   attribute.

   By default this detector allows regions of a language to just provide a
   subset of the strings and fall back to the standard language strings. You
   can require all regions to provide a full translation by setting the
   environment variable ANDROID_LINT_COMPLETE_REGIONS.

   You can tell lint (and other tools) which language is the default language
   in your res/values/ folder by specifying tools:locale="languageCode" for
   the root <resources> element in your resource file. (The tools prefix
   refers to the namespace declaration http://schemas.android.com/tools.)

6 errors, 0 warnings
 FAILED

FAILURE: Build failed with an exception.

* What went wrong:
Execution failed for task ':sample:lintVitalRelease'.
> Lint found fatal errors while assembling a release target.
  
  To proceed, either fix the issues identified by lint, or modify your build script as follows:
  ...
  android {
      lintOptions {
          checkReleaseBuilds false
          // Or, if you prefer, you can continue to check for errors in release builds,
          // but continue the build even when errors are found:
          abortOnError false
      }
  }
  ...

* Try:
Run with --info or --debug option to get more log output.

* Exception is:
org.gradle.api.tasks.TaskExecutionException: Execution failed for task ':sample:lintVitalRelease'.
	at org.gradle.api.internal.tasks.execution.ExecuteActionsTaskExecuter.executeActions(ExecuteActionsTaskExecuter.java:84)
	at org.gradle.api.internal.tasks.execution.ExecuteActionsTaskExecuter.execute(ExecuteActionsTaskExecuter.java:55)
	at org.gradle.api.internal.tasks.execution.SkipUpToDateTaskExecuter.execute(SkipUpToDateTaskExecuter.java:62)
	at org.gradle.api.internal.tasks.execution.ValidatingTaskExecuter.execute(ValidatingTaskExecuter.java:58)
	at org.gradle.api.internal.tasks.execution.SkipEmptySourceFilesTaskExecuter.execute(SkipEmptySourceFilesTaskExecuter.java:88)
	at org.gradle.api.internal.tasks.execution.ResolveTaskArtifactStateTaskExecuter.execute(ResolveTaskArtifactStateTaskExecuter.java:46)
	at org.gradle.api.internal.tasks.execution.SkipTaskWithNoActionsExecuter.execute(SkipTaskWithNoActionsExecuter.java:51)
	at org.gradle.api.internal.tasks.execution.SkipOnlyIfTaskExecuter.execute(SkipOnlyIfTaskExecuter.java:54)
	at org.gradle.api.internal.tasks.execution.ExecuteAtMostOnceTaskExecuter.execute(ExecuteAtMostOnceTaskExecuter.java:43)
	at org.gradle.api.internal.tasks.execution.CatchExceptionTaskExecuter.execute(CatchExceptionTaskExecuter.java:34)
	at org.gradle.execution.taskgraph.DefaultTaskGraphExecuter$EventFiringTaskWorker$1.execute(DefaultTaskGraphExecuter.java:236)
	at org.gradle.execution.taskgraph.DefaultTaskGraphExecuter$EventFiringTaskWorker$1.execute(DefaultTaskGraphExecuter.java:228)
	at org.gradle.internal.Transformers$4.transform(Transformers.java:169)
	at org.gradle.internal.progress.DefaultBuildOperationExecutor.run(DefaultBuildOperationExecutor.java:106)
	at org.gradle.internal.progress.DefaultBuildOperationExecutor.run(DefaultBuildOperationExecutor.java:61)
	at org.gradle.execution.taskgraph.DefaultTaskGraphExecuter$EventFiringTaskWorker.execute(DefaultTaskGraphExecuter.java:228)
	at org.gradle.execution.taskgraph.DefaultTaskGraphExecuter$EventFiringTaskWorker.execute(DefaultTaskGraphExecuter.java:215)
	at org.gradle.execution.taskgraph.AbstractTaskPlanExecutor$TaskExecutorWorker.processTask(AbstractTaskPlanExecutor.java:77)
	at org.gradle.execution.taskgraph.AbstractTaskPlanExecutor$TaskExecutorWorker.run(AbstractTaskPlanExecutor.java:58)
	at org.gradle.execution.taskgraph.DefaultTaskPlanExecutor.process(DefaultTaskPlanExecutor.java:32)
	at org.gradle.execution.taskgraph.DefaultTaskGraphExecuter.execute(DefaultTaskGraphExecuter.java:113)
	at org.gradle.execution.SelectedTaskExecutionAction.execute(SelectedTaskExecutionAction.java:37)
	at org.gradle.execution.DefaultBuildExecuter.execute(DefaultBuildExecuter.java:37)
	at org.gradle.execution.DefaultBuildExecuter.access$000(DefaultBuildExecuter.java:23)
	at org.gradle.execution.DefaultBuildExecuter$1.proceed(DefaultBuildExecuter.java:43)
	at org.gradle.execution.DryRunBuildExecutionAction.execute(DryRunBuildExecutionAction.java:32)
	at org.gradle.execution.DefaultBuildExecuter.execute(DefaultBuildExecuter.java:37)
	at org.gradle.execution.DefaultBuildExecuter.execute(DefaultBuildExecuter.java:30)
	at org.gradle.initialization.DefaultGradleLauncher$RunTasksAction.execute(DefaultGradleLauncher.java:256)
	at org.gradle.initialization.DefaultGradleLauncher$RunTasksAction.execute(DefaultGradleLauncher.java:253)
	at org.gradle.internal.Transformers$4.transform(Transformers.java:169)
	at org.gradle.internal.progress.DefaultBuildOperationExecutor.run(DefaultBuildOperationExecutor.java:106)
	at org.gradle.internal.progress.DefaultBuildOperationExecutor.run(DefaultBuildOperationExecutor.java:56)
	at org.gradle.initialization.DefaultGradleLauncher.doBuildStages(DefaultGradleLauncher.java:175)
	at org.gradle.initialization.DefaultGradleLauncher.doBuild(DefaultGradleLauncher.java:119)
	at org.gradle.initialization.DefaultGradleLauncher.run(DefaultGradleLauncher.java:102)
	at org.gradle.launcher.exec.GradleBuildController.run(GradleBuildController.java:71)
	at org.gradle.tooling.internal.provider.ExecuteBuildActionRunner.run(ExecuteBuildActionRunner.java:28)
	at org.gradle.launcher.exec.ChainingBuildActionRunner.run(ChainingBuildActionRunner.java:35)
	at org.gradle.launcher.exec.InProcessBuildActionExecuter.execute(InProcessBuildActionExecuter.java:41)
	at org.gradle.launcher.exec.InProcessBuildActionExecuter.execute(InProcessBuildActionExecuter.java:26)
	at org.gradle.tooling.internal.provider.ContinuousBuildActionExecuter.execute(ContinuousBuildActionExecuter.java:75)
	at org.gradle.tooling.internal.provider.ContinuousBuildActionExecuter.execute(ContinuousBuildActionExecuter.java:49)
	at org.gradle.tooling.internal.provider.ServicesSetupBuildActionExecuter.execute(ServicesSetupBuildActionExecuter.java:49)
	at org.gradle.tooling.internal.provider.ServicesSetupBuildActionExecuter.execute(ServicesSetupBuildActionExecuter.java:31)
	at org.gradle.launcher.cli.RunBuildAction.run(RunBuildAction.java:51)
	at org.gradle.internal.Actions$RunnableActionAdapter.execute(Actions.java:173)
	at org.gradle.launcher.cli.CommandLineActionFactory$ParseAndBuildAction.execute(CommandLineActionFactory.java:244)
	at org.gradle.launcher.cli.CommandLineActionFactory$ParseAndBuildAction.execute(CommandLineActionFactory.java:217)
	at org.gradle.launcher.cli.JavaRuntimeValidationAction.execute(JavaRuntimeValidationAction.java:33)
	at org.gradle.launcher.cli.JavaRuntimeValidationAction.execute(JavaRuntimeValidationAction.java:24)
	at org.gradle.launcher.cli.ExceptionReportingAction.execute(ExceptionReportingAction.java:33)
	at org.gradle.launcher.cli.ExceptionReportingAction.execute(ExceptionReportingAction.java:22)
	at org.gradle.launcher.cli.CommandLineActionFactory$WithLogging.execute(CommandLineActionFactory.java:210)
	at org.gradle.launcher.cli.CommandLineActionFactory$WithLogging.execute(CommandLineActionFactory.java:174)
	at org.gradle.launcher.Main.doAction(Main.java:33)
	at org.gradle.launcher.bootstrap.EntryPoint.run(EntryPoint.java:45)
	at org.gradle.launcher.bootstrap.ProcessBootstrap.runNoExit(ProcessBootstrap.java:60)
	at org.gradle.launcher.bootstrap.ProcessBootstrap.run(ProcessBootstrap.java:37)
	at org.gradle.launcher.GradleMain.main(GradleMain.java:23)
	at org.gradle.wrapper.BootstrapMainStarter.start(BootstrapMainStarter.java:30)
	at org.gradle.wrapper.WrapperExecutor.execute(WrapperExecutor.java:127)
	at org.gradle.wrapper.GradleWrapperMain.main(GradleWrapperMain.java:61)
Caused by: org.gradle.api.GradleException: Lint found fatal errors while assembling a release target.

To proceed, either fix the issues identified by lint, or modify your build script as follows:
...
android {
    lintOptions {
        checkReleaseBuilds false
        // Or, if you prefer, you can continue to check for errors in release builds,
        // but continue the build even when errors are found:
        abortOnError false
    }
}
...
	at com.android.build.gradle.tasks.Lint.abort(Lint.java:300)
	at com.android.build.gradle.tasks.Lint.runLint(Lint.java:346)
	at com.android.build.gradle.tasks.Lint.lintSingleVariant(Lint.java:307)
	at com.android.build.gradle.tasks.Lint.lint(Lint.java:119)
	at org.gradle.internal.reflect.JavaMethod.invoke(JavaMethod.java:73)
	at org.gradle.api.internal.project.taskfactory.DefaultTaskClassInfoStore$StandardTaskAction.doExecute(DefaultTaskClassInfoStore.java:141)
	at org.gradle.api.internal.project.taskfactory.DefaultTaskClassInfoStore$StandardTaskAction.execute(DefaultTaskClassInfoStore.java:134)
	at org.gradle.api.internal.project.taskfactory.DefaultTaskClassInfoStore$StandardTaskAction.execute(DefaultTaskClassInfoStore.java:123)
	at org.gradle.api.internal.AbstractTask$TaskActionWrapper.execute(AbstractTask.java:632)
	at org.gradle.api.internal.AbstractTask$TaskActionWrapper.execute(AbstractTask.java:615)
	at org.gradle.api.internal.tasks.execution.ExecuteActionsTaskExecuter.executeAction(ExecuteActionsTaskExecuter.java:95)
	at org.gradle.api.internal.tasks.execution.ExecuteActionsTaskExecuter.executeActions(ExecuteActionsTaskExecuter.java:76)
	... 62 more


BUILD FAILED

Total time: 28.327 secs

2018-05-15 05:50:53,306 INFO  FullProcessService - Found APK file: /tmp/rdisk/159/src/sample/build/outputs/apk/sample-debug.apk
