2018-04-11 20:32:46,596 INFO  DownloadService - Downloading "https://github.com/alexvasilkov/FoldableLayout/archive/master.zip", attempt 3
2018-04-11 20:33:47,087 INFO  GithubDownloadService - Could not find ZIP archive for master branch
2018-04-11 20:33:47,790 INFO  GithubDownloadService - Default branch of this repository: master
2018-04-11 20:33:47,790 INFO  DownloadService - Downloading "https://github.com/alexvasilkov/FoldableLayout/archive/master.zip", attempt 3
2018-04-11 20:34:49,177 DEBUG FullProcessService - Repository https://github.com/alexvasilkov/FoldableLayout available: true
2018-04-11 20:34:49,177 INFO  FullProcessService - Could not download ZIP file from Github, lets clone it
2018-04-11 20:34:49,177 INFO  SysUtils - Execute command: [git, clone, -q, --single-branch, --depth, 1, https://github.com/alexvasilkov/FoldableLayout, /tmp/rdisk/109/src]
2018-04-11 20:34:51,426 INFO  SysUtils - 
2018-04-11 20:34:51,441 INFO  GitService - Deleted "/tmp/rdisk/109/src/.git": true
2018-04-11 20:34:51,444 INFO  FullProcessService - Size of directory with sources: 2 MB
2018-04-11 20:34:51,444 INFO  SysUtils - Execute command: [git, init, /tmp/rdisk/109/src]
2018-04-11 20:34:51,449 INFO  SysUtils - Initialized empty Git repository in /tmp/rdisk/109/src/.git/

2018-04-11 20:34:51,451 INFO  ProjectBuildService - Gradle wrapper(s): /tmp/rdisk/109/src/gradlew
2018-04-11 20:34:51,454 INFO  ProjectBuildService - Build script(s): /tmp/rdisk/109/src/library/build.gradle /tmp/rdisk/109/src/sample/build.gradle /tmp/rdisk/109/src/build.gradle
2018-04-11 20:34:51,456 INFO  ProjectBuildService - All script(s): /tmp/rdisk/109/src/settings.gradle /tmp/rdisk/109/src/sample/build.gradle /tmp/rdisk/109/src/library/gradle-mvn-push.gradle /tmp/rdisk/109/src/library/build.gradle /tmp/rdisk/109/src/build.gradle
2018-04-11 20:34:51,456 INFO  ProjectBuildService - Remote scripts: none
2018-04-11 20:34:51,456 INFO  ProjectFixService - Fixing project...
2018-04-11 20:34:51,463 INFO  LocalPropertiesFixService - Created fake /tmp/rdisk/109/src/library/local.properties
2018-04-11 20:34:51,464 INFO  ProjectFixService - Build info for "/tmp/rdisk/109/src/library/build.gradle": [buildToolsVersion=25.0.3,compileSdkVersion=25,minSdkVersion=14,targetSdkVersion=25]
2018-04-11 20:34:51,464 INFO  LocalPropertiesFixService - Created fake /tmp/rdisk/109/src/sample/local.properties
2018-04-11 20:34:51,465 INFO  ProjectFixService - Build info for "/tmp/rdisk/109/src/sample/build.gradle": [buildToolsVersion=25.0.3,compileSdkVersion=25,minSdkVersion=15,targetSdkVersion=25]
2018-04-11 20:34:51,465 INFO  LocalPropertiesFixService - Created fake /tmp/rdisk/109/src/local.properties
2018-04-11 20:34:51,465 INFO  WrapperPropertiesFixService - Gradle wrapper: https://services.gradle.org/distributions/gradle-2.14.1-all.zip
2018-04-11 20:34:51,465 INFO  WrapperPropertiesFixService - Gradle wrapper was changed from "-all.zip" to "-bin.zip" (https://services.gradle.org/distributions/gradle-2.14.1-bin.zip)
2018-04-11 20:34:51,467 INFO  ProjectFixService - Build info for "/tmp/rdisk/109/src/build.gradle": [buildToolsVersion=25.0.3,compileSdkVersion=25,minSdkVersion=15,targetSdkVersion=25]
2018-04-11 20:34:51,467 INFO  ProjectFixService - Project was maybe fixed
2018-04-11 20:34:51,467 INFO  ProjectTaskService - Detecting possible tasks...
2018-04-11 20:34:51,467 INFO  SysUtils - Execute command: [/tmp/rdisk/109/src/gradlew, -b, /tmp/rdisk/109/src/library/build.gradle, -Dorg.gradle.daemon=false, -Dorg.gradle.daemon.performance.enable-monitoring=false, -Dorg.gradle.configureondemand=true, tasks]
2018-04-11 20:35:01,799 INFO  ProjectTaskService - Detected possible tasks: 70
2018-04-11 20:35:01,799 INFO  ProjectTaskService - Excluded tasks (16): lintDebug mockableAndroidJar deviceCheck lint testReleaseUnitTest deviceAndroidTest uninstallDebugAndroidTest installDebugAndroidTest connectedCheck connectedDebugAndroidTest uninstallAll test check testDebugUnitTest connectedAndroidTest lintRelease
2018-04-11 20:35:01,799 INFO  SysUtils - Execute command: [/tmp/rdisk/109/src/gradlew, -b, /tmp/rdisk/109/src/library/build.gradle, -Dorg.gradle.daemon=false, -Dorg.gradle.daemon.performance.enable-monitoring=false, -Dorg.gradle.configureondemand=true, --stacktrace, -x, lintDebug, -x, mockableAndroidJar, -x, deviceCheck, -x, lint, -x, testReleaseUnitTest, -x, deviceAndroidTest, -x, uninstallDebugAndroidTest, -x, installDebugAndroidTest, -x, connectedCheck, -x, connectedDebugAndroidTest, -x, uninstallAll, -x, test, -x, check, -x, testDebugUnitTest, -x, connectedAndroidTest, -x, lintRelease, build]
2018-04-11 20:35:14,487 INFO  SysUtils - Configuration on demand is an incubating feature.
Incremental java compilation is an incubating feature.
:library:preBuild UP-TO-DATE
:library:preDebugBuild UP-TO-DATE
:library:checkDebugManifest
:library:prepareDebugDependencies
:library:compileDebugAidl
:library:compileDebugNdk UP-TO-DATE
:library:compileLint
:library:copyDebugLint UP-TO-DATE
:library:mergeDebugShaders
:library:compileDebugShaders
:library:generateDebugAssets
:library:mergeDebugAssets
:library:mergeDebugProguardFiles
:library:packageDebugRenderscript UP-TO-DATE
:library:compileDebugRenderscript
:library:generateDebugResValues
:library:generateDebugResources
:library:packageDebugResources
:library:processDebugManifest
:library:generateDebugBuildConfig
:library:processDebugResources
:library:generateDebugSources
:library:incrementalDebugJavaCompilationSafeguard
:library:compileDebugJavaWithJavac
:library:compileDebugJavaWithJavac - is not incremental (e.g. outputs have changed, no previous execution, etc.).
:library:processDebugJavaRes UP-TO-DATE
:library:transformResourcesWithMergeJavaResForDebug
:library:transformClassesAndResourcesWithSyncLibJarsForDebug
:library:mergeDebugJniLibFolders
:library:transformNative_libsWithMergeJniLibsForDebug
:library:transformNative_libsWithSyncJniLibsForDebug
:library:bundleDebug
:library:compileDebugSources
:library:assembleDebug
:library:preReleaseBuild UP-TO-DATE
:library:checkReleaseManifest
:library:prepareReleaseDependencies
:library:compileReleaseAidl
:library:compileReleaseNdk UP-TO-DATE
:library:copyReleaseLint UP-TO-DATE
:library:mergeReleaseShaders
:library:compileReleaseShaders
:library:generateReleaseAssets
:library:mergeReleaseAssets
:library:mergeReleaseProguardFiles
:library:packageReleaseRenderscript UP-TO-DATE
:library:compileReleaseRenderscript
:library:generateReleaseResValues
:library:generateReleaseResources
:library:packageReleaseResources
:library:processReleaseManifest
:library:generateReleaseBuildConfig
:library:processReleaseResources
:library:generateReleaseSources
:library:incrementalReleaseJavaCompilationSafeguard
:library:compileReleaseJavaWithJavac
:library:compileReleaseJavaWithJavac - is not incremental (e.g. outputs have changed, no previous execution, etc.).
:library:processReleaseJavaRes UP-TO-DATE
:library:transformResourcesWithMergeJavaResForRelease
:library:transformClassesAndResourcesWithSyncLibJarsForRelease
:library:mergeReleaseJniLibFolders
:library:transformNative_libsWithMergeJniLibsForRelease
:library:transformNative_libsWithSyncJniLibsForRelease
:library:bundleRelease
:library:compileReleaseSources
:library:assembleRelease
:library:jar
:library:javadocs
:library:javadocsJar
:library:sourcesJar
:library:signArchives SKIPPED
:library:assemble
:library:build

BUILD SUCCESSFUL

Total time: 11.881 secs

2018-04-11 20:35:14,496 INFO  ProjectTaskService - Detecting possible tasks...
2018-04-11 20:35:14,496 INFO  SysUtils - Execute command: [/tmp/rdisk/109/src/gradlew, -b, /tmp/rdisk/109/src/sample/build.gradle, -Dorg.gradle.daemon=false, -Dorg.gradle.daemon.performance.enable-monitoring=false, -Dorg.gradle.configureondemand=true, tasks]
2018-04-11 20:35:22,833 INFO  ProjectTaskService - Detected possible tasks: 72
2018-04-11 20:35:22,833 INFO  ProjectTaskService - Excluded tasks (20): lintDebug mockableAndroidJar deviceCheck lint testReleaseUnitTest uninstallRelease deviceAndroidTest uninstallDebugAndroidTest installRelease installDebugAndroidTest connectedCheck connectedDebugAndroidTest uninstallAll test check testDebugUnitTest connectedAndroidTest installDebug lintRelease uninstallDebug
2018-04-11 20:35:22,833 INFO  SysUtils - Execute command: [/tmp/rdisk/109/src/gradlew, -b, /tmp/rdisk/109/src/sample/build.gradle, -Dorg.gradle.daemon=false, -Dorg.gradle.daemon.performance.enable-monitoring=false, -Dorg.gradle.configureondemand=true, --stacktrace, -x, lintDebug, -x, mockableAndroidJar, -x, deviceCheck, -x, lint, -x, testReleaseUnitTest, -x, uninstallRelease, -x, deviceAndroidTest, -x, uninstallDebugAndroidTest, -x, installRelease, -x, installDebugAndroidTest, -x, connectedCheck, -x, connectedDebugAndroidTest, -x, uninstallAll, -x, test, -x, check, -x, testDebugUnitTest, -x, connectedAndroidTest, -x, installDebug, -x, lintRelease, -x, uninstallDebug, build]
2018-04-11 20:35:47,410 ERROR SysUtils - Could not process external command
org.apache.commons.exec.ExecuteException: Process exited with an error: 1 (Exit value: 1)
	at org.apache.commons.exec.DefaultExecutor.executeInternal(DefaultExecutor.java:404)
	at org.apache.commons.exec.DefaultExecutor.execute(DefaultExecutor.java:166)
	at com.github.vbauer.apkmaster.util.SysUtils.execute(SysUtils.java:67)
	at com.github.vbauer.apkmaster.util.SysUtils.executeSimple(SysUtils.java:43)
	at com.github.vbauer.apkmaster.service.assembly.ProjectBuildService.buildProject(ProjectBuildService.java:78)
	at com.github.vbauer.apkmaster.service.assembly.ProjectBuildService.buildProject(ProjectBuildService.java:64)
	at com.github.vbauer.apkmaster.service.assembly.ProjectBuildService.buildProject(ProjectBuildService.java:43)
	at com.github.vbauer.apkmaster.service.FullProcessService.build(FullProcessService.java:84)
	at com.github.vbauer.apkmaster.service.FullProcessService.process(FullProcessService.java:34)
	at com.github.vbauer.apkmaster.app.MainApplication.process(MainApplication.java:38)
	at com.github.vbauer.apkmaster.app.MainApplication.main(MainApplication.java:20)
	at sun.reflect.GeneratedMethodAccessor8.invoke(Unknown Source)
	at sun.reflect.DelegatingMethodAccessorImpl.invoke(DelegatingMethodAccessorImpl.java:43)
	at java.lang.reflect.Method.invoke(Method.java:498)
	at com.android.arsenal.util.ReflectionUtils.invoke(ReflectionUtils.java:42)
	at com.android.arsenal.util.ApkMasterUtils.main(ApkMasterUtils.java:30)
	at com.android.arsenal.service.processor.impl.BuildProcessorServiceImpl.buildProject(BuildProcessorServiceImpl.java:197)
	at com.android.arsenal.service.processor.impl.BuildProcessorServiceImpl.build(BuildProcessorServiceImpl.java:131)
	at com.android.arsenal.service.processor.impl.BuildProcessorServiceImpl.lambda$null$1(BuildProcessorServiceImpl.java:114)
	at java.util.concurrent.FutureTask.run(FutureTask.java:266)
	at java.util.concurrent.Executors$RunnableAdapter.call(Executors.java:511)
	at java.util.concurrent.FutureTask.run(FutureTask.java:266)
	at java.util.concurrent.ThreadPoolExecutor.runWorker(ThreadPoolExecutor.java:1149)
	at java.util.concurrent.ThreadPoolExecutor$Worker.run(ThreadPoolExecutor.java:624)
	at java.lang.Thread.run(Thread.java:748)
2018-04-11 20:35:47,410 INFO  SysUtils - Configuration on demand is an incubating feature.
Incremental java compilation is an incubating feature.
No signing config for variant debug
:library:preBuild UP-TO-DATE
:library:preReleaseBuild UP-TO-DATE
:library:checkReleaseManifest
:library:prepareReleaseDependencies
:library:compileReleaseAidl UP-TO-DATE
:library:compileReleaseNdk UP-TO-DATE
:library:compileLint UP-TO-DATE
:library:copyReleaseLint UP-TO-DATE
:library:mergeReleaseShaders UP-TO-DATE
:library:compileReleaseShaders UP-TO-DATE
:library:generateReleaseAssets UP-TO-DATE
:library:mergeReleaseAssets UP-TO-DATE
:library:mergeReleaseProguardFiles UP-TO-DATE
:library:packageReleaseRenderscript UP-TO-DATE
:library:compileReleaseRenderscript UP-TO-DATE
:library:generateReleaseResValues UP-TO-DATE
:library:generateReleaseResources UP-TO-DATE
:library:packageReleaseResources UP-TO-DATE
:library:processReleaseManifest UP-TO-DATE
:library:generateReleaseBuildConfig UP-TO-DATE
:library:processReleaseResources UP-TO-DATE
:library:generateReleaseSources UP-TO-DATE
:library:incrementalReleaseJavaCompilationSafeguard UP-TO-DATE
:library:compileReleaseJavaWithJavac UP-TO-DATE
:library:processReleaseJavaRes UP-TO-DATE
:library:transformResourcesWithMergeJavaResForRelease UP-TO-DATE
:library:transformClassesAndResourcesWithSyncLibJarsForRelease UP-TO-DATE
:library:mergeReleaseJniLibFolders UP-TO-DATE
:library:transformNative_libsWithMergeJniLibsForRelease UP-TO-DATE
:library:transformNative_libsWithSyncJniLibsForRelease UP-TO-DATE
:library:bundleRelease UP-TO-DATE
:sample:preBuild UP-TO-DATE
:sample:preDebugBuild UP-TO-DATE
:sample:checkDebugManifest
:sample:preReleaseBuild UP-TO-DATE
:sample:prepareComAlexvasilkovAndroidCommons202Library
:sample:prepareComAndroidSupportAnimatedVectorDrawable2531Library
:sample:prepareComAndroidSupportAppcompatV72531Library
:sample:prepareComAndroidSupportSupportCompat2531Library
:sample:prepareComAndroidSupportSupportCoreUi2531Library
:sample:prepareComAndroidSupportSupportCoreUtils2531Library
:sample:prepareComAndroidSupportSupportFragment2531Library
:sample:prepareComAndroidSupportSupportMediaCompat2531Library
:sample:prepareComAndroidSupportSupportV42531Library
:sample:prepareComAndroidSupportSupportVectorDrawable2531Library
:sample:prepareSrcLibraryUnspecifiedLibrary
:sample:prepareDebugDependencies
:sample:compileDebugAidl
:sample:compileDebugRenderscript
:sample:generateDebugBuildConfig
:sample:generateDebugResValues
:sample:generateDebugResources
:sample:mergeDebugResources
:sample:processDebugManifest
:sample:processDebugResources
:sample:generateDebugSources
:sample:incrementalDebugJavaCompilationSafeguard
:sample:compileDebugJavaWithJavac
:sample:compileDebugJavaWithJavac - is not incremental (e.g. outputs have changed, no previous execution, etc.).
:sample:compileDebugNdk UP-TO-DATE
:sample:compileDebugSources
:sample:mergeDebugShaders
:sample:compileDebugShaders
:sample:generateDebugAssets
:sample:mergeDebugAssets
:sample:transformClassesWithDexForDebug
:sample:mergeDebugJniLibFolders
:sample:transformNative_libsWithMergeJniLibsForDebug
:sample:processDebugJavaRes UP-TO-DATE
:sample:transformResourcesWithMergeJavaResForDebug
:sample:validateSigningDebug
:sample:packageDebug
:sample:assembleDebug
:sample:checkReleaseManifest
:sample:prepareReleaseDependencies
:sample:compileReleaseAidl
:sample:compileReleaseRenderscript
:sample:generateReleaseBuildConfig
:sample:generateReleaseResValues
:sample:generateReleaseResources
:sample:mergeReleaseResources
:sample:processReleaseManifest
:sample:processReleaseResources
:sample:generateReleaseSources
:sample:incrementalReleaseJavaCompilationSafeguard
:sample:compileReleaseJavaWithJavac
:sample:compileReleaseJavaWithJavac - is not incremental (e.g. outputs have changed, no previous execution, etc.).
:sample:compileReleaseNdk UP-TO-DATE
:sample:compileReleaseSources
:sample:lintVitalRelease
:sample:askForPasswordsRelease FAILED

FAILURE: Build failed with an exception.

* What went wrong:
Execution failed for task ':sample:askForPasswordsRelease'.
> Can't connect to X11 window server using ':0.0' as the value of the DISPLAY variable.

* Try:
Run with --info or --debug option to get more log output.

* Exception is:
org.gradle.api.tasks.TaskExecutionException: Execution failed for task ':sample:askForPasswordsRelease'.
	at org.gradle.api.internal.tasks.execution.ExecuteActionsTaskExecuter.executeActions(ExecuteActionsTaskExecuter.java:69)
	at org.gradle.api.internal.tasks.execution.ExecuteActionsTaskExecuter.execute(ExecuteActionsTaskExecuter.java:46)
	at org.gradle.api.internal.tasks.execution.PostExecutionAnalysisTaskExecuter.execute(PostExecutionAnalysisTaskExecuter.java:35)
	at org.gradle.api.internal.tasks.execution.SkipUpToDateTaskExecuter.execute(SkipUpToDateTaskExecuter.java:66)
	at org.gradle.api.internal.tasks.execution.ValidatingTaskExecuter.execute(ValidatingTaskExecuter.java:58)
	at org.gradle.api.internal.tasks.execution.SkipEmptySourceFilesTaskExecuter.execute(SkipEmptySourceFilesTaskExecuter.java:52)
	at org.gradle.api.internal.tasks.execution.SkipTaskWithNoActionsExecuter.execute(SkipTaskWithNoActionsExecuter.java:52)
	at org.gradle.api.internal.tasks.execution.SkipOnlyIfTaskExecuter.execute(SkipOnlyIfTaskExecuter.java:53)
	at org.gradle.api.internal.tasks.execution.ExecuteAtMostOnceTaskExecuter.execute(ExecuteAtMostOnceTaskExecuter.java:43)
	at org.gradle.execution.taskgraph.DefaultTaskGraphExecuter$EventFiringTaskWorker.execute(DefaultTaskGraphExecuter.java:203)
	at org.gradle.execution.taskgraph.DefaultTaskGraphExecuter$EventFiringTaskWorker.execute(DefaultTaskGraphExecuter.java:185)
	at org.gradle.execution.taskgraph.AbstractTaskPlanExecutor$TaskExecutorWorker.processTask(AbstractTaskPlanExecutor.java:66)
	at org.gradle.execution.taskgraph.AbstractTaskPlanExecutor$TaskExecutorWorker.run(AbstractTaskPlanExecutor.java:50)
	at org.gradle.execution.taskgraph.DefaultTaskPlanExecutor.process(DefaultTaskPlanExecutor.java:25)
	at org.gradle.execution.taskgraph.DefaultTaskGraphExecuter.execute(DefaultTaskGraphExecuter.java:110)
	at org.gradle.execution.SelectedTaskExecutionAction.execute(SelectedTaskExecutionAction.java:37)
	at org.gradle.execution.DefaultBuildExecuter.execute(DefaultBuildExecuter.java:37)
	at org.gradle.execution.DefaultBuildExecuter.access$000(DefaultBuildExecuter.java:23)
	at org.gradle.execution.DefaultBuildExecuter$1.proceed(DefaultBuildExecuter.java:43)
	at org.gradle.execution.DryRunBuildExecutionAction.execute(DryRunBuildExecutionAction.java:32)
	at org.gradle.execution.DefaultBuildExecuter.execute(DefaultBuildExecuter.java:37)
	at org.gradle.execution.DefaultBuildExecuter.execute(DefaultBuildExecuter.java:30)
	at org.gradle.initialization.DefaultGradleLauncher$4.run(DefaultGradleLauncher.java:153)
	at org.gradle.internal.Factories$1.create(Factories.java:22)
	at org.gradle.internal.progress.DefaultBuildOperationExecutor.run(DefaultBuildOperationExecutor.java:91)
	at org.gradle.internal.progress.DefaultBuildOperationExecutor.run(DefaultBuildOperationExecutor.java:53)
	at org.gradle.initialization.DefaultGradleLauncher.doBuildStages(DefaultGradleLauncher.java:150)
	at org.gradle.initialization.DefaultGradleLauncher.access$200(DefaultGradleLauncher.java:32)
	at org.gradle.initialization.DefaultGradleLauncher$1.create(DefaultGradleLauncher.java:98)
	at org.gradle.initialization.DefaultGradleLauncher$1.create(DefaultGradleLauncher.java:92)
	at org.gradle.internal.progress.DefaultBuildOperationExecutor.run(DefaultBuildOperationExecutor.java:91)
	at org.gradle.internal.progress.DefaultBuildOperationExecutor.run(DefaultBuildOperationExecutor.java:63)
	at org.gradle.initialization.DefaultGradleLauncher.doBuild(DefaultGradleLauncher.java:92)
	at org.gradle.initialization.DefaultGradleLauncher.run(DefaultGradleLauncher.java:83)
	at org.gradle.launcher.exec.InProcessBuildActionExecuter$DefaultBuildController.run(InProcessBuildActionExecuter.java:99)
	at org.gradle.tooling.internal.provider.ExecuteBuildActionRunner.run(ExecuteBuildActionRunner.java:28)
	at org.gradle.launcher.exec.ChainingBuildActionRunner.run(ChainingBuildActionRunner.java:35)
	at org.gradle.launcher.exec.InProcessBuildActionExecuter.execute(InProcessBuildActionExecuter.java:48)
	at org.gradle.launcher.exec.InProcessBuildActionExecuter.execute(InProcessBuildActionExecuter.java:30)
	at org.gradle.launcher.exec.ContinuousBuildActionExecuter.execute(ContinuousBuildActionExecuter.java:81)
	at org.gradle.launcher.exec.ContinuousBuildActionExecuter.execute(ContinuousBuildActionExecuter.java:46)
	at org.gradle.launcher.exec.DaemonUsageSuggestingBuildActionExecuter.execute(DaemonUsageSuggestingBuildActionExecuter.java:51)
	at org.gradle.launcher.exec.DaemonUsageSuggestingBuildActionExecuter.execute(DaemonUsageSuggestingBuildActionExecuter.java:28)
	at org.gradle.launcher.cli.RunBuildAction.run(RunBuildAction.java:43)
	at org.gradle.internal.Actions$RunnableActionAdapter.execute(Actions.java:173)
	at org.gradle.launcher.cli.CommandLineActionFactory$ParseAndBuildAction.execute(CommandLineActionFactory.java:239)
	at org.gradle.launcher.cli.CommandLineActionFactory$ParseAndBuildAction.execute(CommandLineActionFactory.java:212)
	at org.gradle.launcher.cli.JavaRuntimeValidationAction.execute(JavaRuntimeValidationAction.java:35)
	at org.gradle.launcher.cli.JavaRuntimeValidationAction.execute(JavaRuntimeValidationAction.java:24)
	at org.gradle.launcher.cli.ExceptionReportingAction.execute(ExceptionReportingAction.java:33)
	at org.gradle.launcher.cli.ExceptionReportingAction.execute(ExceptionReportingAction.java:22)
	at org.gradle.launcher.cli.CommandLineActionFactory$WithLogging.execute(CommandLineActionFactory.java:205)
	at org.gradle.launcher.cli.CommandLineActionFactory$WithLogging.execute(CommandLineActionFactory.java:169)
	at org.gradle.launcher.Main.doAction(Main.java:33)
	at org.gradle.launcher.bootstrap.EntryPoint.run(EntryPoint.java:45)
	at org.gradle.launcher.bootstrap.ProcessBootstrap.runNoExit(ProcessBootstrap.java:55)
	at org.gradle.launcher.bootstrap.ProcessBootstrap.run(ProcessBootstrap.java:36)
	at org.gradle.launcher.GradleMain.main(GradleMain.java:23)
	at org.gradle.wrapper.BootstrapMainStarter.start(BootstrapMainStarter.java:33)
	at org.gradle.wrapper.WrapperExecutor.execute(WrapperExecutor.java:130)
	at org.gradle.wrapper.GradleWrapperMain.main(GradleWrapperMain.java:48)
Caused by: java.awt.AWTError: Can't connect to X11 window server using ':0.0' as the value of the DISPLAY variable.
	at com.alexvasilkov.SignTask.askInDialog(SignTask.groovy:37)
	at com.alexvasilkov.SignTask.taskAction(SignTask.groovy:20)
	at org.gradle.internal.reflect.JavaMethod.invoke(JavaMethod.java:75)
	at org.gradle.api.internal.project.taskfactory.AnnotationProcessingTaskFactory$StandardTaskAction.doExecute(AnnotationProcessingTaskFactory.java:228)
	at org.gradle.api.internal.project.taskfactory.AnnotationProcessingTaskFactory$StandardTaskAction.execute(AnnotationProcessingTaskFactory.java:221)
	at org.gradle.api.internal.project.taskfactory.AnnotationProcessingTaskFactory$StandardTaskAction.execute(AnnotationProcessingTaskFactory.java:210)
	at org.gradle.api.internal.AbstractTask$TaskActionWrapper.execute(AbstractTask.java:621)
	at org.gradle.api.internal.AbstractTask$TaskActionWrapper.execute(AbstractTask.java:604)
	at org.gradle.api.internal.tasks.execution.ExecuteActionsTaskExecuter.executeAction(ExecuteActionsTaskExecuter.java:80)
	at org.gradle.api.internal.tasks.execution.ExecuteActionsTaskExecuter.executeActions(ExecuteActionsTaskExecuter.java:61)
	... 60 more


BUILD FAILED

Total time: 23.956 secs

2018-04-11 20:35:47,475 INFO  FullProcessService - Found APK file: /tmp/rdisk/109/src/sample/build/outputs/apk/sample-debug.apk
