2018-04-11 21:59:31,068 INFO  DownloadService - Downloading "https://github.com/mttkay/ignition/archive/master.zip", attempt 3
2018-04-11 22:00:31,502 INFO  GithubDownloadService - Could not find ZIP archive for master branch
2018-04-11 22:00:32,220 INFO  GithubDownloadService - Default branch of this repository: master
2018-04-11 22:00:32,221 INFO  DownloadService - Downloading "https://github.com/mttkay/ignition/archive/master.zip", attempt 3
2018-04-11 22:01:33,566 DEBUG FullProcessService - Repository https://github.com/mttkay/ignition available: true
2018-04-11 22:01:33,566 INFO  FullProcessService - Could not download ZIP file from Github, lets clone it
2018-04-11 22:01:33,566 INFO  SysUtils - Execute command: [git, clone, -q, --single-branch, --depth, 1, https://github.com/mttkay/ignition, /tmp/rdisk/35/src]
2018-04-11 22:01:35,820 INFO  SysUtils - 
2018-04-11 22:01:35,828 INFO  GitService - Deleted "/tmp/rdisk/35/src/.git": true
2018-04-11 22:01:35,838 INFO  FullProcessService - Size of directory with sources: 2 MB
2018-04-11 22:01:35,838 INFO  SysUtils - Execute command: [git, init, /tmp/rdisk/35/src]
2018-04-11 22:01:35,842 INFO  SysUtils - Initialized empty Git repository in /tmp/rdisk/35/src/.git/

2018-04-11 22:01:35,849 INFO  ProjectBuildService - Gradle wrapper(s): none
2018-04-11 22:01:35,849 ERROR ProjectBuildService - Could not detect Gradle wrapper. Default Gradle installation will be used
2018-04-11 22:01:35,856 INFO  ProjectBuildService - Build script(s): /tmp/rdisk/35/src/build.gradle /tmp/rdisk/35/src/ignition-core/ignition-core-lib/build.gradle /tmp/rdisk/35/src/ignition-location/ignition-location-lib/build.gradle /tmp/rdisk/35/src/ignition-location/ignition-location-samples/build.gradle /tmp/rdisk/35/src/ignition-support/ignition-support-lib/build.gradle
2018-04-11 22:01:35,863 INFO  ProjectBuildService - All script(s): /tmp/rdisk/35/src/settings.gradle /tmp/rdisk/35/src/ignition-support/ignition-support-lib/build.gradle /tmp/rdisk/35/src/ignition-location/ignition-location-samples/build.gradle /tmp/rdisk/35/src/ignition-location/ignition-location-lib/build.gradle /tmp/rdisk/35/src/ignition-core/ignition-core-lib/build.gradle /tmp/rdisk/35/src/build.gradle
2018-04-11 22:01:35,863 INFO  ProjectBuildService - Remote scripts: none
2018-04-11 22:01:35,863 INFO  ProjectFixService - Fixing project...
2018-04-11 22:01:35,878 INFO  LocalPropertiesFixService - Created fake /tmp/rdisk/35/src/local.properties
2018-04-11 22:01:35,880 INFO  ProjectFixService - Build info for "/tmp/rdisk/35/src/build.gradle": [buildToolsVersion=<null>,compileSdkVersion=<null>,minSdkVersion=<null>,targetSdkVersion=<null>]
2018-04-11 22:01:35,880 INFO  ProjectFixService - Fixed build info for "/tmp/rdisk/35/src/build.gradle": [buildToolsVersion=28.0.0-rc1,compileSdkVersion=27,minSdkVersion=27,targetSdkVersion=27]
2018-04-11 22:01:35,881 INFO  LocalPropertiesFixService - Created fake /tmp/rdisk/35/src/ignition-core/ignition-core-lib/local.properties
2018-04-11 22:01:35,884 INFO  ProjectFixService - Build info for "/tmp/rdisk/35/src/ignition-core/ignition-core-lib/build.gradle": [buildToolsVersion=<null>,compileSdkVersion=<null>,minSdkVersion=<null>,targetSdkVersion=<null>]
2018-04-11 22:01:35,884 INFO  ProjectFixService - Fixed build info for "/tmp/rdisk/35/src/ignition-core/ignition-core-lib/build.gradle": [buildToolsVersion=28.0.0-rc1,compileSdkVersion=27,minSdkVersion=27,targetSdkVersion=27]
2018-04-11 22:01:35,884 INFO  LocalPropertiesFixService - Created fake /tmp/rdisk/35/src/ignition-location/ignition-location-lib/local.properties
2018-04-11 22:01:35,887 INFO  ProjectFixService - Build info for "/tmp/rdisk/35/src/ignition-location/ignition-location-lib/build.gradle": [buildToolsVersion=<null>,compileSdkVersion=<null>,minSdkVersion=<null>,targetSdkVersion=<null>]
2018-04-11 22:01:35,887 INFO  ProjectFixService - Fixed build info for "/tmp/rdisk/35/src/ignition-location/ignition-location-lib/build.gradle": [buildToolsVersion=28.0.0-rc1,compileSdkVersion=27,minSdkVersion=27,targetSdkVersion=27]
2018-04-11 22:01:35,887 INFO  LocalPropertiesFixService - Created fake /tmp/rdisk/35/src/ignition-location/ignition-location-samples/local.properties
2018-04-11 22:01:35,890 INFO  ProjectFixService - Build info for "/tmp/rdisk/35/src/ignition-location/ignition-location-samples/build.gradle": [buildToolsVersion=<null>,compileSdkVersion=<null>,minSdkVersion=<null>,targetSdkVersion=<null>]
2018-04-11 22:01:35,890 INFO  ProjectFixService - Fixed build info for "/tmp/rdisk/35/src/ignition-location/ignition-location-samples/build.gradle": [buildToolsVersion=28.0.0-rc1,compileSdkVersion=27,minSdkVersion=27,targetSdkVersion=27]
2018-04-11 22:01:35,891 INFO  LocalPropertiesFixService - Created fake /tmp/rdisk/35/src/ignition-support/ignition-support-lib/local.properties
2018-04-11 22:01:35,893 INFO  ProjectFixService - Build info for "/tmp/rdisk/35/src/ignition-support/ignition-support-lib/build.gradle": [buildToolsVersion=<null>,compileSdkVersion=<null>,minSdkVersion=<null>,targetSdkVersion=<null>]
2018-04-11 22:01:35,893 INFO  ProjectFixService - Fixed build info for "/tmp/rdisk/35/src/ignition-support/ignition-support-lib/build.gradle": [buildToolsVersion=28.0.0-rc1,compileSdkVersion=27,minSdkVersion=27,targetSdkVersion=27]
2018-04-11 22:01:35,893 INFO  ProjectFixService - Project was maybe fixed
2018-04-11 22:01:35,893 INFO  ProjectTaskService - Detecting possible tasks...
2018-04-11 22:01:35,893 INFO  SysUtils - Execute command: [gradle, -b, /tmp/rdisk/35/src/build.gradle, -Dorg.gradle.daemon=false, -Dorg.gradle.daemon.performance.enable-monitoring=false, -Dorg.gradle.configureondemand=true, tasks]
2018-04-11 22:01:38,529 ERROR ProjectTaskService - Could not detect possible Gradle tasks: Process exited with an error: 1 (Exit value: 1)
2018-04-11 22:01:38,529 INFO  ProjectTaskService - Detected possible tasks: 0
2018-04-11 22:01:38,529 INFO  ProjectTaskService - Excluded tasks (0): none
2018-04-11 22:01:38,529 INFO  SysUtils - Execute command: [gradle, -b, /tmp/rdisk/35/src/build.gradle, -Dorg.gradle.daemon=false, -Dorg.gradle.daemon.performance.enable-monitoring=false, -Dorg.gradle.configureondemand=true, --stacktrace, build]
2018-04-11 22:01:40,900 ERROR SysUtils - Could not process external command
org.apache.commons.exec.ExecuteException: Process exited with an error: 1 (Exit value: 1)
	at org.apache.commons.exec.DefaultExecutor.executeInternal(DefaultExecutor.java:404)
	at org.apache.commons.exec.DefaultExecutor.execute(DefaultExecutor.java:166)
	at com.github.vbauer.apkmaster.util.SysUtils.execute(SysUtils.java:67)
	at com.github.vbauer.apkmaster.util.SysUtils.executeSimple(SysUtils.java:43)
	at com.github.vbauer.apkmaster.service.assembly.ProjectBuildService.buildProject(ProjectBuildService.java:78)
	at com.github.vbauer.apkmaster.service.assembly.ProjectBuildService.buildProject(ProjectBuildService.java:64)
	at com.github.vbauer.apkmaster.service.assembly.ProjectBuildService.buildProject(ProjectBuildService.java:43)
	at com.github.vbauer.apkmaster.service.FullProcessService.build(FullProcessService.java:84)
	at com.github.vbauer.apkmaster.service.FullProcessService.process(FullProcessService.java:34)
	at com.github.vbauer.apkmaster.app.MainApplication.process(MainApplication.java:38)
	at com.github.vbauer.apkmaster.app.MainApplication.main(MainApplication.java:20)
	at sun.reflect.GeneratedMethodAccessor8.invoke(Unknown Source)
	at sun.reflect.DelegatingMethodAccessorImpl.invoke(DelegatingMethodAccessorImpl.java:43)
	at java.lang.reflect.Method.invoke(Method.java:498)
	at com.android.arsenal.util.ReflectionUtils.invoke(ReflectionUtils.java:42)
	at com.android.arsenal.util.ApkMasterUtils.main(ApkMasterUtils.java:30)
	at com.android.arsenal.service.processor.impl.BuildProcessorServiceImpl.buildProject(BuildProcessorServiceImpl.java:197)
	at com.android.arsenal.service.processor.impl.BuildProcessorServiceImpl.build(BuildProcessorServiceImpl.java:131)
	at com.android.arsenal.service.processor.impl.BuildProcessorServiceImpl.lambda$null$1(BuildProcessorServiceImpl.java:114)
	at java.util.concurrent.FutureTask.run(FutureTask.java:266)
	at java.util.concurrent.Executors$RunnableAdapter.call(Executors.java:511)
	at java.util.concurrent.FutureTask.run(FutureTask.java:266)
	at java.util.concurrent.ThreadPoolExecutor.runWorker(ThreadPoolExecutor.java:1149)
	at java.util.concurrent.ThreadPoolExecutor$Worker.run(ThreadPoolExecutor.java:624)
	at java.lang.Thread.run(Thread.java:748)
2018-04-11 22:01:40,900 INFO  SysUtils - Configuration on demand is an incubating feature.

FAILURE: Build failed with an exception.

* Where:
Build file '/tmp/rdisk/35/src/build.gradle' line: 1

* What went wrong:
A problem occurred evaluating root project 'src'.
> Could not find method dependsOnChildren() for arguments [] on root project 'src' of type org.gradle.api.Project.

* Try:
Run with --info or --debug option to get more log output.

* Exception is:
org.gradle.api.GradleScriptException: A problem occurred evaluating root project 'src'.
	at org.gradle.groovy.scripts.internal.DefaultScriptRunnerFactory$ScriptRunnerImpl.run(DefaultScriptRunnerFactory.java:92)
	at org.gradle.configuration.DefaultScriptPluginFactory$ScriptPluginImpl$2.run(DefaultScriptPluginFactory.java:176)
	at org.gradle.configuration.ProjectScriptTarget.addConfiguration(ProjectScriptTarget.java:77)
	at org.gradle.configuration.DefaultScriptPluginFactory$ScriptPluginImpl.apply(DefaultScriptPluginFactory.java:181)
	at org.gradle.configuration.project.BuildScriptProcessor.execute(BuildScriptProcessor.java:39)
	at org.gradle.configuration.project.BuildScriptProcessor.execute(BuildScriptProcessor.java:26)
	at org.gradle.configuration.project.ConfigureActionsProjectEvaluator.evaluate(ConfigureActionsProjectEvaluator.java:34)
	at org.gradle.configuration.project.LifecycleProjectEvaluator.doConfigure(LifecycleProjectEvaluator.java:70)
	at org.gradle.configuration.project.LifecycleProjectEvaluator.access$000(LifecycleProjectEvaluator.java:33)
	at org.gradle.configuration.project.LifecycleProjectEvaluator$1.execute(LifecycleProjectEvaluator.java:53)
	at org.gradle.configuration.project.LifecycleProjectEvaluator$1.execute(LifecycleProjectEvaluator.java:50)
	at org.gradle.internal.Transformers$4.transform(Transformers.java:169)
	at org.gradle.internal.progress.DefaultBuildOperationExecutor.run(DefaultBuildOperationExecutor.java:106)
	at org.gradle.internal.progress.DefaultBuildOperationExecutor.run(DefaultBuildOperationExecutor.java:61)
	at org.gradle.configuration.project.LifecycleProjectEvaluator.evaluate(LifecycleProjectEvaluator.java:50)
	at org.gradle.api.internal.project.DefaultProject.evaluate(DefaultProject.java:648)
	at org.gradle.api.internal.project.DefaultProject.evaluate(DefaultProject.java:126)
	at org.gradle.execution.TaskPathProjectEvaluator.configure(TaskPathProjectEvaluator.java:35)
	at org.gradle.configuration.DefaultBuildConfigurer.configure(DefaultBuildConfigurer.java:36)
	at org.gradle.initialization.DefaultGradleLauncher$ConfigureBuildAction.execute(DefaultGradleLauncher.java:207)
	at org.gradle.initialization.DefaultGradleLauncher$ConfigureBuildAction.execute(DefaultGradleLauncher.java:204)
	at org.gradle.internal.Transformers$4.transform(Transformers.java:169)
	at org.gradle.internal.progress.DefaultBuildOperationExecutor.run(DefaultBuildOperationExecutor.java:106)
	at org.gradle.internal.progress.DefaultBuildOperationExecutor.run(DefaultBuildOperationExecutor.java:56)
	at org.gradle.initialization.DefaultGradleLauncher.doBuildStages(DefaultGradleLauncher.java:146)
	at org.gradle.initialization.DefaultGradleLauncher.doBuild(DefaultGradleLauncher.java:112)
	at org.gradle.initialization.DefaultGradleLauncher.run(DefaultGradleLauncher.java:95)
	at org.gradle.launcher.exec.GradleBuildController.run(GradleBuildController.java:66)
	at org.gradle.tooling.internal.provider.ExecuteBuildActionRunner.run(ExecuteBuildActionRunner.java:28)
	at org.gradle.launcher.exec.ChainingBuildActionRunner.run(ChainingBuildActionRunner.java:35)
	at org.gradle.launcher.exec.InProcessBuildActionExecuter.execute(InProcessBuildActionExecuter.java:41)
	at org.gradle.launcher.exec.InProcessBuildActionExecuter.execute(InProcessBuildActionExecuter.java:26)
	at org.gradle.tooling.internal.provider.ContinuousBuildActionExecuter.execute(ContinuousBuildActionExecuter.java:75)
	at org.gradle.tooling.internal.provider.ContinuousBuildActionExecuter.execute(ContinuousBuildActionExecuter.java:49)
	at org.gradle.tooling.internal.provider.ServicesSetupBuildActionExecuter.execute(ServicesSetupBuildActionExecuter.java:49)
	at org.gradle.tooling.internal.provider.ServicesSetupBuildActionExecuter.execute(ServicesSetupBuildActionExecuter.java:31)
	at org.gradle.launcher.cli.RunBuildAction.run(RunBuildAction.java:51)
	at org.gradle.internal.Actions$RunnableActionAdapter.execute(Actions.java:173)
	at org.gradle.launcher.cli.CommandLineActionFactory$ParseAndBuildAction.execute(CommandLineActionFactory.java:281)
	at org.gradle.launcher.cli.CommandLineActionFactory$ParseAndBuildAction.execute(CommandLineActionFactory.java:254)
	at org.gradle.launcher.cli.JavaRuntimeValidationAction.execute(JavaRuntimeValidationAction.java:33)
	at org.gradle.launcher.cli.JavaRuntimeValidationAction.execute(JavaRuntimeValidationAction.java:24)
	at org.gradle.launcher.cli.ExceptionReportingAction.execute(ExceptionReportingAction.java:33)
	at org.gradle.launcher.cli.ExceptionReportingAction.execute(ExceptionReportingAction.java:22)
	at org.gradle.launcher.cli.CommandLineActionFactory$WithLogging.execute(CommandLineActionFactory.java:247)
	at org.gradle.launcher.cli.CommandLineActionFactory$WithLogging.execute(CommandLineActionFactory.java:182)
	at org.gradle.launcher.Main.doAction(Main.java:33)
	at org.gradle.launcher.bootstrap.EntryPoint.run(EntryPoint.java:45)
	at org.gradle.launcher.bootstrap.ProcessBootstrap.runNoExit(ProcessBootstrap.java:60)
	at org.gradle.launcher.bootstrap.ProcessBootstrap.run(ProcessBootstrap.java:37)
	at org.gradle.launcher.GradleMain.main(GradleMain.java:23)
Caused by: org.gradle.internal.metaobject.AbstractDynamicObject$CustomMessageMissingMethodException: Could not find method dependsOnChildren() for arguments [] on root project 'src' of type org.gradle.api.Project.
	at org.gradle.internal.metaobject.AbstractDynamicObject.methodMissingException(AbstractDynamicObject.java:182)
	at org.gradle.groovy.scripts.BasicScript.invokeMethod(BasicScript.java:111)
	at org.gradle.groovy.scripts.BasicScript.methodMissing(BasicScript.java:116)
	at build_c5u38kfe4ehm2yazqpoak4y0k.run(/tmp/rdisk/35/src/build.gradle:1)
	at org.gradle.groovy.scripts.internal.DefaultScriptRunnerFactory$ScriptRunnerImpl.run(DefaultScriptRunnerFactory.java:90)
	... 50 more


BUILD FAILED

Total time: 2.274 secs

2018-04-11 22:01:40,909 INFO  ProjectTaskService - Detecting possible tasks...
2018-04-11 22:01:40,909 INFO  SysUtils - Execute command: [gradle, -b, /tmp/rdisk/35/src/ignition-core/ignition-core-lib/build.gradle, -Dorg.gradle.daemon=false, -Dorg.gradle.daemon.performance.enable-monitoring=false, -Dorg.gradle.configureondemand=true, tasks]
2018-04-11 22:01:43,798 ERROR ProjectTaskService - Could not detect possible Gradle tasks: Process exited with an error: 1 (Exit value: 1)
2018-04-11 22:01:43,799 INFO  ProjectTaskService - Detected possible tasks: 0
2018-04-11 22:01:43,799 INFO  ProjectTaskService - Excluded tasks (0): none
2018-04-11 22:01:43,799 INFO  SysUtils - Execute command: [gradle, -b, /tmp/rdisk/35/src/ignition-core/ignition-core-lib/build.gradle, -Dorg.gradle.daemon=false, -Dorg.gradle.daemon.performance.enable-monitoring=false, -Dorg.gradle.configureondemand=true, --stacktrace, build]
2018-04-11 22:01:46,365 ERROR SysUtils - Could not process external command
org.apache.commons.exec.ExecuteException: Process exited with an error: 1 (Exit value: 1)
	at org.apache.commons.exec.DefaultExecutor.executeInternal(DefaultExecutor.java:404)
	at org.apache.commons.exec.DefaultExecutor.execute(DefaultExecutor.java:166)
	at com.github.vbauer.apkmaster.util.SysUtils.execute(SysUtils.java:67)
	at com.github.vbauer.apkmaster.util.SysUtils.executeSimple(SysUtils.java:43)
	at com.github.vbauer.apkmaster.service.assembly.ProjectBuildService.buildProject(ProjectBuildService.java:78)
	at com.github.vbauer.apkmaster.service.assembly.ProjectBuildService.buildProject(ProjectBuildService.java:64)
	at com.github.vbauer.apkmaster.service.assembly.ProjectBuildService.buildProject(ProjectBuildService.java:43)
	at com.github.vbauer.apkmaster.service.FullProcessService.build(FullProcessService.java:84)
	at com.github.vbauer.apkmaster.service.FullProcessService.process(FullProcessService.java:34)
	at com.github.vbauer.apkmaster.app.MainApplication.process(MainApplication.java:38)
	at com.github.vbauer.apkmaster.app.MainApplication.main(MainApplication.java:20)
	at sun.reflect.GeneratedMethodAccessor8.invoke(Unknown Source)
	at sun.reflect.DelegatingMethodAccessorImpl.invoke(DelegatingMethodAccessorImpl.java:43)
	at java.lang.reflect.Method.invoke(Method.java:498)
	at com.android.arsenal.util.ReflectionUtils.invoke(ReflectionUtils.java:42)
	at com.android.arsenal.util.ApkMasterUtils.main(ApkMasterUtils.java:30)
	at com.android.arsenal.service.processor.impl.BuildProcessorServiceImpl.buildProject(BuildProcessorServiceImpl.java:197)
	at com.android.arsenal.service.processor.impl.BuildProcessorServiceImpl.build(BuildProcessorServiceImpl.java:131)
	at com.android.arsenal.service.processor.impl.BuildProcessorServiceImpl.lambda$null$1(BuildProcessorServiceImpl.java:114)
	at java.util.concurrent.FutureTask.run(FutureTask.java:266)
	at java.util.concurrent.Executors$RunnableAdapter.call(Executors.java:511)
	at java.util.concurrent.FutureTask.run(FutureTask.java:266)
	at java.util.concurrent.ThreadPoolExecutor.runWorker(ThreadPoolExecutor.java:1149)
	at java.util.concurrent.ThreadPoolExecutor$Worker.run(ThreadPoolExecutor.java:624)
	at java.lang.Thread.run(Thread.java:748)
2018-04-11 22:01:46,366 INFO  SysUtils - Configuration on demand is an incubating feature.

FAILURE: Build failed with an exception.

* Where:
Build file '/tmp/rdisk/35/src/ignition-core/ignition-core-lib/build.gradle' line: 5

* What went wrong:
A problem occurred evaluating root project 'ignition-core-lib'.
> Could not find method mavenRepo() for arguments [{urls=http://jvoegele.com/maven2/}] on repository container of type org.gradle.api.internal.artifacts.dsl.DefaultRepositoryHandler.

* Try:
Run with --info or --debug option to get more log output.

* Exception is:
org.gradle.api.GradleScriptException: A problem occurred evaluating root project 'ignition-core-lib'.
	at org.gradle.groovy.scripts.internal.DefaultScriptRunnerFactory$ScriptRunnerImpl.run(DefaultScriptRunnerFactory.java:92)
	at org.gradle.configuration.DefaultScriptPluginFactory$ScriptPluginImpl.apply(DefaultScriptPluginFactory.java:152)
	at org.gradle.configuration.project.BuildScriptProcessor.execute(BuildScriptProcessor.java:39)
	at org.gradle.configuration.project.BuildScriptProcessor.execute(BuildScriptProcessor.java:26)
	at org.gradle.configuration.project.ConfigureActionsProjectEvaluator.evaluate(ConfigureActionsProjectEvaluator.java:34)
	at org.gradle.configuration.project.LifecycleProjectEvaluator.doConfigure(LifecycleProjectEvaluator.java:70)
	at org.gradle.configuration.project.LifecycleProjectEvaluator.access$000(LifecycleProjectEvaluator.java:33)
	at org.gradle.configuration.project.LifecycleProjectEvaluator$1.execute(LifecycleProjectEvaluator.java:53)
	at org.gradle.configuration.project.LifecycleProjectEvaluator$1.execute(LifecycleProjectEvaluator.java:50)
	at org.gradle.internal.Transformers$4.transform(Transformers.java:169)
	at org.gradle.internal.progress.DefaultBuildOperationExecutor.run(DefaultBuildOperationExecutor.java:106)
	at org.gradle.internal.progress.DefaultBuildOperationExecutor.run(DefaultBuildOperationExecutor.java:61)
	at org.gradle.configuration.project.LifecycleProjectEvaluator.evaluate(LifecycleProjectEvaluator.java:50)
	at org.gradle.api.internal.project.DefaultProject.evaluate(DefaultProject.java:648)
	at org.gradle.api.internal.project.DefaultProject.evaluate(DefaultProject.java:126)
	at org.gradle.execution.TaskPathProjectEvaluator.configure(TaskPathProjectEvaluator.java:35)
	at org.gradle.configuration.DefaultBuildConfigurer.configure(DefaultBuildConfigurer.java:36)
	at org.gradle.initialization.DefaultGradleLauncher$ConfigureBuildAction.execute(DefaultGradleLauncher.java:207)
	at org.gradle.initialization.DefaultGradleLauncher$ConfigureBuildAction.execute(DefaultGradleLauncher.java:204)
	at org.gradle.internal.Transformers$4.transform(Transformers.java:169)
	at org.gradle.internal.progress.DefaultBuildOperationExecutor.run(DefaultBuildOperationExecutor.java:106)
	at org.gradle.internal.progress.DefaultBuildOperationExecutor.run(DefaultBuildOperationExecutor.java:56)
	at org.gradle.initialization.DefaultGradleLauncher.doBuildStages(DefaultGradleLauncher.java:146)
	at org.gradle.initialization.DefaultGradleLauncher.doBuild(DefaultGradleLauncher.java:112)
	at org.gradle.initialization.DefaultGradleLauncher.run(DefaultGradleLauncher.java:95)
	at org.gradle.launcher.exec.GradleBuildController.run(GradleBuildController.java:66)
	at org.gradle.tooling.internal.provider.ExecuteBuildActionRunner.run(ExecuteBuildActionRunner.java:28)
	at org.gradle.launcher.exec.ChainingBuildActionRunner.run(ChainingBuildActionRunner.java:35)
	at org.gradle.launcher.exec.InProcessBuildActionExecuter.execute(InProcessBuildActionExecuter.java:41)
	at org.gradle.launcher.exec.InProcessBuildActionExecuter.execute(InProcessBuildActionExecuter.java:26)
	at org.gradle.tooling.internal.provider.ContinuousBuildActionExecuter.execute(ContinuousBuildActionExecuter.java:75)
	at org.gradle.tooling.internal.provider.ContinuousBuildActionExecuter.execute(ContinuousBuildActionExecuter.java:49)
	at org.gradle.tooling.internal.provider.ServicesSetupBuildActionExecuter.execute(ServicesSetupBuildActionExecuter.java:49)
	at org.gradle.tooling.internal.provider.ServicesSetupBuildActionExecuter.execute(ServicesSetupBuildActionExecuter.java:31)
	at org.gradle.launcher.cli.RunBuildAction.run(RunBuildAction.java:51)
	at org.gradle.internal.Actions$RunnableActionAdapter.execute(Actions.java:173)
	at org.gradle.launcher.cli.CommandLineActionFactory$ParseAndBuildAction.execute(CommandLineActionFactory.java:281)
	at org.gradle.launcher.cli.CommandLineActionFactory$ParseAndBuildAction.execute(CommandLineActionFactory.java:254)
	at org.gradle.launcher.cli.JavaRuntimeValidationAction.execute(JavaRuntimeValidationAction.java:33)
	at org.gradle.launcher.cli.JavaRuntimeValidationAction.execute(JavaRuntimeValidationAction.java:24)
	at org.gradle.launcher.cli.ExceptionReportingAction.execute(ExceptionReportingAction.java:33)
	at org.gradle.launcher.cli.ExceptionReportingAction.execute(ExceptionReportingAction.java:22)
	at org.gradle.launcher.cli.CommandLineActionFactory$WithLogging.execute(CommandLineActionFactory.java:247)
	at org.gradle.launcher.cli.CommandLineActionFactory$WithLogging.execute(CommandLineActionFactory.java:182)
	at org.gradle.launcher.Main.doAction(Main.java:33)
	at org.gradle.launcher.bootstrap.EntryPoint.run(EntryPoint.java:45)
	at org.gradle.launcher.bootstrap.ProcessBootstrap.runNoExit(ProcessBootstrap.java:60)
	at org.gradle.launcher.bootstrap.ProcessBootstrap.run(ProcessBootstrap.java:37)
	at org.gradle.launcher.GradleMain.main(GradleMain.java:23)
Caused by: org.gradle.internal.metaobject.AbstractDynamicObject$CustomMessageMissingMethodException: Could not find method mavenRepo() for arguments [{urls=http://jvoegele.com/maven2/}] on repository container of type org.gradle.api.internal.artifacts.dsl.DefaultRepositoryHandler.
	at org.gradle.internal.metaobject.AbstractDynamicObject.methodMissingException(AbstractDynamicObject.java:182)
	at org.gradle.internal.metaobject.ConfigureDelegate.invokeMethod(ConfigureDelegate.java:89)
	at build_exsqymki40rofeepbwj5h4dln$_run_closure1$_closure2.doCall(/tmp/rdisk/35/src/ignition-core/ignition-core-lib/build.gradle:5)
	at org.gradle.api.internal.ClosureBackedAction.execute(ClosureBackedAction.java:71)
	at org.gradle.util.ConfigureUtil.configureTarget(ConfigureUtil.java:160)
	at org.gradle.util.ConfigureUtil.configureSelf(ConfigureUtil.java:136)
	at org.gradle.api.internal.artifacts.DefaultArtifactRepositoryContainer.configure(DefaultArtifactRepositoryContainer.java:66)
	at org.gradle.api.internal.artifacts.DefaultArtifactRepositoryContainer.configure(DefaultArtifactRepositoryContainer.java:33)
	at org.gradle.util.ConfigureUtil.configure(ConfigureUtil.java:104)
	at org.gradle.api.internal.initialization.DefaultScriptHandler.repositories(DefaultScriptHandler.java:91)
	at org.gradle.internal.metaobject.BeanDynamicObject$MetaClassAdapter.invokeMethod(BeanDynamicObject.java:464)
	at org.gradle.internal.metaobject.BeanDynamicObject.invokeMethod(BeanDynamicObject.java:176)
	at org.gradle.internal.metaobject.ConfigureDelegate.invokeMethod(ConfigureDelegate.java:59)
	at build_exsqymki40rofeepbwj5h4dln$_run_closure1.doCall(/tmp/rdisk/35/src/ignition-core/ignition-core-lib/build.gradle:3)
	at org.gradle.api.internal.ClosureBackedAction.execute(ClosureBackedAction.java:71)
	at org.gradle.util.ConfigureUtil.configureTarget(ConfigureUtil.java:160)
	at org.gradle.util.ConfigureUtil.configure(ConfigureUtil.java:106)
	at org.gradle.api.internal.project.DefaultProject.buildscript(DefaultProject.java:1126)
	at org.gradle.api.internal.project.ProjectScript.buildscript(ProjectScript.java:42)
	at org.gradle.api.Script$buildscript.callCurrent(Unknown Source)
	at build_exsqymki40rofeepbwj5h4dln.run(/tmp/rdisk/35/src/ignition-core/ignition-core-lib/build.gradle:2)
	at org.gradle.groovy.scripts.internal.DefaultScriptRunnerFactory$ScriptRunnerImpl.run(DefaultScriptRunnerFactory.java:90)
	... 48 more


BUILD FAILED

Total time: 2.384 secs

2018-04-11 22:01:46,373 INFO  ProjectTaskService - Detecting possible tasks...
2018-04-11 22:01:46,374 INFO  SysUtils - Execute command: [gradle, -b, /tmp/rdisk/35/src/ignition-location/ignition-location-lib/build.gradle, -Dorg.gradle.daemon=false, -Dorg.gradle.daemon.performance.enable-monitoring=false, -Dorg.gradle.configureondemand=true, tasks]
2018-04-11 22:01:49,067 ERROR ProjectTaskService - Could not detect possible Gradle tasks: Process exited with an error: 1 (Exit value: 1)
2018-04-11 22:01:49,067 INFO  ProjectTaskService - Detected possible tasks: 0
2018-04-11 22:01:49,067 INFO  ProjectTaskService - Excluded tasks (0): none
2018-04-11 22:01:49,067 INFO  SysUtils - Execute command: [gradle, -b, /tmp/rdisk/35/src/ignition-location/ignition-location-lib/build.gradle, -Dorg.gradle.daemon=false, -Dorg.gradle.daemon.performance.enable-monitoring=false, -Dorg.gradle.configureondemand=true, --stacktrace, build]
2018-04-11 22:01:51,662 ERROR SysUtils - Could not process external command
org.apache.commons.exec.ExecuteException: Process exited with an error: 1 (Exit value: 1)
	at org.apache.commons.exec.DefaultExecutor.executeInternal(DefaultExecutor.java:404)
	at org.apache.commons.exec.DefaultExecutor.execute(DefaultExecutor.java:166)
	at com.github.vbauer.apkmaster.util.SysUtils.execute(SysUtils.java:67)
	at com.github.vbauer.apkmaster.util.SysUtils.executeSimple(SysUtils.java:43)
	at com.github.vbauer.apkmaster.service.assembly.ProjectBuildService.buildProject(ProjectBuildService.java:78)
	at com.github.vbauer.apkmaster.service.assembly.ProjectBuildService.buildProject(ProjectBuildService.java:64)
	at com.github.vbauer.apkmaster.service.assembly.ProjectBuildService.buildProject(ProjectBuildService.java:43)
	at com.github.vbauer.apkmaster.service.FullProcessService.build(FullProcessService.java:84)
	at com.github.vbauer.apkmaster.service.FullProcessService.process(FullProcessService.java:34)
	at com.github.vbauer.apkmaster.app.MainApplication.process(MainApplication.java:38)
	at com.github.vbauer.apkmaster.app.MainApplication.main(MainApplication.java:20)
	at sun.reflect.GeneratedMethodAccessor8.invoke(Unknown Source)
	at sun.reflect.DelegatingMethodAccessorImpl.invoke(DelegatingMethodAccessorImpl.java:43)
	at java.lang.reflect.Method.invoke(Method.java:498)
	at com.android.arsenal.util.ReflectionUtils.invoke(ReflectionUtils.java:42)
	at com.android.arsenal.util.ApkMasterUtils.main(ApkMasterUtils.java:30)
	at com.android.arsenal.service.processor.impl.BuildProcessorServiceImpl.buildProject(BuildProcessorServiceImpl.java:197)
	at com.android.arsenal.service.processor.impl.BuildProcessorServiceImpl.build(BuildProcessorServiceImpl.java:131)
	at com.android.arsenal.service.processor.impl.BuildProcessorServiceImpl.lambda$null$1(BuildProcessorServiceImpl.java:114)
	at java.util.concurrent.FutureTask.run(FutureTask.java:266)
	at java.util.concurrent.Executors$RunnableAdapter.call(Executors.java:511)
	at java.util.concurrent.FutureTask.run(FutureTask.java:266)
	at java.util.concurrent.ThreadPoolExecutor.runWorker(ThreadPoolExecutor.java:1149)
	at java.util.concurrent.ThreadPoolExecutor$Worker.run(ThreadPoolExecutor.java:624)
	at java.lang.Thread.run(Thread.java:748)
2018-04-11 22:01:51,663 INFO  SysUtils - Configuration on demand is an incubating feature.

FAILURE: Build failed with an exception.

* Where:
Build file '/tmp/rdisk/35/src/ignition-location/ignition-location-lib/build.gradle' line: 5

* What went wrong:
A problem occurred evaluating root project 'ignition-location-lib'.
> Could not find method mavenRepo() for arguments [{urls=http://jvoegele.com/maven2/}] on repository container of type org.gradle.api.internal.artifacts.dsl.DefaultRepositoryHandler.

* Try:
Run with --info or --debug option to get more log output.

* Exception is:
org.gradle.api.GradleScriptException: A problem occurred evaluating root project 'ignition-location-lib'.
	at org.gradle.groovy.scripts.internal.DefaultScriptRunnerFactory$ScriptRunnerImpl.run(DefaultScriptRunnerFactory.java:92)
	at org.gradle.configuration.DefaultScriptPluginFactory$ScriptPluginImpl.apply(DefaultScriptPluginFactory.java:152)
	at org.gradle.configuration.project.BuildScriptProcessor.execute(BuildScriptProcessor.java:39)
	at org.gradle.configuration.project.BuildScriptProcessor.execute(BuildScriptProcessor.java:26)
	at org.gradle.configuration.project.ConfigureActionsProjectEvaluator.evaluate(ConfigureActionsProjectEvaluator.java:34)
	at org.gradle.configuration.project.LifecycleProjectEvaluator.doConfigure(LifecycleProjectEvaluator.java:70)
	at org.gradle.configuration.project.LifecycleProjectEvaluator.access$000(LifecycleProjectEvaluator.java:33)
	at org.gradle.configuration.project.LifecycleProjectEvaluator$1.execute(LifecycleProjectEvaluator.java:53)
	at org.gradle.configuration.project.LifecycleProjectEvaluator$1.execute(LifecycleProjectEvaluator.java:50)
	at org.gradle.internal.Transformers$4.transform(Transformers.java:169)
	at org.gradle.internal.progress.DefaultBuildOperationExecutor.run(DefaultBuildOperationExecutor.java:106)
	at org.gradle.internal.progress.DefaultBuildOperationExecutor.run(DefaultBuildOperationExecutor.java:61)
	at org.gradle.configuration.project.LifecycleProjectEvaluator.evaluate(LifecycleProjectEvaluator.java:50)
	at org.gradle.api.internal.project.DefaultProject.evaluate(DefaultProject.java:648)
	at org.gradle.api.internal.project.DefaultProject.evaluate(DefaultProject.java:126)
	at org.gradle.execution.TaskPathProjectEvaluator.configure(TaskPathProjectEvaluator.java:35)
	at org.gradle.configuration.DefaultBuildConfigurer.configure(DefaultBuildConfigurer.java:36)
	at org.gradle.initialization.DefaultGradleLauncher$ConfigureBuildAction.execute(DefaultGradleLauncher.java:207)
	at org.gradle.initialization.DefaultGradleLauncher$ConfigureBuildAction.execute(DefaultGradleLauncher.java:204)
	at org.gradle.internal.Transformers$4.transform(Transformers.java:169)
	at org.gradle.internal.progress.DefaultBuildOperationExecutor.run(DefaultBuildOperationExecutor.java:106)
	at org.gradle.internal.progress.DefaultBuildOperationExecutor.run(DefaultBuildOperationExecutor.java:56)
	at org.gradle.initialization.DefaultGradleLauncher.doBuildStages(DefaultGradleLauncher.java:146)
	at org.gradle.initialization.DefaultGradleLauncher.doBuild(DefaultGradleLauncher.java:112)
	at org.gradle.initialization.DefaultGradleLauncher.run(DefaultGradleLauncher.java:95)
	at org.gradle.launcher.exec.GradleBuildController.run(GradleBuildController.java:66)
	at org.gradle.tooling.internal.provider.ExecuteBuildActionRunner.run(ExecuteBuildActionRunner.java:28)
	at org.gradle.launcher.exec.ChainingBuildActionRunner.run(ChainingBuildActionRunner.java:35)
	at org.gradle.launcher.exec.InProcessBuildActionExecuter.execute(InProcessBuildActionExecuter.java:41)
	at org.gradle.launcher.exec.InProcessBuildActionExecuter.execute(InProcessBuildActionExecuter.java:26)
	at org.gradle.tooling.internal.provider.ContinuousBuildActionExecuter.execute(ContinuousBuildActionExecuter.java:75)
	at org.gradle.tooling.internal.provider.ContinuousBuildActionExecuter.execute(ContinuousBuildActionExecuter.java:49)
	at org.gradle.tooling.internal.provider.ServicesSetupBuildActionExecuter.execute(ServicesSetupBuildActionExecuter.java:49)
	at org.gradle.tooling.internal.provider.ServicesSetupBuildActionExecuter.execute(ServicesSetupBuildActionExecuter.java:31)
	at org.gradle.launcher.cli.RunBuildAction.run(RunBuildAction.java:51)
	at org.gradle.internal.Actions$RunnableActionAdapter.execute(Actions.java:173)
	at org.gradle.launcher.cli.CommandLineActionFactory$ParseAndBuildAction.execute(CommandLineActionFactory.java:281)
	at org.gradle.launcher.cli.CommandLineActionFactory$ParseAndBuildAction.execute(CommandLineActionFactory.java:254)
	at org.gradle.launcher.cli.JavaRuntimeValidationAction.execute(JavaRuntimeValidationAction.java:33)
	at org.gradle.launcher.cli.JavaRuntimeValidationAction.execute(JavaRuntimeValidationAction.java:24)
	at org.gradle.launcher.cli.ExceptionReportingAction.execute(ExceptionReportingAction.java:33)
	at org.gradle.launcher.cli.ExceptionReportingAction.execute(ExceptionReportingAction.java:22)
	at org.gradle.launcher.cli.CommandLineActionFactory$WithLogging.execute(CommandLineActionFactory.java:247)
	at org.gradle.launcher.cli.CommandLineActionFactory$WithLogging.execute(CommandLineActionFactory.java:182)
	at org.gradle.launcher.Main.doAction(Main.java:33)
	at org.gradle.launcher.bootstrap.EntryPoint.run(EntryPoint.java:45)
	at org.gradle.launcher.bootstrap.ProcessBootstrap.runNoExit(ProcessBootstrap.java:60)
	at org.gradle.launcher.bootstrap.ProcessBootstrap.run(ProcessBootstrap.java:37)
	at org.gradle.launcher.GradleMain.main(GradleMain.java:23)
Caused by: org.gradle.internal.metaobject.AbstractDynamicObject$CustomMessageMissingMethodException: Could not find method mavenRepo() for arguments [{urls=http://jvoegele.com/maven2/}] on repository container of type org.gradle.api.internal.artifacts.dsl.DefaultRepositoryHandler.
	at org.gradle.internal.metaobject.AbstractDynamicObject.methodMissingException(AbstractDynamicObject.java:182)
	at org.gradle.internal.metaobject.ConfigureDelegate.invokeMethod(ConfigureDelegate.java:89)
	at build_chntfckm9xurk6vfmhci9usmp$_run_closure1$_closure2.doCall(/tmp/rdisk/35/src/ignition-location/ignition-location-lib/build.gradle:5)
	at org.gradle.api.internal.ClosureBackedAction.execute(ClosureBackedAction.java:71)
	at org.gradle.util.ConfigureUtil.configureTarget(ConfigureUtil.java:160)
	at org.gradle.util.ConfigureUtil.configureSelf(ConfigureUtil.java:136)
	at org.gradle.api.internal.artifacts.DefaultArtifactRepositoryContainer.configure(DefaultArtifactRepositoryContainer.java:66)
	at org.gradle.api.internal.artifacts.DefaultArtifactRepositoryContainer.configure(DefaultArtifactRepositoryContainer.java:33)
	at org.gradle.util.ConfigureUtil.configure(ConfigureUtil.java:104)
	at org.gradle.api.internal.initialization.DefaultScriptHandler.repositories(DefaultScriptHandler.java:91)
	at org.gradle.internal.metaobject.BeanDynamicObject$MetaClassAdapter.invokeMethod(BeanDynamicObject.java:464)
	at org.gradle.internal.metaobject.BeanDynamicObject.invokeMethod(BeanDynamicObject.java:176)
	at org.gradle.internal.metaobject.ConfigureDelegate.invokeMethod(ConfigureDelegate.java:59)
	at build_chntfckm9xurk6vfmhci9usmp$_run_closure1.doCall(/tmp/rdisk/35/src/ignition-location/ignition-location-lib/build.gradle:3)
	at org.gradle.api.internal.ClosureBackedAction.execute(ClosureBackedAction.java:71)
	at org.gradle.util.ConfigureUtil.configureTarget(ConfigureUtil.java:160)
	at org.gradle.util.ConfigureUtil.configure(ConfigureUtil.java:106)
	at org.gradle.api.internal.project.DefaultProject.buildscript(DefaultProject.java:1126)
	at org.gradle.api.internal.project.ProjectScript.buildscript(ProjectScript.java:42)
	at org.gradle.api.Script$buildscript.callCurrent(Unknown Source)
	at build_chntfckm9xurk6vfmhci9usmp.run(/tmp/rdisk/35/src/ignition-location/ignition-location-lib/build.gradle:2)
	at org.gradle.groovy.scripts.internal.DefaultScriptRunnerFactory$ScriptRunnerImpl.run(DefaultScriptRunnerFactory.java:90)
	... 48 more


BUILD FAILED

Total time: 2.421 secs

2018-04-11 22:01:51,670 INFO  ProjectTaskService - Detecting possible tasks...
2018-04-11 22:01:51,670 INFO  SysUtils - Execute command: [gradle, -b, /tmp/rdisk/35/src/ignition-location/ignition-location-samples/build.gradle, -Dorg.gradle.daemon=false, -Dorg.gradle.daemon.performance.enable-monitoring=false, -Dorg.gradle.configureondemand=true, tasks]
2018-04-11 22:01:54,410 ERROR ProjectTaskService - Could not detect possible Gradle tasks: Process exited with an error: 1 (Exit value: 1)
2018-04-11 22:01:54,410 INFO  ProjectTaskService - Detected possible tasks: 0
2018-04-11 22:01:54,410 INFO  ProjectTaskService - Excluded tasks (0): none
2018-04-11 22:01:54,410 INFO  SysUtils - Execute command: [gradle, -b, /tmp/rdisk/35/src/ignition-location/ignition-location-samples/build.gradle, -Dorg.gradle.daemon=false, -Dorg.gradle.daemon.performance.enable-monitoring=false, -Dorg.gradle.configureondemand=true, --stacktrace, build]
2018-04-11 22:01:56,972 ERROR SysUtils - Could not process external command
org.apache.commons.exec.ExecuteException: Process exited with an error: 1 (Exit value: 1)
	at org.apache.commons.exec.DefaultExecutor.executeInternal(DefaultExecutor.java:404)
	at org.apache.commons.exec.DefaultExecutor.execute(DefaultExecutor.java:166)
	at com.github.vbauer.apkmaster.util.SysUtils.execute(SysUtils.java:67)
	at com.github.vbauer.apkmaster.util.SysUtils.executeSimple(SysUtils.java:43)
	at com.github.vbauer.apkmaster.service.assembly.ProjectBuildService.buildProject(ProjectBuildService.java:78)
	at com.github.vbauer.apkmaster.service.assembly.ProjectBuildService.buildProject(ProjectBuildService.java:64)
	at com.github.vbauer.apkmaster.service.assembly.ProjectBuildService.buildProject(ProjectBuildService.java:43)
	at com.github.vbauer.apkmaster.service.FullProcessService.build(FullProcessService.java:84)
	at com.github.vbauer.apkmaster.service.FullProcessService.process(FullProcessService.java:34)
	at com.github.vbauer.apkmaster.app.MainApplication.process(MainApplication.java:38)
	at com.github.vbauer.apkmaster.app.MainApplication.main(MainApplication.java:20)
	at sun.reflect.GeneratedMethodAccessor8.invoke(Unknown Source)
	at sun.reflect.DelegatingMethodAccessorImpl.invoke(DelegatingMethodAccessorImpl.java:43)
	at java.lang.reflect.Method.invoke(Method.java:498)
	at com.android.arsenal.util.ReflectionUtils.invoke(ReflectionUtils.java:42)
	at com.android.arsenal.util.ApkMasterUtils.main(ApkMasterUtils.java:30)
	at com.android.arsenal.service.processor.impl.BuildProcessorServiceImpl.buildProject(BuildProcessorServiceImpl.java:197)
	at com.android.arsenal.service.processor.impl.BuildProcessorServiceImpl.build(BuildProcessorServiceImpl.java:131)
	at com.android.arsenal.service.processor.impl.BuildProcessorServiceImpl.lambda$null$1(BuildProcessorServiceImpl.java:114)
	at java.util.concurrent.FutureTask.run(FutureTask.java:266)
	at java.util.concurrent.Executors$RunnableAdapter.call(Executors.java:511)
	at java.util.concurrent.FutureTask.run(FutureTask.java:266)
	at java.util.concurrent.ThreadPoolExecutor.runWorker(ThreadPoolExecutor.java:1149)
	at java.util.concurrent.ThreadPoolExecutor$Worker.run(ThreadPoolExecutor.java:624)
	at java.lang.Thread.run(Thread.java:748)
2018-04-11 22:01:56,973 INFO  SysUtils - Configuration on demand is an incubating feature.

FAILURE: Build failed with an exception.

* Where:
Build file '/tmp/rdisk/35/src/ignition-location/ignition-location-samples/build.gradle' line: 5

* What went wrong:
A problem occurred evaluating root project 'ignition-location-samples'.
> Could not find method mavenRepo() for arguments [{urls=http://jvoegele.com/maven2/}] on repository container of type org.gradle.api.internal.artifacts.dsl.DefaultRepositoryHandler.

* Try:
Run with --info or --debug option to get more log output.

* Exception is:
org.gradle.api.GradleScriptException: A problem occurred evaluating root project 'ignition-location-samples'.
	at org.gradle.groovy.scripts.internal.DefaultScriptRunnerFactory$ScriptRunnerImpl.run(DefaultScriptRunnerFactory.java:92)
	at org.gradle.configuration.DefaultScriptPluginFactory$ScriptPluginImpl.apply(DefaultScriptPluginFactory.java:152)
	at org.gradle.configuration.project.BuildScriptProcessor.execute(BuildScriptProcessor.java:39)
	at org.gradle.configuration.project.BuildScriptProcessor.execute(BuildScriptProcessor.java:26)
	at org.gradle.configuration.project.ConfigureActionsProjectEvaluator.evaluate(ConfigureActionsProjectEvaluator.java:34)
	at org.gradle.configuration.project.LifecycleProjectEvaluator.doConfigure(LifecycleProjectEvaluator.java:70)
	at org.gradle.configuration.project.LifecycleProjectEvaluator.access$000(LifecycleProjectEvaluator.java:33)
	at org.gradle.configuration.project.LifecycleProjectEvaluator$1.execute(LifecycleProjectEvaluator.java:53)
	at org.gradle.configuration.project.LifecycleProjectEvaluator$1.execute(LifecycleProjectEvaluator.java:50)
	at org.gradle.internal.Transformers$4.transform(Transformers.java:169)
	at org.gradle.internal.progress.DefaultBuildOperationExecutor.run(DefaultBuildOperationExecutor.java:106)
	at org.gradle.internal.progress.DefaultBuildOperationExecutor.run(DefaultBuildOperationExecutor.java:61)
	at org.gradle.configuration.project.LifecycleProjectEvaluator.evaluate(LifecycleProjectEvaluator.java:50)
	at org.gradle.api.internal.project.DefaultProject.evaluate(DefaultProject.java:648)
	at org.gradle.api.internal.project.DefaultProject.evaluate(DefaultProject.java:126)
	at org.gradle.execution.TaskPathProjectEvaluator.configure(TaskPathProjectEvaluator.java:35)
	at org.gradle.configuration.DefaultBuildConfigurer.configure(DefaultBuildConfigurer.java:36)
	at org.gradle.initialization.DefaultGradleLauncher$ConfigureBuildAction.execute(DefaultGradleLauncher.java:207)
	at org.gradle.initialization.DefaultGradleLauncher$ConfigureBuildAction.execute(DefaultGradleLauncher.java:204)
	at org.gradle.internal.Transformers$4.transform(Transformers.java:169)
	at org.gradle.internal.progress.DefaultBuildOperationExecutor.run(DefaultBuildOperationExecutor.java:106)
	at org.gradle.internal.progress.DefaultBuildOperationExecutor.run(DefaultBuildOperationExecutor.java:56)
	at org.gradle.initialization.DefaultGradleLauncher.doBuildStages(DefaultGradleLauncher.java:146)
	at org.gradle.initialization.DefaultGradleLauncher.doBuild(DefaultGradleLauncher.java:112)
	at org.gradle.initialization.DefaultGradleLauncher.run(DefaultGradleLauncher.java:95)
	at org.gradle.launcher.exec.GradleBuildController.run(GradleBuildController.java:66)
	at org.gradle.tooling.internal.provider.ExecuteBuildActionRunner.run(ExecuteBuildActionRunner.java:28)
	at org.gradle.launcher.exec.ChainingBuildActionRunner.run(ChainingBuildActionRunner.java:35)
	at org.gradle.launcher.exec.InProcessBuildActionExecuter.execute(InProcessBuildActionExecuter.java:41)
	at org.gradle.launcher.exec.InProcessBuildActionExecuter.execute(InProcessBuildActionExecuter.java:26)
	at org.gradle.tooling.internal.provider.ContinuousBuildActionExecuter.execute(ContinuousBuildActionExecuter.java:75)
	at org.gradle.tooling.internal.provider.ContinuousBuildActionExecuter.execute(ContinuousBuildActionExecuter.java:49)
	at org.gradle.tooling.internal.provider.ServicesSetupBuildActionExecuter.execute(ServicesSetupBuildActionExecuter.java:49)
	at org.gradle.tooling.internal.provider.ServicesSetupBuildActionExecuter.execute(ServicesSetupBuildActionExecuter.java:31)
	at org.gradle.launcher.cli.RunBuildAction.run(RunBuildAction.java:51)
	at org.gradle.internal.Actions$RunnableActionAdapter.execute(Actions.java:173)
	at org.gradle.launcher.cli.CommandLineActionFactory$ParseAndBuildAction.execute(CommandLineActionFactory.java:281)
	at org.gradle.launcher.cli.CommandLineActionFactory$ParseAndBuildAction.execute(CommandLineActionFactory.java:254)
	at org.gradle.launcher.cli.JavaRuntimeValidationAction.execute(JavaRuntimeValidationAction.java:33)
	at org.gradle.launcher.cli.JavaRuntimeValidationAction.execute(JavaRuntimeValidationAction.java:24)
	at org.gradle.launcher.cli.ExceptionReportingAction.execute(ExceptionReportingAction.java:33)
	at org.gradle.launcher.cli.ExceptionReportingAction.execute(ExceptionReportingAction.java:22)
	at org.gradle.launcher.cli.CommandLineActionFactory$WithLogging.execute(CommandLineActionFactory.java:247)
	at org.gradle.launcher.cli.CommandLineActionFactory$WithLogging.execute(CommandLineActionFactory.java:182)
	at org.gradle.launcher.Main.doAction(Main.java:33)
	at org.gradle.launcher.bootstrap.EntryPoint.run(EntryPoint.java:45)
	at org.gradle.launcher.bootstrap.ProcessBootstrap.runNoExit(ProcessBootstrap.java:60)
	at org.gradle.launcher.bootstrap.ProcessBootstrap.run(ProcessBootstrap.java:37)
	at org.gradle.launcher.GradleMain.main(GradleMain.java:23)
Caused by: org.gradle.internal.metaobject.AbstractDynamicObject$CustomMessageMissingMethodException: Could not find method mavenRepo() for arguments [{urls=http://jvoegele.com/maven2/}] on repository container of type org.gradle.api.internal.artifacts.dsl.DefaultRepositoryHandler.
	at org.gradle.internal.metaobject.AbstractDynamicObject.methodMissingException(AbstractDynamicObject.java:182)
	at org.gradle.internal.metaobject.ConfigureDelegate.invokeMethod(ConfigureDelegate.java:89)
	at build_46xwaw41ex7rd0ep0q7dvhrzy$_run_closure1$_closure2.doCall(/tmp/rdisk/35/src/ignition-location/ignition-location-samples/build.gradle:5)
	at org.gradle.api.internal.ClosureBackedAction.execute(ClosureBackedAction.java:71)
	at org.gradle.util.ConfigureUtil.configureTarget(ConfigureUtil.java:160)
	at org.gradle.util.ConfigureUtil.configureSelf(ConfigureUtil.java:136)
	at org.gradle.api.internal.artifacts.DefaultArtifactRepositoryContainer.configure(DefaultArtifactRepositoryContainer.java:66)
	at org.gradle.api.internal.artifacts.DefaultArtifactRepositoryContainer.configure(DefaultArtifactRepositoryContainer.java:33)
	at org.gradle.util.ConfigureUtil.configure(ConfigureUtil.java:104)
	at org.gradle.api.internal.initialization.DefaultScriptHandler.repositories(DefaultScriptHandler.java:91)
	at org.gradle.internal.metaobject.BeanDynamicObject$MetaClassAdapter.invokeMethod(BeanDynamicObject.java:464)
	at org.gradle.internal.metaobject.BeanDynamicObject.invokeMethod(BeanDynamicObject.java:176)
	at org.gradle.internal.metaobject.ConfigureDelegate.invokeMethod(ConfigureDelegate.java:59)
	at build_46xwaw41ex7rd0ep0q7dvhrzy$_run_closure1.doCall(/tmp/rdisk/35/src/ignition-location/ignition-location-samples/build.gradle:3)
	at org.gradle.api.internal.ClosureBackedAction.execute(ClosureBackedAction.java:71)
	at org.gradle.util.ConfigureUtil.configureTarget(ConfigureUtil.java:160)
	at org.gradle.util.ConfigureUtil.configure(ConfigureUtil.java:106)
	at org.gradle.api.internal.project.DefaultProject.buildscript(DefaultProject.java:1126)
	at org.gradle.api.internal.project.ProjectScript.buildscript(ProjectScript.java:42)
	at org.gradle.api.Script$buildscript.callCurrent(Unknown Source)
	at build_46xwaw41ex7rd0ep0q7dvhrzy.run(/tmp/rdisk/35/src/ignition-location/ignition-location-samples/build.gradle:2)
	at org.gradle.groovy.scripts.internal.DefaultScriptRunnerFactory$ScriptRunnerImpl.run(DefaultScriptRunnerFactory.java:90)
	... 48 more


BUILD FAILED

Total time: 2.432 secs

2018-04-11 22:01:56,980 INFO  ProjectTaskService - Detecting possible tasks...
2018-04-11 22:01:56,980 INFO  SysUtils - Execute command: [gradle, -b, /tmp/rdisk/35/src/ignition-support/ignition-support-lib/build.gradle, -Dorg.gradle.daemon=false, -Dorg.gradle.daemon.performance.enable-monitoring=false, -Dorg.gradle.configureondemand=true, tasks]
2018-04-11 22:01:59,630 ERROR ProjectTaskService - Could not detect possible Gradle tasks: Process exited with an error: 1 (Exit value: 1)
2018-04-11 22:01:59,630 INFO  ProjectTaskService - Detected possible tasks: 0
2018-04-11 22:01:59,630 INFO  ProjectTaskService - Excluded tasks (0): none
2018-04-11 22:01:59,631 INFO  SysUtils - Execute command: [gradle, -b, /tmp/rdisk/35/src/ignition-support/ignition-support-lib/build.gradle, -Dorg.gradle.daemon=false, -Dorg.gradle.daemon.performance.enable-monitoring=false, -Dorg.gradle.configureondemand=true, --stacktrace, build]
2018-04-11 22:02:02,231 ERROR SysUtils - Could not process external command
org.apache.commons.exec.ExecuteException: Process exited with an error: 1 (Exit value: 1)
	at org.apache.commons.exec.DefaultExecutor.executeInternal(DefaultExecutor.java:404)
	at org.apache.commons.exec.DefaultExecutor.execute(DefaultExecutor.java:166)
	at com.github.vbauer.apkmaster.util.SysUtils.execute(SysUtils.java:67)
	at com.github.vbauer.apkmaster.util.SysUtils.executeSimple(SysUtils.java:43)
	at com.github.vbauer.apkmaster.service.assembly.ProjectBuildService.buildProject(ProjectBuildService.java:78)
	at com.github.vbauer.apkmaster.service.assembly.ProjectBuildService.buildProject(ProjectBuildService.java:64)
	at com.github.vbauer.apkmaster.service.assembly.ProjectBuildService.buildProject(ProjectBuildService.java:43)
	at com.github.vbauer.apkmaster.service.FullProcessService.build(FullProcessService.java:84)
	at com.github.vbauer.apkmaster.service.FullProcessService.process(FullProcessService.java:34)
	at com.github.vbauer.apkmaster.app.MainApplication.process(MainApplication.java:38)
	at com.github.vbauer.apkmaster.app.MainApplication.main(MainApplication.java:20)
	at sun.reflect.GeneratedMethodAccessor8.invoke(Unknown Source)
	at sun.reflect.DelegatingMethodAccessorImpl.invoke(DelegatingMethodAccessorImpl.java:43)
	at java.lang.reflect.Method.invoke(Method.java:498)
	at com.android.arsenal.util.ReflectionUtils.invoke(ReflectionUtils.java:42)
	at com.android.arsenal.util.ApkMasterUtils.main(ApkMasterUtils.java:30)
	at com.android.arsenal.service.processor.impl.BuildProcessorServiceImpl.buildProject(BuildProcessorServiceImpl.java:197)
	at com.android.arsenal.service.processor.impl.BuildProcessorServiceImpl.build(BuildProcessorServiceImpl.java:131)
	at com.android.arsenal.service.processor.impl.BuildProcessorServiceImpl.lambda$null$1(BuildProcessorServiceImpl.java:114)
	at java.util.concurrent.FutureTask.run(FutureTask.java:266)
	at java.util.concurrent.Executors$RunnableAdapter.call(Executors.java:511)
	at java.util.concurrent.FutureTask.run(FutureTask.java:266)
	at java.util.concurrent.ThreadPoolExecutor.runWorker(ThreadPoolExecutor.java:1149)
	at java.util.concurrent.ThreadPoolExecutor$Worker.run(ThreadPoolExecutor.java:624)
	at java.lang.Thread.run(Thread.java:748)
2018-04-11 22:02:02,231 INFO  SysUtils - Configuration on demand is an incubating feature.

FAILURE: Build failed with an exception.

* Where:
Build file '/tmp/rdisk/35/src/ignition-support/ignition-support-lib/build.gradle' line: 2

* What went wrong:
A problem occurred evaluating root project 'ignition-support-lib'.
> Could not find method compile() for arguments [com.google.guava:guava-collections:r03] on object of type org.gradle.api.internal.artifacts.dsl.dependencies.DefaultDependencyHandler.

* Try:
Run with --info or --debug option to get more log output.

* Exception is:
org.gradle.api.GradleScriptException: A problem occurred evaluating root project 'ignition-support-lib'.
	at org.gradle.groovy.scripts.internal.DefaultScriptRunnerFactory$ScriptRunnerImpl.run(DefaultScriptRunnerFactory.java:92)
	at org.gradle.configuration.DefaultScriptPluginFactory$ScriptPluginImpl$2.run(DefaultScriptPluginFactory.java:176)
	at org.gradle.configuration.ProjectScriptTarget.addConfiguration(ProjectScriptTarget.java:77)
	at org.gradle.configuration.DefaultScriptPluginFactory$ScriptPluginImpl.apply(DefaultScriptPluginFactory.java:181)
	at org.gradle.configuration.project.BuildScriptProcessor.execute(BuildScriptProcessor.java:39)
	at org.gradle.configuration.project.BuildScriptProcessor.execute(BuildScriptProcessor.java:26)
	at org.gradle.configuration.project.ConfigureActionsProjectEvaluator.evaluate(ConfigureActionsProjectEvaluator.java:34)
	at org.gradle.configuration.project.LifecycleProjectEvaluator.doConfigure(LifecycleProjectEvaluator.java:70)
	at org.gradle.configuration.project.LifecycleProjectEvaluator.access$000(LifecycleProjectEvaluator.java:33)
	at org.gradle.configuration.project.LifecycleProjectEvaluator$1.execute(LifecycleProjectEvaluator.java:53)
	at org.gradle.configuration.project.LifecycleProjectEvaluator$1.execute(LifecycleProjectEvaluator.java:50)
	at org.gradle.internal.Transformers$4.transform(Transformers.java:169)
	at org.gradle.internal.progress.DefaultBuildOperationExecutor.run(DefaultBuildOperationExecutor.java:106)
	at org.gradle.internal.progress.DefaultBuildOperationExecutor.run(DefaultBuildOperationExecutor.java:61)
	at org.gradle.configuration.project.LifecycleProjectEvaluator.evaluate(LifecycleProjectEvaluator.java:50)
	at org.gradle.api.internal.project.DefaultProject.evaluate(DefaultProject.java:648)
	at org.gradle.api.internal.project.DefaultProject.evaluate(DefaultProject.java:126)
	at org.gradle.execution.TaskPathProjectEvaluator.configure(TaskPathProjectEvaluator.java:35)
	at org.gradle.configuration.DefaultBuildConfigurer.configure(DefaultBuildConfigurer.java:36)
	at org.gradle.initialization.DefaultGradleLauncher$ConfigureBuildAction.execute(DefaultGradleLauncher.java:207)
	at org.gradle.initialization.DefaultGradleLauncher$ConfigureBuildAction.execute(DefaultGradleLauncher.java:204)
	at org.gradle.internal.Transformers$4.transform(Transformers.java:169)
	at org.gradle.internal.progress.DefaultBuildOperationExecutor.run(DefaultBuildOperationExecutor.java:106)
	at org.gradle.internal.progress.DefaultBuildOperationExecutor.run(DefaultBuildOperationExecutor.java:56)
	at org.gradle.initialization.DefaultGradleLauncher.doBuildStages(DefaultGradleLauncher.java:146)
	at org.gradle.initialization.DefaultGradleLauncher.doBuild(DefaultGradleLauncher.java:112)
	at org.gradle.initialization.DefaultGradleLauncher.run(DefaultGradleLauncher.java:95)
	at org.gradle.launcher.exec.GradleBuildController.run(GradleBuildController.java:66)
	at org.gradle.tooling.internal.provider.ExecuteBuildActionRunner.run(ExecuteBuildActionRunner.java:28)
	at org.gradle.launcher.exec.ChainingBuildActionRunner.run(ChainingBuildActionRunner.java:35)
	at org.gradle.launcher.exec.InProcessBuildActionExecuter.execute(InProcessBuildActionExecuter.java:41)
	at org.gradle.launcher.exec.InProcessBuildActionExecuter.execute(InProcessBuildActionExecuter.java:26)
	at org.gradle.tooling.internal.provider.ContinuousBuildActionExecuter.execute(ContinuousBuildActionExecuter.java:75)
	at org.gradle.tooling.internal.provider.ContinuousBuildActionExecuter.execute(ContinuousBuildActionExecuter.java:49)
	at org.gradle.tooling.internal.provider.ServicesSetupBuildActionExecuter.execute(ServicesSetupBuildActionExecuter.java:49)
	at org.gradle.tooling.internal.provider.ServicesSetupBuildActionExecuter.execute(ServicesSetupBuildActionExecuter.java:31)
	at org.gradle.launcher.cli.RunBuildAction.run(RunBuildAction.java:51)
	at org.gradle.internal.Actions$RunnableActionAdapter.execute(Actions.java:173)
	at org.gradle.launcher.cli.CommandLineActionFactory$ParseAndBuildAction.execute(CommandLineActionFactory.java:281)
	at org.gradle.launcher.cli.CommandLineActionFactory$ParseAndBuildAction.execute(CommandLineActionFactory.java:254)
	at org.gradle.launcher.cli.JavaRuntimeValidationAction.execute(JavaRuntimeValidationAction.java:33)
	at org.gradle.launcher.cli.JavaRuntimeValidationAction.execute(JavaRuntimeValidationAction.java:24)
	at org.gradle.launcher.cli.ExceptionReportingAction.execute(ExceptionReportingAction.java:33)
	at org.gradle.launcher.cli.ExceptionReportingAction.execute(ExceptionReportingAction.java:22)
	at org.gradle.launcher.cli.CommandLineActionFactory$WithLogging.execute(CommandLineActionFactory.java:247)
	at org.gradle.launcher.cli.CommandLineActionFactory$WithLogging.execute(CommandLineActionFactory.java:182)
	at org.gradle.launcher.Main.doAction(Main.java:33)
	at org.gradle.launcher.bootstrap.EntryPoint.run(EntryPoint.java:45)
	at org.gradle.launcher.bootstrap.ProcessBootstrap.runNoExit(ProcessBootstrap.java:60)
	at org.gradle.launcher.bootstrap.ProcessBootstrap.run(ProcessBootstrap.java:37)
	at org.gradle.launcher.GradleMain.main(GradleMain.java:23)
Caused by: org.gradle.internal.metaobject.AbstractDynamicObject$CustomMessageMissingMethodException: Could not find method compile() for arguments [com.google.guava:guava-collections:r03] on object of type org.gradle.api.internal.artifacts.dsl.dependencies.DefaultDependencyHandler.
	at org.gradle.internal.metaobject.AbstractDynamicObject.methodMissingException(AbstractDynamicObject.java:182)
	at org.gradle.internal.metaobject.ConfigureDelegate.invokeMethod(ConfigureDelegate.java:89)
	at build_aj0lepf0bwou2a6al4g6p2jt0$_run_closure1.doCall(/tmp/rdisk/35/src/ignition-support/ignition-support-lib/build.gradle:2)
	at org.gradle.api.internal.ClosureBackedAction.execute(ClosureBackedAction.java:71)
	at org.gradle.util.ConfigureUtil.configureTarget(ConfigureUtil.java:160)
	at org.gradle.util.ConfigureUtil.configure(ConfigureUtil.java:106)
	at org.gradle.api.internal.project.DefaultProject.dependencies(DefaultProject.java:1111)
	at org.gradle.internal.metaobject.BeanDynamicObject$MetaClassAdapter.invokeMethod(BeanDynamicObject.java:464)
	at org.gradle.internal.metaobject.BeanDynamicObject.invokeMethod(BeanDynamicObject.java:176)
	at org.gradle.internal.metaobject.CompositeDynamicObject.invokeMethod(CompositeDynamicObject.java:96)
	at org.gradle.internal.metaobject.MixInClosurePropertiesAsMethodsDynamicObject.invokeMethod(MixInClosurePropertiesAsMethodsDynamicObject.java:30)
	at org.gradle.groovy.scripts.BasicScript.invokeMethod(BasicScript.java:107)
	at org.gradle.groovy.scripts.BasicScript.methodMissing(BasicScript.java:116)
	at build_aj0lepf0bwou2a6al4g6p2jt0.run(/tmp/rdisk/35/src/ignition-support/ignition-support-lib/build.gradle:1)
	at org.gradle.groovy.scripts.internal.DefaultScriptRunnerFactory$ScriptRunnerImpl.run(DefaultScriptRunnerFactory.java:90)
	... 50 more


BUILD FAILED

Total time: 2.446 secs

2018-04-11 22:02:02,238 ERROR FullProcessService - Project build has not produced APK file
2018-04-11 22:02:02,245 ERROR FullProcessService - Could not find generated or existed APK file
