2018-04-10 18:54:55,202 INFO  DownloadService - Downloading "https://github.com/sephiroth74/ImageViewZoom/archive/master.zip", attempt 3
2018-04-10 18:54:56,812 INFO  DownloadService - Downloaded https://github.com/sephiroth74/ImageViewZoom/archive/master.zip, attempt 3
2018-04-10 18:54:56,812 INFO  DownloadService - Size of file "/tmp/rdisk/219/master.zip": 213 KB
2018-04-10 18:54:56,812 INFO  ArchiveUtils - Checking entries [.gradle] in ZIP file...
2018-04-10 18:54:56,813 INFO  ArchiveUtils - Has entries [.gradle] in ZIP file /tmp/rdisk/219/master.zip: true
2018-04-10 18:54:56,813 DEBUG ZipUtil - Extracting '/tmp/rdisk/219/master.zip' into '/tmp/rdisk/219/src'.
2018-04-10 18:54:56,822 INFO  FullProcessService - Size of directory with sources: 351 KB
2018-04-10 18:54:56,822 INFO  SysUtils - Execute command: [git, init, /tmp/rdisk/219/src]
2018-04-10 18:54:56,828 INFO  SysUtils - Initialized empty Git repository in /tmp/rdisk/219/src/.git/

2018-04-10 18:54:56,830 INFO  ProjectBuildService - Gradle wrapper(s): /tmp/rdisk/219/src/ImageViewZoom-master/gradlew
2018-04-10 18:54:56,832 INFO  ProjectBuildService - Build script(s): /tmp/rdisk/219/src/ImageViewZoom-master/demo/build.gradle /tmp/rdisk/219/src/ImageViewZoom-master/library/build.gradle /tmp/rdisk/219/src/ImageViewZoom-master/build.gradle
2018-04-10 18:54:56,834 INFO  ProjectBuildService - All script(s): /tmp/rdisk/219/src/ImageViewZoom-master/settings.gradle /tmp/rdisk/219/src/ImageViewZoom-master/library/build.gradle /tmp/rdisk/219/src/ImageViewZoom-master/demo/build.gradle /tmp/rdisk/219/src/ImageViewZoom-master/checkstyle.gradle /tmp/rdisk/219/src/ImageViewZoom-master/build.gradle
2018-04-10 18:54:56,835 INFO  DownloadService - Downloading "https://raw.githubusercontent.com/sephiroth74/gradle-mvn-push/master/gradle-mvn-push.gradle", attempt 3
2018-04-10 18:54:56,992 INFO  DownloadService - Downloaded https://raw.githubusercontent.com/sephiroth74/gradle-mvn-push/master/gradle-mvn-push.gradle, attempt 3
2018-04-10 18:54:56,992 INFO  ProjectBuildService - Remote scripts: https://raw.githubusercontent.com/sephiroth74/gradle-mvn-push/master/gradle-mvn-push.gradle
2018-04-10 18:54:56,992 INFO  ProjectFixService - Fixing project...
2018-04-10 18:54:56,999 INFO  LocalPropertiesFixService - Created fake /tmp/rdisk/219/src/ImageViewZoom-master/demo/local.properties
2018-04-10 18:54:57,000 INFO  ProjectFixService - Build info for "/tmp/rdisk/219/src/ImageViewZoom-master/demo/build.gradle": [buildToolsVersion=<null>,compileSdkVersion=<null>,minSdkVersion=16,targetSdkVersion=<null>]
2018-04-10 18:54:57,000 INFO  ProjectFixService - Fixed build info for "/tmp/rdisk/219/src/ImageViewZoom-master/demo/build.gradle": [buildToolsVersion=28.0.0-rc1,compileSdkVersion=27,minSdkVersion=16,targetSdkVersion=27]
2018-04-10 18:54:57,001 INFO  LocalPropertiesFixService - Created fake /tmp/rdisk/219/src/ImageViewZoom-master/library/local.properties
2018-04-10 18:54:57,003 INFO  ProjectFixService - Build info for "/tmp/rdisk/219/src/ImageViewZoom-master/library/build.gradle": [buildToolsVersion=<null>,compileSdkVersion=<null>,minSdkVersion=16,targetSdkVersion=<null>]
2018-04-10 18:54:57,003 INFO  ProjectFixService - Fixed build info for "/tmp/rdisk/219/src/ImageViewZoom-master/library/build.gradle": [buildToolsVersion=28.0.0-rc1,compileSdkVersion=27,minSdkVersion=16,targetSdkVersion=27]
2018-04-10 18:54:57,003 INFO  LocalPropertiesFixService - Created fake /tmp/rdisk/219/src/ImageViewZoom-master/local.properties
2018-04-10 18:54:57,003 INFO  WrapperPropertiesFixService - Gradle wrapper: https://services.gradle.org/distributions/gradle-3.3-all.zip
2018-04-10 18:54:57,003 INFO  WrapperPropertiesFixService - Gradle wrapper was changed from "-all.zip" to "-bin.zip" (https://services.gradle.org/distributions/gradle-3.3-bin.zip)
2018-04-10 18:54:57,005 INFO  ProjectFixService - Build info for "/tmp/rdisk/219/src/ImageViewZoom-master/build.gradle": [buildToolsVersion=<null>,compileSdkVersion=<null>,minSdkVersion=16,targetSdkVersion=<null>]
2018-04-10 18:54:57,005 INFO  ProjectFixService - Fixed build info for "/tmp/rdisk/219/src/ImageViewZoom-master/build.gradle": [buildToolsVersion=28.0.0-rc1,compileSdkVersion=27,minSdkVersion=16,targetSdkVersion=27]
2018-04-10 18:54:57,005 INFO  ProjectFixService - Project was maybe fixed
2018-04-10 18:54:57,006 INFO  ProjectTaskService - Detecting possible tasks...
2018-04-10 18:54:57,006 INFO  SysUtils - Execute command: [/tmp/rdisk/219/src/ImageViewZoom-master/gradlew, -b, /tmp/rdisk/219/src/ImageViewZoom-master/demo/build.gradle, -Dorg.gradle.daemon=false, -Dorg.gradle.daemon.performance.enable-monitoring=false, -Dorg.gradle.configureondemand=true, tasks]
2018-04-10 18:55:05,934 INFO  ProjectTaskService - Detected possible tasks: 70
2018-04-10 18:55:05,934 INFO  ProjectTaskService - Excluded tasks (22): lintDebug mockableAndroidJar androidJavadocs deviceCheck lint androidSourcesJar testReleaseUnitTest uninstallRelease deviceAndroidTest uninstallDebugAndroidTest installDebugAndroidTest connectedCheck connectedDebugAndroidTest uninstallAll androidJavadocsJar test check testDebugUnitTest connectedAndroidTest installDebug lintRelease uninstallDebug
2018-04-10 18:55:05,934 INFO  SysUtils - Execute command: [/tmp/rdisk/219/src/ImageViewZoom-master/gradlew, -b, /tmp/rdisk/219/src/ImageViewZoom-master/demo/build.gradle, -Dorg.gradle.daemon=false, -Dorg.gradle.daemon.performance.enable-monitoring=false, -Dorg.gradle.configureondemand=true, --stacktrace, -x, lintDebug, -x, mockableAndroidJar, -x, androidJavadocs, -x, deviceCheck, -x, lint, -x, androidSourcesJar, -x, testReleaseUnitTest, -x, uninstallRelease, -x, deviceAndroidTest, -x, uninstallDebugAndroidTest, -x, installDebugAndroidTest, -x, connectedCheck, -x, connectedDebugAndroidTest, -x, uninstallAll, -x, androidJavadocsJar, -x, test, -x, check, -x, testDebugUnitTest, -x, connectedAndroidTest, -x, installDebug, -x, lintRelease, -x, uninstallDebug, build]
2018-04-10 18:55:13,870 ERROR SysUtils - Could not process external command
org.apache.commons.exec.ExecuteException: Process exited with an error: 1 (Exit value: 1)
	at org.apache.commons.exec.DefaultExecutor.executeInternal(DefaultExecutor.java:404)
	at org.apache.commons.exec.DefaultExecutor.execute(DefaultExecutor.java:166)
	at com.github.vbauer.apkmaster.util.SysUtils.execute(SysUtils.java:67)
	at com.github.vbauer.apkmaster.util.SysUtils.executeSimple(SysUtils.java:43)
	at com.github.vbauer.apkmaster.service.assembly.ProjectBuildService.buildProject(ProjectBuildService.java:78)
	at com.github.vbauer.apkmaster.service.assembly.ProjectBuildService.buildProject(ProjectBuildService.java:64)
	at com.github.vbauer.apkmaster.service.assembly.ProjectBuildService.buildProject(ProjectBuildService.java:43)
	at com.github.vbauer.apkmaster.service.FullProcessService.build(FullProcessService.java:84)
	at com.github.vbauer.apkmaster.service.FullProcessService.process(FullProcessService.java:34)
	at com.github.vbauer.apkmaster.app.MainApplication.process(MainApplication.java:38)
	at com.github.vbauer.apkmaster.app.MainApplication.main(MainApplication.java:20)
	at sun.reflect.GeneratedMethodAccessor9.invoke(Unknown Source)
	at sun.reflect.DelegatingMethodAccessorImpl.invoke(DelegatingMethodAccessorImpl.java:43)
	at java.lang.reflect.Method.invoke(Method.java:498)
	at com.android.arsenal.util.ReflectionUtils.invoke(ReflectionUtils.java:42)
	at com.android.arsenal.util.ApkMasterUtils.main(ApkMasterUtils.java:30)
	at com.android.arsenal.service.processor.impl.BuildProcessorServiceImpl.buildProject(BuildProcessorServiceImpl.java:197)
	at com.android.arsenal.service.processor.impl.BuildProcessorServiceImpl.build(BuildProcessorServiceImpl.java:131)
	at com.android.arsenal.service.processor.impl.BuildProcessorServiceImpl.lambda$null$1(BuildProcessorServiceImpl.java:114)
	at java.util.concurrent.FutureTask.run(FutureTask.java:266)
	at java.util.concurrent.Executors$RunnableAdapter.call(Executors.java:511)
	at java.util.concurrent.FutureTask.run(FutureTask.java:266)
	at java.util.concurrent.ThreadPoolExecutor.runWorker(ThreadPoolExecutor.java:1149)
	at java.util.concurrent.ThreadPoolExecutor$Worker.run(ThreadPoolExecutor.java:624)
	at java.lang.Thread.run(Thread.java:748)
2018-04-10 18:55:13,871 INFO  SysUtils - Configuration on demand is an incubating feature.
Incremental java compilation is an incubating feature.

FAILURE: Build failed with an exception.

* What went wrong:
Task 'androidJavadocs' not found in project ':demo'.

* Try:
Run gradlew tasks to get a list of available tasks. Run with --info or --debug option to get more log output.

* Exception is:
org.gradle.execution.TaskSelectionException: Task 'androidJavadocs' not found in project ':demo'.
	at org.gradle.execution.TaskSelector.getSelection(TaskSelector.java:116)
	at org.gradle.execution.TaskSelector.getFilter(TaskSelector.java:66)
	at org.gradle.execution.ExcludedTaskFilteringBuildConfigurationAction.configure(ExcludedTaskFilteringBuildConfigurationAction.java:42)
	at org.gradle.execution.DefaultBuildConfigurationActionExecuter.configure(DefaultBuildConfigurationActionExecuter.java:48)
	at org.gradle.execution.DefaultBuildConfigurationActionExecuter.select(DefaultBuildConfigurationActionExecuter.java:36)
	at org.gradle.initialization.DefaultGradleLauncher$2.execute(DefaultGradleLauncher.java:185)
	at org.gradle.initialization.DefaultGradleLauncher$2.execute(DefaultGradleLauncher.java:182)
	at org.gradle.internal.Transformers$4.transform(Transformers.java:169)
	at org.gradle.internal.progress.DefaultBuildOperationExecutor.run(DefaultBuildOperationExecutor.java:106)
	at org.gradle.internal.progress.DefaultBuildOperationExecutor.run(DefaultBuildOperationExecutor.java:56)
	at org.gradle.initialization.DefaultGradleLauncher.doBuildStages(DefaultGradleLauncher.java:182)
	at org.gradle.initialization.DefaultGradleLauncher.doBuild(DefaultGradleLauncher.java:119)
	at org.gradle.initialization.DefaultGradleLauncher.run(DefaultGradleLauncher.java:102)
	at org.gradle.launcher.exec.GradleBuildController.run(GradleBuildController.java:71)
	at org.gradle.tooling.internal.provider.ExecuteBuildActionRunner.run(ExecuteBuildActionRunner.java:28)
	at org.gradle.launcher.exec.ChainingBuildActionRunner.run(ChainingBuildActionRunner.java:35)
	at org.gradle.launcher.exec.InProcessBuildActionExecuter.execute(InProcessBuildActionExecuter.java:41)
	at org.gradle.launcher.exec.InProcessBuildActionExecuter.execute(InProcessBuildActionExecuter.java:26)
	at org.gradle.tooling.internal.provider.ContinuousBuildActionExecuter.execute(ContinuousBuildActionExecuter.java:75)
	at org.gradle.tooling.internal.provider.ContinuousBuildActionExecuter.execute(ContinuousBuildActionExecuter.java:49)
	at org.gradle.tooling.internal.provider.ServicesSetupBuildActionExecuter.execute(ServicesSetupBuildActionExecuter.java:44)
	at org.gradle.tooling.internal.provider.ServicesSetupBuildActionExecuter.execute(ServicesSetupBuildActionExecuter.java:29)
	at org.gradle.launcher.cli.RunBuildAction.run(RunBuildAction.java:51)
	at org.gradle.internal.Actions$RunnableActionAdapter.execute(Actions.java:173)
	at org.gradle.launcher.cli.CommandLineActionFactory$ParseAndBuildAction.execute(CommandLineActionFactory.java:244)
	at org.gradle.launcher.cli.CommandLineActionFactory$ParseAndBuildAction.execute(CommandLineActionFactory.java:217)
	at org.gradle.launcher.cli.JavaRuntimeValidationAction.execute(JavaRuntimeValidationAction.java:33)
	at org.gradle.launcher.cli.JavaRuntimeValidationAction.execute(JavaRuntimeValidationAction.java:24)
	at org.gradle.launcher.cli.ExceptionReportingAction.execute(ExceptionReportingAction.java:33)
	at org.gradle.launcher.cli.ExceptionReportingAction.execute(ExceptionReportingAction.java:22)
	at org.gradle.launcher.cli.CommandLineActionFactory$WithLogging.execute(CommandLineActionFactory.java:210)
	at org.gradle.launcher.cli.CommandLineActionFactory$WithLogging.execute(CommandLineActionFactory.java:174)
	at org.gradle.launcher.Main.doAction(Main.java:33)
	at org.gradle.launcher.bootstrap.EntryPoint.run(EntryPoint.java:45)
	at org.gradle.launcher.bootstrap.ProcessBootstrap.runNoExit(ProcessBootstrap.java:60)
	at org.gradle.launcher.bootstrap.ProcessBootstrap.run(ProcessBootstrap.java:37)
	at org.gradle.launcher.GradleMain.main(GradleMain.java:23)
	at org.gradle.wrapper.BootstrapMainStarter.start(BootstrapMainStarter.java:30)
	at org.gradle.wrapper.WrapperExecutor.execute(WrapperExecutor.java:129)
	at org.gradle.wrapper.GradleWrapperMain.main(GradleWrapperMain.java:61)


BUILD FAILED

Total time: 7.547 secs

2018-04-10 18:55:13,871 ERROR ProjectBuildService - Excluded tasks were detected wrong
2018-04-10 18:55:13,871 INFO  SysUtils - Execute command: [/tmp/rdisk/219/src/ImageViewZoom-master/gradlew, -b, /tmp/rdisk/219/src/ImageViewZoom-master/demo/build.gradle, -Dorg.gradle.daemon=false, -Dorg.gradle.daemon.performance.enable-monitoring=false, -Dorg.gradle.configureondemand=true, --stacktrace, build]
2018-04-10 18:55:32,934 INFO  SysUtils - Configuration on demand is an incubating feature.
Incremental java compilation is an incubating feature.
:demo:preBuild UP-TO-DATE
:demo:preDebugBuild UP-TO-DATE
:demo:checkDebugManifest
:library:preBuild UP-TO-DATE
:library:preReleaseBuild UP-TO-DATE
:library:checkReleaseManifest
:library:prepareReleaseDependencies
:library:compileReleaseAidl
:library:compileReleaseNdk UP-TO-DATE
:library:compileLint
:library:copyReleaseLint UP-TO-DATE
:library:mergeReleaseShaders
:library:compileReleaseShaders
:library:generateReleaseAssets
:library:mergeReleaseAssets
:library:mergeReleaseProguardFiles
:library:packageReleaseRenderscript UP-TO-DATE
:library:compileReleaseRenderscript
:library:generateReleaseResValues
:library:generateReleaseResources
:library:packageReleaseResources
:library:processReleaseManifest
:library:generateReleaseBuildConfig
:library:processReleaseResources
:library:generateReleaseSources
:library:incrementalReleaseJavaCompilationSafeguard
:library:javaPreCompileRelease
:library:compileReleaseJavaWithJavac
:library:compileReleaseJavaWithJavac - is not incremental (e.g. outputs have changed, no previous execution, etc.).
Note: /tmp/rdisk/219/src/ImageViewZoom-master/library/src/main/java/it/sephiroth/android/library/imagezoom/ImageViewTouchBase.java uses or overrides a deprecated API.
Note: Recompile with -Xlint:deprecation for details.
:library:processReleaseJavaRes UP-TO-DATE
:library:transformResourcesWithMergeJavaResForRelease
:library:transformClassesAndResourcesWithSyncLibJarsForRelease
:library:mergeReleaseJniLibFolders
:library:transformNativeLibsWithMergeJniLibsForRelease
:library:transformNativeLibsWithStripDebugSymbolForRelease
:library:transformNativeLibsWithSyncJniLibsForRelease
:library:bundleRelease
:demo:prepareDebugDependencies
:demo:compileDebugAidl
:demo:compileDebugRenderscript
:demo:generateDebugBuildConfig
:demo:generateDebugResValues
:demo:generateDebugResources
:demo:mergeDebugResources
:demo:processDebugManifest
:demo:processDebugResources
:demo:generateDebugSources
:demo:incrementalDebugJavaCompilationSafeguard
:demo:javaPreCompileDebug
:demo:compileDebugJavaWithJavac
:demo:compileDebugJavaWithJavac - is not incremental (e.g. outputs have changed, no previous execution, etc.).
Note: /tmp/rdisk/219/src/ImageViewZoom-master/demo/src/it/sephiroth/android/library/imagezoom/test/utils/DecodeUtils.java uses or overrides a deprecated API.
Note: Recompile with -Xlint:deprecation for details.
:demo:compileDebugNdk UP-TO-DATE
:demo:compileDebugSources
:demo:mergeDebugShaders
:demo:compileDebugShaders
:demo:generateDebugAssets
:demo:mergeDebugAssets
:demo:transformClassesWithDexForDebug
:demo:mergeDebugJniLibFolders
:demo:transformNativeLibsWithMergeJniLibsForDebug
:demo:transformNativeLibsWithStripDebugSymbolForDebug
:demo:processDebugJavaRes UP-TO-DATE
:demo:transformResourcesWithMergeJavaResForDebug
:demo:validateSigningDebug
:demo:packageDebug
:demo:assembleDebug
:demo:preReleaseBuild UP-TO-DATE
:demo:checkReleaseManifest
:demo:prepareReleaseDependencies
:demo:compileReleaseAidl
:demo:compileReleaseRenderscript
:demo:generateReleaseBuildConfig
:demo:generateReleaseResValues
:demo:generateReleaseResources
:demo:mergeReleaseResources
:demo:processReleaseManifest
:demo:processReleaseResources
:demo:generateReleaseSources
:demo:incrementalReleaseJavaCompilationSafeguard
:demo:javaPreCompileRelease
:demo:compileReleaseJavaWithJavac
:demo:compileReleaseJavaWithJavac - is not incremental (e.g. outputs have changed, no previous execution, etc.).
Note: /tmp/rdisk/219/src/ImageViewZoom-master/demo/src/it/sephiroth/android/library/imagezoom/test/utils/DecodeUtils.java uses or overrides a deprecated API.
Note: Recompile with -Xlint:deprecation for details.
:demo:compileReleaseNdk UP-TO-DATE
:demo:compileReleaseSources
:demo:lintVitalRelease
:demo:mergeReleaseShaders
:demo:compileReleaseShaders
:demo:generateReleaseAssets
:demo:mergeReleaseAssets
:demo:transformClassesWithDexForRelease
:demo:mergeReleaseJniLibFolders
:demo:transformNativeLibsWithMergeJniLibsForRelease
:demo:transformNativeLibsWithStripDebugSymbolForRelease
:demo:processReleaseJavaRes UP-TO-DATE
:demo:transformResourcesWithMergeJavaResForRelease
:demo:packageRelease
:demo:assembleRelease
:demo:assemble
:demo:lint
Ran lint on variant debug: 20 issues found
Ran lint on variant release: 20 issues found
Wrote HTML report to file:///tmp/rdisk/219/src/ImageViewZoom-master/demo/build/reports/lint-results.html
Wrote XML report to file:///tmp/rdisk/219/src/ImageViewZoom-master/demo/build/reports/lint-results.xml
:demo:incrementalDebugUnitTestJavaCompilationSafeguard UP-TO-DATE
:demo:javaPreCompileDebugUnitTest
:demo:preDebugUnitTestBuild UP-TO-DATE
:demo:prepareDebugUnitTestDependencies
:demo:compileDebugUnitTestJavaWithJavac UP-TO-DATE
:demo:processDebugUnitTestJavaRes UP-TO-DATE
:demo:compileDebugUnitTestSources UP-TO-DATE
:demo:mockableAndroidJar
:demo:assembleDebugUnitTest
:demo:testDebugUnitTest UP-TO-DATE
:demo:incrementalReleaseUnitTestJavaCompilationSafeguard UP-TO-DATE
:demo:javaPreCompileReleaseUnitTest
:demo:preReleaseUnitTestBuild UP-TO-DATE
:demo:prepareReleaseUnitTestDependencies
:demo:compileReleaseUnitTestJavaWithJavac UP-TO-DATE
:demo:processReleaseUnitTestJavaRes UP-TO-DATE
:demo:compileReleaseUnitTestSources UP-TO-DATE
:demo:assembleReleaseUnitTest
:demo:testReleaseUnitTest UP-TO-DATE
:demo:test UP-TO-DATE
:demo:check
:demo:build

BUILD SUCCESSFUL

Total time: 18.79 secs

2018-04-10 18:55:32,948 INFO  FullProcessService - Found APK file: /tmp/rdisk/219/src/ImageViewZoom-master/demo/build/outputs/apk/demo-release-unsigned.apk
