2018-04-11 10:08:53,854 INFO  DownloadService - Downloading "https://github.com/neopixl/PixlUI/archive/master.zip", attempt 3
2018-04-11 10:09:54,285 INFO  GithubDownloadService - Could not find ZIP archive for master branch
2018-04-11 10:09:54,992 INFO  GithubDownloadService - Default branch of this repository: master
2018-04-11 10:09:54,992 INFO  DownloadService - Downloading "https://github.com/neopixl/PixlUI/archive/master.zip", attempt 3
2018-04-11 10:10:56,246 DEBUG FullProcessService - Repository https://github.com/neopixl/PixlUI available: true
2018-04-11 10:10:56,246 INFO  FullProcessService - Could not download ZIP file from Github, lets clone it
2018-04-11 10:10:56,246 INFO  SysUtils - Execute command: [git, clone, -q, --single-branch, --depth, 1, https://github.com/neopixl/PixlUI, /tmp/rdisk/166/src]
2018-04-11 10:10:57,968 INFO  SysUtils - 
2018-04-11 10:10:57,973 INFO  GitService - Deleted "/tmp/rdisk/166/src/.git": true
2018-04-11 10:10:57,977 INFO  FullProcessService - Size of directory with sources: 759 KB
2018-04-11 10:10:57,977 INFO  SysUtils - Execute command: [git, init, /tmp/rdisk/166/src]
2018-04-11 10:10:57,981 INFO  SysUtils - Initialized empty Git repository in /tmp/rdisk/166/src/.git/

2018-04-11 10:10:57,984 INFO  ProjectBuildService - Gradle wrapper(s): /tmp/rdisk/166/src/gradlew
2018-04-11 10:10:57,988 INFO  ProjectBuildService - Build script(s): /tmp/rdisk/166/src/Library/build.gradle /tmp/rdisk/166/src/Sample/build.gradle /tmp/rdisk/166/src/build.gradle
2018-04-11 10:10:57,991 INFO  ProjectBuildService - All script(s): /tmp/rdisk/166/src/settings.gradle /tmp/rdisk/166/src/build.gradle /tmp/rdisk/166/src/Sample/build.gradle /tmp/rdisk/166/src/Library/settings.gradle /tmp/rdisk/166/src/Library/build.gradle
2018-04-11 10:10:57,991 INFO  ProjectBuildService - Remote scripts: none
2018-04-11 10:10:57,991 INFO  ProjectFixService - Fixing project...
2018-04-11 10:10:57,999 INFO  LocalPropertiesFixService - Created fake /tmp/rdisk/166/src/Library/local.properties
2018-04-11 10:10:57,999 INFO  ProjectFixService - Build info for "/tmp/rdisk/166/src/Library/build.gradle": [buildToolsVersion=25.0.3,compileSdkVersion=19,minSdkVersion=7,targetSdkVersion=25]
2018-04-11 10:10:57,999 INFO  LocalPropertiesFixService - Created fake /tmp/rdisk/166/src/Sample/local.properties
2018-04-11 10:10:58,000 INFO  ProjectFixService - Build info for "/tmp/rdisk/166/src/Sample/build.gradle": [buildToolsVersion=25.0.3,compileSdkVersion=25,minSdkVersion=8,targetSdkVersion=25]
2018-04-11 10:10:58,000 INFO  LocalPropertiesFixService - Created fake /tmp/rdisk/166/src/local.properties
2018-04-11 10:10:58,000 INFO  WrapperPropertiesFixService - Gradle wrapper: https://services.gradle.org/distributions/gradle-3.3-all.zip
2018-04-11 10:10:58,007 INFO  WrapperPropertiesFixService - Gradle wrapper was changed from "-all.zip" to "-bin.zip" (https://services.gradle.org/distributions/gradle-3.3-bin.zip)
2018-04-11 10:10:58,008 INFO  ProjectFixService - Build info for "/tmp/rdisk/166/src/build.gradle": [buildToolsVersion=25.0.3,compileSdkVersion=25,minSdkVersion=8,targetSdkVersion=25]
2018-04-11 10:10:58,008 INFO  ProjectFixService - Project was maybe fixed
2018-04-11 10:10:58,008 INFO  ProjectTaskService - Detecting possible tasks...
2018-04-11 10:10:58,008 INFO  SysUtils - Execute command: [/tmp/rdisk/166/src/gradlew, -b, /tmp/rdisk/166/src/Library/build.gradle, -Dorg.gradle.daemon=false, -Dorg.gradle.daemon.performance.enable-monitoring=false, -Dorg.gradle.configureondemand=true, tasks]
2018-04-11 10:11:00,409 ERROR ProjectTaskService - Could not detect possible Gradle tasks: Process exited with an error: 1 (Exit value: 1)
2018-04-11 10:11:00,409 INFO  ProjectTaskService - Detected possible tasks: 0
2018-04-11 10:11:00,409 INFO  ProjectTaskService - Excluded tasks (0): none
2018-04-11 10:11:00,409 INFO  SysUtils - Execute command: [/tmp/rdisk/166/src/gradlew, -b, /tmp/rdisk/166/src/Library/build.gradle, -Dorg.gradle.daemon=false, -Dorg.gradle.daemon.performance.enable-monitoring=false, -Dorg.gradle.configureondemand=true, --stacktrace, build]
2018-04-11 10:11:02,697 ERROR SysUtils - Could not process external command
org.apache.commons.exec.ExecuteException: Process exited with an error: 1 (Exit value: 1)
	at org.apache.commons.exec.DefaultExecutor.executeInternal(DefaultExecutor.java:404)
	at org.apache.commons.exec.DefaultExecutor.execute(DefaultExecutor.java:166)
	at com.github.vbauer.apkmaster.util.SysUtils.execute(SysUtils.java:67)
	at com.github.vbauer.apkmaster.util.SysUtils.executeSimple(SysUtils.java:43)
	at com.github.vbauer.apkmaster.service.assembly.ProjectBuildService.buildProject(ProjectBuildService.java:78)
	at com.github.vbauer.apkmaster.service.assembly.ProjectBuildService.buildProject(ProjectBuildService.java:64)
	at com.github.vbauer.apkmaster.service.assembly.ProjectBuildService.buildProject(ProjectBuildService.java:43)
	at com.github.vbauer.apkmaster.service.FullProcessService.build(FullProcessService.java:84)
	at com.github.vbauer.apkmaster.service.FullProcessService.process(FullProcessService.java:34)
	at com.github.vbauer.apkmaster.app.MainApplication.process(MainApplication.java:38)
	at com.github.vbauer.apkmaster.app.MainApplication.main(MainApplication.java:20)
	at sun.reflect.GeneratedMethodAccessor8.invoke(Unknown Source)
	at sun.reflect.DelegatingMethodAccessorImpl.invoke(DelegatingMethodAccessorImpl.java:43)
	at java.lang.reflect.Method.invoke(Method.java:498)
	at com.android.arsenal.util.ReflectionUtils.invoke(ReflectionUtils.java:42)
	at com.android.arsenal.util.ApkMasterUtils.main(ApkMasterUtils.java:30)
	at com.android.arsenal.service.processor.impl.BuildProcessorServiceImpl.buildProject(BuildProcessorServiceImpl.java:197)
	at com.android.arsenal.service.processor.impl.BuildProcessorServiceImpl.build(BuildProcessorServiceImpl.java:131)
	at com.android.arsenal.service.processor.impl.BuildProcessorServiceImpl.lambda$null$1(BuildProcessorServiceImpl.java:114)
	at java.util.concurrent.FutureTask.run(FutureTask.java:266)
	at java.util.concurrent.Executors$RunnableAdapter.call(Executors.java:511)
	at java.util.concurrent.FutureTask.run(FutureTask.java:266)
	at java.util.concurrent.ThreadPoolExecutor.runWorker(ThreadPoolExecutor.java:1149)
	at java.util.concurrent.ThreadPoolExecutor$Worker.run(ThreadPoolExecutor.java:624)
	at java.lang.Thread.run(Thread.java:748)
2018-04-11 10:11:02,697 INFO  SysUtils - Configuration on demand is an incubating feature.

FAILURE: Build failed with an exception.

* Where:
Build file '/tmp/rdisk/166/src/Library/build.gradle' line: 1

* What went wrong:
A problem occurred evaluating root project 'PixlUI'.
> Plugin with id 'com.android.library' not found.

* Try:
Run with --info or --debug option to get more log output.

* Exception is:
org.gradle.api.GradleScriptException: A problem occurred evaluating root project 'PixlUI'.
	at org.gradle.groovy.scripts.internal.DefaultScriptRunnerFactory$ScriptRunnerImpl.run(DefaultScriptRunnerFactory.java:92)
	at org.gradle.configuration.DefaultScriptPluginFactory$ScriptPluginImpl$2.run(DefaultScriptPluginFactory.java:176)
	at org.gradle.configuration.ProjectScriptTarget.addConfiguration(ProjectScriptTarget.java:77)
	at org.gradle.configuration.DefaultScriptPluginFactory$ScriptPluginImpl.apply(DefaultScriptPluginFactory.java:181)
	at org.gradle.configuration.project.BuildScriptProcessor.execute(BuildScriptProcessor.java:39)
	at org.gradle.configuration.project.BuildScriptProcessor.execute(BuildScriptProcessor.java:26)
	at org.gradle.configuration.project.ConfigureActionsProjectEvaluator.evaluate(ConfigureActionsProjectEvaluator.java:34)
	at org.gradle.configuration.project.LifecycleProjectEvaluator.doConfigure(LifecycleProjectEvaluator.java:70)
	at org.gradle.configuration.project.LifecycleProjectEvaluator.access$000(LifecycleProjectEvaluator.java:33)
	at org.gradle.configuration.project.LifecycleProjectEvaluator$1.execute(LifecycleProjectEvaluator.java:53)
	at org.gradle.configuration.project.LifecycleProjectEvaluator$1.execute(LifecycleProjectEvaluator.java:50)
	at org.gradle.internal.Transformers$4.transform(Transformers.java:169)
	at org.gradle.internal.progress.DefaultBuildOperationExecutor.run(DefaultBuildOperationExecutor.java:106)
	at org.gradle.internal.progress.DefaultBuildOperationExecutor.run(DefaultBuildOperationExecutor.java:61)
	at org.gradle.configuration.project.LifecycleProjectEvaluator.evaluate(LifecycleProjectEvaluator.java:50)
	at org.gradle.api.internal.project.DefaultProject.evaluate(DefaultProject.java:628)
	at org.gradle.api.internal.project.DefaultProject.evaluate(DefaultProject.java:129)
	at org.gradle.execution.TaskPathProjectEvaluator.configure(TaskPathProjectEvaluator.java:35)
	at org.gradle.configuration.DefaultBuildConfigurer.configure(DefaultBuildConfigurer.java:36)
	at org.gradle.initialization.DefaultGradleLauncher$1.execute(DefaultGradleLauncher.java:161)
	at org.gradle.initialization.DefaultGradleLauncher$1.execute(DefaultGradleLauncher.java:158)
	at org.gradle.internal.Transformers$4.transform(Transformers.java:169)
	at org.gradle.internal.progress.DefaultBuildOperationExecutor.run(DefaultBuildOperationExecutor.java:106)
	at org.gradle.internal.progress.DefaultBuildOperationExecutor.run(DefaultBuildOperationExecutor.java:56)
	at org.gradle.initialization.DefaultGradleLauncher.doBuildStages(DefaultGradleLauncher.java:158)
	at org.gradle.initialization.DefaultGradleLauncher.doBuild(DefaultGradleLauncher.java:119)
	at org.gradle.initialization.DefaultGradleLauncher.run(DefaultGradleLauncher.java:102)
	at org.gradle.launcher.exec.GradleBuildController.run(GradleBuildController.java:71)
	at org.gradle.tooling.internal.provider.ExecuteBuildActionRunner.run(ExecuteBuildActionRunner.java:28)
	at org.gradle.launcher.exec.ChainingBuildActionRunner.run(ChainingBuildActionRunner.java:35)
	at org.gradle.launcher.exec.InProcessBuildActionExecuter.execute(InProcessBuildActionExecuter.java:41)
	at org.gradle.launcher.exec.InProcessBuildActionExecuter.execute(InProcessBuildActionExecuter.java:26)
	at org.gradle.tooling.internal.provider.ContinuousBuildActionExecuter.execute(ContinuousBuildActionExecuter.java:75)
	at org.gradle.tooling.internal.provider.ContinuousBuildActionExecuter.execute(ContinuousBuildActionExecuter.java:49)
	at org.gradle.tooling.internal.provider.ServicesSetupBuildActionExecuter.execute(ServicesSetupBuildActionExecuter.java:44)
	at org.gradle.tooling.internal.provider.ServicesSetupBuildActionExecuter.execute(ServicesSetupBuildActionExecuter.java:29)
	at org.gradle.launcher.cli.RunBuildAction.run(RunBuildAction.java:51)
	at org.gradle.internal.Actions$RunnableActionAdapter.execute(Actions.java:173)
	at org.gradle.launcher.cli.CommandLineActionFactory$ParseAndBuildAction.execute(CommandLineActionFactory.java:244)
	at org.gradle.launcher.cli.CommandLineActionFactory$ParseAndBuildAction.execute(CommandLineActionFactory.java:217)
	at org.gradle.launcher.cli.JavaRuntimeValidationAction.execute(JavaRuntimeValidationAction.java:33)
	at org.gradle.launcher.cli.JavaRuntimeValidationAction.execute(JavaRuntimeValidationAction.java:24)
	at org.gradle.launcher.cli.ExceptionReportingAction.execute(ExceptionReportingAction.java:33)
	at org.gradle.launcher.cli.ExceptionReportingAction.execute(ExceptionReportingAction.java:22)
	at org.gradle.launcher.cli.CommandLineActionFactory$WithLogging.execute(CommandLineActionFactory.java:210)
	at org.gradle.launcher.cli.CommandLineActionFactory$WithLogging.execute(CommandLineActionFactory.java:174)
	at org.gradle.launcher.Main.doAction(Main.java:33)
	at org.gradle.launcher.bootstrap.EntryPoint.run(EntryPoint.java:45)
	at org.gradle.launcher.bootstrap.ProcessBootstrap.runNoExit(ProcessBootstrap.java:60)
	at org.gradle.launcher.bootstrap.ProcessBootstrap.run(ProcessBootstrap.java:37)
	at org.gradle.launcher.GradleMain.main(GradleMain.java:23)
	at org.gradle.wrapper.BootstrapMainStarter.start(BootstrapMainStarter.java:30)
	at org.gradle.wrapper.WrapperExecutor.execute(WrapperExecutor.java:127)
	at org.gradle.wrapper.GradleWrapperMain.main(GradleWrapperMain.java:56)
Caused by: org.gradle.api.plugins.UnknownPluginException: Plugin with id 'com.android.library' not found.
	at org.gradle.api.internal.plugins.DefaultPluginManager.apply(DefaultPluginManager.java:110)
	at org.gradle.api.internal.plugins.DefaultObjectConfigurationAction.applyType(DefaultObjectConfigurationAction.java:113)
	at org.gradle.api.internal.plugins.DefaultObjectConfigurationAction.access$200(DefaultObjectConfigurationAction.java:36)
	at org.gradle.api.internal.plugins.DefaultObjectConfigurationAction$3.run(DefaultObjectConfigurationAction.java:80)
	at org.gradle.api.internal.plugins.DefaultObjectConfigurationAction.execute(DefaultObjectConfigurationAction.java:136)
	at org.gradle.api.internal.project.AbstractPluginAware.apply(AbstractPluginAware.java:44)
	at org.gradle.api.internal.project.ProjectScript.apply(ProjectScript.java:34)
	at org.gradle.api.Script$apply.callCurrent(Unknown Source)
	at build_7s1srdn2ijws1mxyginif5rqo.run(/tmp/rdisk/166/src/Library/build.gradle:1)
	at org.gradle.groovy.scripts.internal.DefaultScriptRunnerFactory$ScriptRunnerImpl.run(DefaultScriptRunnerFactory.java:90)
	... 53 more


BUILD FAILED

Total time: 2.065 secs

2018-04-11 10:11:02,701 INFO  ProjectTaskService - Detecting possible tasks...
2018-04-11 10:11:02,701 INFO  SysUtils - Execute command: [/tmp/rdisk/166/src/gradlew, -b, /tmp/rdisk/166/src/Sample/build.gradle, -Dorg.gradle.daemon=false, -Dorg.gradle.daemon.performance.enable-monitoring=false, -Dorg.gradle.configureondemand=true, tasks]
2018-04-11 10:11:10,799 INFO  ProjectTaskService - Detected possible tasks: 66
2018-04-11 10:11:10,799 INFO  ProjectTaskService - Excluded tasks (19): lintDebug mockableAndroidJar deviceCheck lint testReleaseUnitTest uninstallRelease deviceAndroidTest uninstallDebugAndroidTest installDebugAndroidTest connectedCheck connectedDebugAndroidTest uninstallAll test check testDebugUnitTest connectedAndroidTest installDebug lintRelease uninstallDebug
2018-04-11 10:11:10,799 INFO  SysUtils - Execute command: [/tmp/rdisk/166/src/gradlew, -b, /tmp/rdisk/166/src/Sample/build.gradle, -Dorg.gradle.daemon=false, -Dorg.gradle.daemon.performance.enable-monitoring=false, -Dorg.gradle.configureondemand=true, --stacktrace, -x, lintDebug, -x, mockableAndroidJar, -x, deviceCheck, -x, lint, -x, testReleaseUnitTest, -x, uninstallRelease, -x, deviceAndroidTest, -x, uninstallDebugAndroidTest, -x, installDebugAndroidTest, -x, connectedCheck, -x, connectedDebugAndroidTest, -x, uninstallAll, -x, test, -x, check, -x, testDebugUnitTest, -x, connectedAndroidTest, -x, installDebug, -x, lintRelease, -x, uninstallDebug, build]
2018-04-11 10:11:23,631 INFO  SysUtils - Configuration on demand is an incubating feature.
Incremental java compilation is an incubating feature.
:Library:preBuild UP-TO-DATE
:Library:preReleaseBuild UP-TO-DATE
:Library:checkReleaseManifest
:Library:prepareReleaseDependencies
:Library:compileReleaseAidl
:Library:compileReleaseNdk UP-TO-DATE
:Library:compileLint
:Library:copyReleaseLint UP-TO-DATE
:Library:mergeReleaseShaders
:Library:compileReleaseShaders
:Library:generateReleaseAssets
:Library:mergeReleaseAssets
:Library:mergeReleaseProguardFiles
:Library:packageReleaseRenderscript UP-TO-DATE
:Library:compileReleaseRenderscript
:Library:generateReleaseResValues
:Library:generateReleaseResources
:Library:packageReleaseResources
:Library:processReleaseManifest
:Library:generateReleaseBuildConfig
:Library:processReleaseResources
:Library:generateReleaseSources
:Library:incrementalReleaseJavaCompilationSafeguard
:Library:javaPreCompileRelease
:Library:compileReleaseJavaWithJavac
:Library:compileReleaseJavaWithJavac - is not incremental (e.g. outputs have changed, no previous execution, etc.).
Note: /tmp/rdisk/166/src/Library/src/com/android/export/AllCapsTransformationMethod.java uses or overrides a deprecated API.
Note: Recompile with -Xlint:deprecation for details.
:Library:processReleaseJavaRes UP-TO-DATE
:Library:transformResourcesWithMergeJavaResForRelease
:Library:transformClassesAndResourcesWithSyncLibJarsForRelease
:Library:mergeReleaseJniLibFolders
:Library:transformNativeLibsWithMergeJniLibsForRelease
:Library:transformNativeLibsWithStripDebugSymbolForRelease
:Library:transformNativeLibsWithSyncJniLibsForRelease
:Library:bundleRelease
:Sample:preBuild UP-TO-DATE
:Sample:preDebugBuild UP-TO-DATE
:Sample:checkDebugManifest
:Sample:prepareDebugDependencies
:Sample:compileDebugAidl
:Sample:compileDebugRenderscript
:Sample:generateDebugBuildConfig
:Sample:generateDebugResValues
:Sample:generateDebugResources
:Sample:mergeDebugResources
:Sample:processDebugManifest
:Sample:processDebugResources
:Sample:generateDebugSources
:Sample:incrementalDebugJavaCompilationSafeguard
:Sample:javaPreCompileDebug
:Sample:compileDebugJavaWithJavac
:Sample:compileDebugJavaWithJavac - is not incremental (e.g. outputs have changed, no previous execution, etc.).
:Sample:compileDebugNdk UP-TO-DATE
:Sample:compileDebugSources
:Sample:mergeDebugShaders
:Sample:compileDebugShaders
:Sample:generateDebugAssets
:Sample:mergeDebugAssets
:Sample:transformClassesWithDexForDebug
:Sample:mergeDebugJniLibFolders
:Sample:transformNativeLibsWithMergeJniLibsForDebug
:Sample:transformNativeLibsWithStripDebugSymbolForDebug
:Sample:processDebugJavaRes UP-TO-DATE
:Sample:transformResourcesWithMergeJavaResForDebug
:Sample:validateSigningDebug
:Sample:packageDebug
:Sample:assembleDebug
:Sample:preReleaseBuild UP-TO-DATE
:Sample:checkReleaseManifest
:Sample:prepareReleaseDependencies
:Sample:compileReleaseAidl
:Sample:compileReleaseRenderscript
:Sample:generateReleaseBuildConfig
:Sample:generateReleaseResValues
:Sample:generateReleaseResources
:Sample:mergeReleaseResources
:Sample:processReleaseManifest
:Sample:processReleaseResources
:Sample:generateReleaseSources
:Sample:incrementalReleaseJavaCompilationSafeguard
:Sample:javaPreCompileRelease
:Sample:compileReleaseJavaWithJavac
:Sample:compileReleaseJavaWithJavac - is not incremental (e.g. outputs have changed, no previous execution, etc.).
:Sample:compileReleaseNdk UP-TO-DATE
:Sample:compileReleaseSources
:Sample:lintVitalRelease
:Sample:mergeReleaseShaders
:Sample:compileReleaseShaders
:Sample:generateReleaseAssets
:Sample:mergeReleaseAssets
:Sample:transformClassesWithDexForRelease
:Sample:mergeReleaseJniLibFolders
:Sample:transformNativeLibsWithMergeJniLibsForRelease
:Sample:transformNativeLibsWithStripDebugSymbolForRelease
:Sample:processReleaseJavaRes UP-TO-DATE
:Sample:transformResourcesWithMergeJavaResForRelease
:Sample:packageRelease
:Sample:assembleRelease
:Sample:assemble
:Sample:build

BUILD SUCCESSFUL

Total time: 12.605 secs

2018-04-11 10:11:23,648 INFO  FullProcessService - Found APK file: /tmp/rdisk/166/src/Sample/build/outputs/apk/Sample-release-unsigned.apk
