2018-05-15 06:18:09,506 INFO  DownloadService - Downloading "https://github.com/cketti/ckChangeLog/archive/master.zip", attempt 3
2018-05-15 06:19:10,183 INFO  GithubDownloadService - Could not find ZIP archive for master branch
2018-05-15 06:19:10,874 INFO  GithubDownloadService - Default branch of this repository: master
2018-05-15 06:19:10,875 INFO  DownloadService - Downloading "https://github.com/cketti/ckChangeLog/archive/master.zip", attempt 3
2018-05-15 06:20:12,267 DEBUG FullProcessService - Repository https://github.com/cketti/ckChangeLog available: true
2018-05-15 06:20:12,267 INFO  FullProcessService - Could not download ZIP file from Github, lets clone it
2018-05-15 06:20:12,267 INFO  SysUtils - Execute command: [git, clone, -q, --single-branch, --depth, 1, https://github.com/cketti/ckChangeLog, /tmp/rdisk/82/src]
2018-05-15 06:20:14,075 INFO  SysUtils - 
2018-05-15 06:20:14,089 INFO  GitService - Deleted "/tmp/rdisk/82/src/.git": true
2018-05-15 06:20:14,091 INFO  FullProcessService - Size of directory with sources: 157 KB
2018-05-15 06:20:14,091 INFO  SysUtils - Execute command: [git, init, /tmp/rdisk/82/src]
2018-05-15 06:20:14,095 INFO  SysUtils - Initialized empty Git repository in /tmp/rdisk/82/src/.git/

2018-05-15 06:20:14,098 INFO  ProjectBuildService - Gradle wrapper(s): /tmp/rdisk/82/src/gradlew
2018-05-15 06:20:14,101 INFO  ProjectBuildService - Build script(s): /tmp/rdisk/82/src/ckChangeLog/build.gradle /tmp/rdisk/82/src/sample/build.gradle
2018-05-15 06:20:14,103 INFO  ProjectBuildService - All script(s): /tmp/rdisk/82/src/settings.gradle /tmp/rdisk/82/src/sample/build.gradle /tmp/rdisk/82/src/ckChangeLog/build.gradle /tmp/rdisk/82/src/android-mvn-push.gradle
2018-05-15 06:20:14,103 INFO  ProjectBuildService - Remote scripts: none
2018-05-15 06:20:14,103 INFO  ProjectFixService - Fixing project...
2018-05-15 06:20:14,108 INFO  LocalPropertiesFixService - Created fake /tmp/rdisk/82/src/ckChangeLog/local.properties
2018-05-15 06:20:14,109 INFO  ProjectFixService - Build info for "/tmp/rdisk/82/src/ckChangeLog/build.gradle": [buildToolsVersion=21.1.2,compileSdkVersion=21,minSdkVersion=4,targetSdkVersion=21]
2018-05-15 06:20:14,109 INFO  ProjectFixService - Fixed build info for "/tmp/rdisk/82/src/ckChangeLog/build.gradle": [buildToolsVersion=21.1.2,compileSdkVersion=21,minSdkVersion=7,targetSdkVersion=21]
2018-05-15 06:20:14,110 INFO  LocalPropertiesFixService - Created fake /tmp/rdisk/82/src/sample/local.properties
2018-05-15 06:20:14,110 INFO  ProjectFixService - Build info for "/tmp/rdisk/82/src/sample/build.gradle": [buildToolsVersion=21.1.2,compileSdkVersion=21,minSdkVersion=7,targetSdkVersion=21]
2018-05-15 06:20:14,110 INFO  ProjectFixService - Project was maybe fixed
2018-05-15 06:20:14,110 INFO  ProjectTaskService - Detecting possible tasks...
2018-05-15 06:20:14,110 INFO  SysUtils - Execute command: [/tmp/rdisk/82/src/gradlew, -b, /tmp/rdisk/82/src/ckChangeLog/build.gradle, -Dorg.gradle.daemon=false, -Dorg.gradle.daemon.performance.enable-monitoring=false, -Dorg.gradle.configureondemand=true, tasks]
2018-05-15 06:20:21,762 ERROR ProjectTaskService - Could not detect possible Gradle tasks: Process exited with an error: 1 (Exit value: 1)
2018-05-15 06:20:21,762 INFO  ProjectTaskService - Detected possible tasks: 0
2018-05-15 06:20:21,762 INFO  ProjectTaskService - Excluded tasks (0): none
2018-05-15 06:20:21,762 INFO  SysUtils - Execute command: [/tmp/rdisk/82/src/gradlew, -b, /tmp/rdisk/82/src/ckChangeLog/build.gradle, -Dorg.gradle.daemon=false, -Dorg.gradle.daemon.performance.enable-monitoring=false, -Dorg.gradle.configureondemand=true, --stacktrace, build]
2018-05-15 06:20:27,079 ERROR SysUtils - Could not process external command
org.apache.commons.exec.ExecuteException: Process exited with an error: 1 (Exit value: 1)
	at org.apache.commons.exec.DefaultExecutor.executeInternal(DefaultExecutor.java:404)
	at org.apache.commons.exec.DefaultExecutor.execute(DefaultExecutor.java:166)
	at com.github.vbauer.apkmaster.util.SysUtils.execute(SysUtils.java:67)
	at com.github.vbauer.apkmaster.util.SysUtils.executeSimple(SysUtils.java:43)
	at com.github.vbauer.apkmaster.service.assembly.ProjectBuildService.buildProject(ProjectBuildService.java:78)
	at com.github.vbauer.apkmaster.service.assembly.ProjectBuildService.buildProject(ProjectBuildService.java:64)
	at com.github.vbauer.apkmaster.service.assembly.ProjectBuildService.buildProject(ProjectBuildService.java:43)
	at com.github.vbauer.apkmaster.service.FullProcessService.build(FullProcessService.java:84)
	at com.github.vbauer.apkmaster.service.FullProcessService.process(FullProcessService.java:34)
	at com.github.vbauer.apkmaster.app.MainApplication.process(MainApplication.java:38)
	at com.github.vbauer.apkmaster.app.MainApplication.main(MainApplication.java:20)
	at sun.reflect.GeneratedMethodAccessor9.invoke(Unknown Source)
	at sun.reflect.DelegatingMethodAccessorImpl.invoke(DelegatingMethodAccessorImpl.java:43)
	at java.lang.reflect.Method.invoke(Method.java:498)
	at com.android.arsenal.util.ReflectionUtils.invoke(ReflectionUtils.java:42)
	at com.android.arsenal.util.ApkMasterUtils.main(ApkMasterUtils.java:30)
	at com.android.arsenal.service.processor.impl.BuildProcessorServiceImpl.buildProject(BuildProcessorServiceImpl.java:197)
	at com.android.arsenal.service.processor.impl.BuildProcessorServiceImpl.build(BuildProcessorServiceImpl.java:131)
	at com.android.arsenal.service.processor.impl.BuildProcessorServiceImpl.lambda$null$1(BuildProcessorServiceImpl.java:114)
	at java.util.concurrent.FutureTask.run(FutureTask.java:266)
	at java.util.concurrent.Executors$RunnableAdapter.call(Executors.java:511)
	at java.util.concurrent.FutureTask.run(FutureTask.java:266)
	at java.util.concurrent.ThreadPoolExecutor.runWorker(ThreadPoolExecutor.java:1149)
	at java.util.concurrent.ThreadPoolExecutor$Worker.run(ThreadPoolExecutor.java:624)
	at java.lang.Thread.run(Thread.java:748)
2018-05-15 06:20:27,079 INFO  SysUtils - Configuration on demand is an incubating feature.

FAILURE: Build failed with an exception.

* Where:
Script '/tmp/rdisk/82/src/android-mvn-push.gradle' line: 16

* What went wrong:
A problem occurred configuring project ':ckChangeLog'.
> No such property: nexusUsername for class: org.gradle.api.publication.maven.internal.ant.DefaultGroovyMavenDeployer

* Try:
Run with --info or --debug option to get more log output.

* Exception is:
org.gradle.api.ProjectConfigurationException: A problem occurred configuring project ':ckChangeLog'.
	at org.gradle.configuration.project.LifecycleProjectEvaluator.addConfigurationFailure(LifecycleProjectEvaluator.java:91)
	at org.gradle.configuration.project.LifecycleProjectEvaluator.notifyAfterEvaluate(LifecycleProjectEvaluator.java:86)
	at org.gradle.configuration.project.LifecycleProjectEvaluator.evaluate(LifecycleProjectEvaluator.java:65)
	at org.gradle.api.internal.project.AbstractProject.evaluate(AbstractProject.java:504)
	at org.gradle.api.internal.project.AbstractProject.evaluate(AbstractProject.java:83)
	at org.gradle.execution.TaskPathProjectEvaluator.configureHierarchy(TaskPathProjectEvaluator.java:42)
	at org.gradle.execution.TaskSelector.getSelection(TaskSelector.java:85)
	at org.gradle.execution.TaskSelector.getSelection(TaskSelector.java:76)
	at org.gradle.execution.commandline.CommandLineTaskParser.parseTasks(CommandLineTaskParser.java:42)
	at org.gradle.execution.TaskNameResolvingBuildConfigurationAction.configure(TaskNameResolvingBuildConfigurationAction.java:44)
	at org.gradle.execution.DefaultBuildExecuter.configure(DefaultBuildExecuter.java:42)
	at org.gradle.execution.DefaultBuildExecuter.access$100(DefaultBuildExecuter.java:23)
	at org.gradle.execution.DefaultBuildExecuter$1.proceed(DefaultBuildExecuter.java:48)
	at org.gradle.execution.ExcludedTaskFilteringBuildConfigurationAction.configure(ExcludedTaskFilteringBuildConfigurationAction.java:47)
	at org.gradle.execution.DefaultBuildExecuter.configure(DefaultBuildExecuter.java:42)
	at org.gradle.execution.DefaultBuildExecuter.access$100(DefaultBuildExecuter.java:23)
	at org.gradle.execution.DefaultBuildExecuter$1.proceed(DefaultBuildExecuter.java:48)
	at org.gradle.execution.DefaultTasksBuildExecutionAction.configure(DefaultTasksBuildExecutionAction.java:44)
	at org.gradle.execution.DefaultBuildExecuter.configure(DefaultBuildExecuter.java:42)
	at org.gradle.execution.DefaultBuildExecuter.select(DefaultBuildExecuter.java:35)
	at org.gradle.initialization.DefaultGradleLauncher.doBuildStages(DefaultGradleLauncher.java:142)
	at org.gradle.initialization.DefaultGradleLauncher.doBuild(DefaultGradleLauncher.java:106)
	at org.gradle.initialization.DefaultGradleLauncher.run(DefaultGradleLauncher.java:86)
	at org.gradle.launcher.exec.InProcessBuildActionExecuter$DefaultBuildController.run(InProcessBuildActionExecuter.java:80)
	at org.gradle.launcher.cli.ExecuteBuildAction.run(ExecuteBuildAction.java:33)
	at org.gradle.launcher.cli.ExecuteBuildAction.run(ExecuteBuildAction.java:24)
	at org.gradle.launcher.exec.InProcessBuildActionExecuter.execute(InProcessBuildActionExecuter.java:36)
	at org.gradle.launcher.exec.InProcessBuildActionExecuter.execute(InProcessBuildActionExecuter.java:26)
	at org.gradle.launcher.cli.RunBuildAction.run(RunBuildAction.java:51)
	at org.gradle.internal.Actions$RunnableActionAdapter.execute(Actions.java:171)
	at org.gradle.launcher.cli.CommandLineActionFactory$ParseAndBuildAction.execute(CommandLineActionFactory.java:237)
	at org.gradle.launcher.cli.CommandLineActionFactory$ParseAndBuildAction.execute(CommandLineActionFactory.java:210)
	at org.gradle.launcher.cli.JavaRuntimeValidationAction.execute(JavaRuntimeValidationAction.java:35)
	at org.gradle.launcher.cli.JavaRuntimeValidationAction.execute(JavaRuntimeValidationAction.java:24)
	at org.gradle.launcher.cli.CommandLineActionFactory$WithLogging.execute(CommandLineActionFactory.java:206)
	at org.gradle.launcher.cli.CommandLineActionFactory$WithLogging.execute(CommandLineActionFactory.java:169)
	at org.gradle.launcher.cli.ExceptionReportingAction.execute(ExceptionReportingAction.java:33)
	at org.gradle.launcher.cli.ExceptionReportingAction.execute(ExceptionReportingAction.java:22)
	at org.gradle.launcher.Main.doAction(Main.java:33)
	at org.gradle.launcher.bootstrap.EntryPoint.run(EntryPoint.java:45)
	at org.gradle.launcher.bootstrap.ProcessBootstrap.runNoExit(ProcessBootstrap.java:54)
	at org.gradle.launcher.bootstrap.ProcessBootstrap.run(ProcessBootstrap.java:35)
	at org.gradle.launcher.GradleMain.main(GradleMain.java:23)
	at org.gradle.wrapper.BootstrapMainStarter.start(BootstrapMainStarter.java:30)
	at org.gradle.wrapper.WrapperExecutor.execute(WrapperExecutor.java:127)
	at org.gradle.wrapper.GradleWrapperMain.main(GradleWrapperMain.java:58)
Caused by: groovy.lang.MissingPropertyException: No such property: nexusUsername for class: org.gradle.api.publication.maven.internal.ant.DefaultGroovyMavenDeployer
	at android_mvn_push_e72mvdxe87ykel8sk5zyv1hfk$_run_closure1_closure2_closure8_closure9_closure11.doCall(/tmp/rdisk/82/src/android-mvn-push.gradle:16)
	at android_mvn_push_e72mvdxe87ykel8sk5zyv1hfk$_run_closure1_closure2_closure8_closure9_closure11.doCall(/tmp/rdisk/82/src/android-mvn-push.gradle)
	at org.gradle.api.publication.maven.internal.ant.DefaultGroovyMavenDeployer.methodMissing(DefaultGroovyMavenDeployer.groovy:36)
	at org.gradle.api.publication.maven.internal.ant.DefaultGroovyMavenDeployer.invokeMethod(DefaultGroovyMavenDeployer.groovy)
	at android_mvn_push_e72mvdxe87ykel8sk5zyv1hfk$_run_closure1_closure2_closure8_closure9.doCall(/tmp/rdisk/82/src/android-mvn-push.gradle:15)
	at org.gradle.api.internal.ClosureBackedAction.execute(ClosureBackedAction.java:63)
	at org.gradle.api.internal.artifacts.DefaultArtifactRepositoryContainer.addRepository(DefaultArtifactRepositoryContainer.java:87)
	at org.gradle.api.publication.maven.internal.DefaultMavenRepositoryHandlerConvention.mavenDeployer(DefaultMavenRepositoryHandlerConvention.java:43)
	at org.gradle.api.internal.BeanDynamicObject$MetaClassAdapter.invokeMethod(BeanDynamicObject.java:225)
	at org.gradle.api.internal.BeanDynamicObject.invokeMethod(BeanDynamicObject.java:129)
	at org.gradle.api.internal.plugins.DefaultConvention$ExtensionsDynamicObject.invokeMethod(DefaultConvention.java:212)
	at org.gradle.api.internal.CompositeDynamicObject.invokeMethod(CompositeDynamicObject.java:147)
	at org.gradle.api.internal.CompositeDynamicObject.invokeMethod(CompositeDynamicObject.java:147)
	at org.gradle.api.internal.artifacts.dsl.DefaultRepositoryHandler_Decorated.invokeMethod(Unknown Source)
	at android_mvn_push_e72mvdxe87ykel8sk5zyv1hfk$_run_closure1_closure2_closure8.doCall(/tmp/rdisk/82/src/android-mvn-push.gradle:10)
	at org.gradle.api.internal.ClosureBackedAction.execute(ClosureBackedAction.java:63)
	at org.gradle.util.ConfigureUtil.configure(ConfigureUtil.java:130)
	at org.gradle.util.ConfigureUtil.configure(ConfigureUtil.java:110)
	at org.gradle.api.internal.artifacts.DefaultArtifactRepositoryContainer.configure(DefaultArtifactRepositoryContainer.java:66)
	at org.gradle.api.internal.artifacts.DefaultArtifactRepositoryContainer.configure(DefaultArtifactRepositoryContainer.java:33)
	at org.gradle.api.internal.ClosureBackedAction.execute(ClosureBackedAction.java:55)
	at org.gradle.util.ConfigureUtil.configure(ConfigureUtil.java:130)
	at org.gradle.util.ConfigureUtil.configure(ConfigureUtil.java:91)
	at org.gradle.api.tasks.Upload.repositories(Upload.java:118)
	at android_mvn_push_e72mvdxe87ykel8sk5zyv1hfk$_run_closure1_closure2.doCall(/tmp/rdisk/82/src/android-mvn-push.gradle:9)
	at org.gradle.api.internal.ClosureBackedAction.execute(ClosureBackedAction.java:63)
	at org.gradle.util.ConfigureUtil.configure(ConfigureUtil.java:130)
	at org.gradle.util.ConfigureUtil.configure(ConfigureUtil.java:110)
	at org.gradle.api.internal.AbstractTask.configure(AbstractTask.java:482)
	at org.gradle.api.internal.AbstractTask.configure(AbstractTask.java:58)
	at org.gradle.api.internal.ClosureBackedAction.execute(ClosureBackedAction.java:55)
	at org.gradle.util.ConfigureUtil.configure(ConfigureUtil.java:130)
	at org.gradle.util.ConfigureUtil.configure(ConfigureUtil.java:91)
	at org.gradle.api.internal.DefaultNamedDomainObjectCollection$ContainerElementsDynamicObject.invokeMethod(DefaultNamedDomainObjectCollection.java:324)
	at org.gradle.api.internal.CompositeDynamicObject.invokeMethod(CompositeDynamicObject.java:147)
	at org.gradle.groovy.scripts.BasicScript.methodMissing(BasicScript.java:79)
	at android_mvn_push_e72mvdxe87ykel8sk5zyv1hfk$_run_closure1.doCall(/tmp/rdisk/82/src/android-mvn-push.gradle:8)
	at org.gradle.listener.ClosureBackedMethodInvocationDispatch.dispatch(ClosureBackedMethodInvocationDispatch.java:40)
	at org.gradle.listener.ClosureBackedMethodInvocationDispatch.dispatch(ClosureBackedMethodInvocationDispatch.java:25)
	at org.gradle.listener.BroadcastDispatch.dispatch(BroadcastDispatch.java:83)
	at org.gradle.listener.BroadcastDispatch.dispatch(BroadcastDispatch.java:31)
	at org.gradle.messaging.dispatch.ProxyDispatchAdapter$DispatchingInvocationHandler.invoke(ProxyDispatchAdapter.java:93)
	at com.sun.proxy.$Proxy13.afterEvaluate(Unknown Source)
	at org.gradle.configuration.project.LifecycleProjectEvaluator.notifyAfterEvaluate(LifecycleProjectEvaluator.java:79)
	... 44 more


BUILD FAILED

Total time: 4.862 secs

2018-05-15 06:20:27,082 INFO  ProjectTaskService - Detecting possible tasks...
2018-05-15 06:20:27,082 INFO  SysUtils - Execute command: [/tmp/rdisk/82/src/gradlew, -b, /tmp/rdisk/82/src/sample/build.gradle, -Dorg.gradle.daemon=false, -Dorg.gradle.daemon.performance.enable-monitoring=false, -Dorg.gradle.configureondemand=true, tasks]
2018-05-15 06:20:32,647 ERROR ProjectTaskService - Could not detect possible Gradle tasks: Process exited with an error: 1 (Exit value: 1)
2018-05-15 06:20:32,648 INFO  ProjectTaskService - Detected possible tasks: 0
2018-05-15 06:20:32,648 INFO  ProjectTaskService - Excluded tasks (0): none
2018-05-15 06:20:32,648 INFO  SysUtils - Execute command: [/tmp/rdisk/82/src/gradlew, -b, /tmp/rdisk/82/src/sample/build.gradle, -Dorg.gradle.daemon=false, -Dorg.gradle.daemon.performance.enable-monitoring=false, -Dorg.gradle.configureondemand=true, --stacktrace, build]
2018-05-15 06:20:38,259 ERROR SysUtils - Could not process external command
org.apache.commons.exec.ExecuteException: Process exited with an error: 1 (Exit value: 1)
	at org.apache.commons.exec.DefaultExecutor.executeInternal(DefaultExecutor.java:404)
	at org.apache.commons.exec.DefaultExecutor.execute(DefaultExecutor.java:166)
	at com.github.vbauer.apkmaster.util.SysUtils.execute(SysUtils.java:67)
	at com.github.vbauer.apkmaster.util.SysUtils.executeSimple(SysUtils.java:43)
	at com.github.vbauer.apkmaster.service.assembly.ProjectBuildService.buildProject(ProjectBuildService.java:78)
	at com.github.vbauer.apkmaster.service.assembly.ProjectBuildService.buildProject(ProjectBuildService.java:64)
	at com.github.vbauer.apkmaster.service.assembly.ProjectBuildService.buildProject(ProjectBuildService.java:43)
	at com.github.vbauer.apkmaster.service.FullProcessService.build(FullProcessService.java:84)
	at com.github.vbauer.apkmaster.service.FullProcessService.process(FullProcessService.java:34)
	at com.github.vbauer.apkmaster.app.MainApplication.process(MainApplication.java:38)
	at com.github.vbauer.apkmaster.app.MainApplication.main(MainApplication.java:20)
	at sun.reflect.GeneratedMethodAccessor9.invoke(Unknown Source)
	at sun.reflect.DelegatingMethodAccessorImpl.invoke(DelegatingMethodAccessorImpl.java:43)
	at java.lang.reflect.Method.invoke(Method.java:498)
	at com.android.arsenal.util.ReflectionUtils.invoke(ReflectionUtils.java:42)
	at com.android.arsenal.util.ApkMasterUtils.main(ApkMasterUtils.java:30)
	at com.android.arsenal.service.processor.impl.BuildProcessorServiceImpl.buildProject(BuildProcessorServiceImpl.java:197)
	at com.android.arsenal.service.processor.impl.BuildProcessorServiceImpl.build(BuildProcessorServiceImpl.java:131)
	at com.android.arsenal.service.processor.impl.BuildProcessorServiceImpl.lambda$null$1(BuildProcessorServiceImpl.java:114)
	at java.util.concurrent.FutureTask.run(FutureTask.java:266)
	at java.util.concurrent.Executors$RunnableAdapter.call(Executors.java:511)
	at java.util.concurrent.FutureTask.run(FutureTask.java:266)
	at java.util.concurrent.ThreadPoolExecutor.runWorker(ThreadPoolExecutor.java:1149)
	at java.util.concurrent.ThreadPoolExecutor$Worker.run(ThreadPoolExecutor.java:624)
	at java.lang.Thread.run(Thread.java:748)
2018-05-15 06:20:38,259 INFO  SysUtils - Configuration on demand is an incubating feature.

FAILURE: Build failed with an exception.

* Where:
Script '/tmp/rdisk/82/src/android-mvn-push.gradle' line: 16

* What went wrong:
A problem occurred configuring project ':sample'.
> A problem occurred configuring project ':ckChangeLog'.
   > No such property: nexusUsername for class: org.gradle.api.publication.maven.internal.ant.DefaultGroovyMavenDeployer

* Try:
Run with --info or --debug option to get more log output.

* Exception is:
org.gradle.api.ProjectConfigurationException: A problem occurred configuring project ':sample'.
	at org.gradle.configuration.project.LifecycleProjectEvaluator.addConfigurationFailure(LifecycleProjectEvaluator.java:91)
	at org.gradle.configuration.project.LifecycleProjectEvaluator.notifyAfterEvaluate(LifecycleProjectEvaluator.java:86)
	at org.gradle.configuration.project.LifecycleProjectEvaluator.evaluate(LifecycleProjectEvaluator.java:65)
	at org.gradle.api.internal.project.AbstractProject.evaluate(AbstractProject.java:504)
	at org.gradle.api.internal.project.AbstractProject.evaluate(AbstractProject.java:83)
	at org.gradle.execution.TaskPathProjectEvaluator.configureHierarchy(TaskPathProjectEvaluator.java:42)
	at org.gradle.execution.TaskSelector.getSelection(TaskSelector.java:85)
	at org.gradle.execution.TaskSelector.getSelection(TaskSelector.java:76)
	at org.gradle.execution.commandline.CommandLineTaskParser.parseTasks(CommandLineTaskParser.java:42)
	at org.gradle.execution.TaskNameResolvingBuildConfigurationAction.configure(TaskNameResolvingBuildConfigurationAction.java:44)
	at org.gradle.execution.DefaultBuildExecuter.configure(DefaultBuildExecuter.java:42)
	at org.gradle.execution.DefaultBuildExecuter.access$100(DefaultBuildExecuter.java:23)
	at org.gradle.execution.DefaultBuildExecuter$1.proceed(DefaultBuildExecuter.java:48)
	at org.gradle.execution.ExcludedTaskFilteringBuildConfigurationAction.configure(ExcludedTaskFilteringBuildConfigurationAction.java:47)
	at org.gradle.execution.DefaultBuildExecuter.configure(DefaultBuildExecuter.java:42)
	at org.gradle.execution.DefaultBuildExecuter.access$100(DefaultBuildExecuter.java:23)
	at org.gradle.execution.DefaultBuildExecuter$1.proceed(DefaultBuildExecuter.java:48)
	at org.gradle.execution.DefaultTasksBuildExecutionAction.configure(DefaultTasksBuildExecutionAction.java:44)
	at org.gradle.execution.DefaultBuildExecuter.configure(DefaultBuildExecuter.java:42)
	at org.gradle.execution.DefaultBuildExecuter.select(DefaultBuildExecuter.java:35)
	at org.gradle.initialization.DefaultGradleLauncher.doBuildStages(DefaultGradleLauncher.java:142)
	at org.gradle.initialization.DefaultGradleLauncher.doBuild(DefaultGradleLauncher.java:106)
	at org.gradle.initialization.DefaultGradleLauncher.run(DefaultGradleLauncher.java:86)
	at org.gradle.launcher.exec.InProcessBuildActionExecuter$DefaultBuildController.run(InProcessBuildActionExecuter.java:80)
	at org.gradle.launcher.cli.ExecuteBuildAction.run(ExecuteBuildAction.java:33)
	at org.gradle.launcher.cli.ExecuteBuildAction.run(ExecuteBuildAction.java:24)
	at org.gradle.launcher.exec.InProcessBuildActionExecuter.execute(InProcessBuildActionExecuter.java:36)
	at org.gradle.launcher.exec.InProcessBuildActionExecuter.execute(InProcessBuildActionExecuter.java:26)
	at org.gradle.launcher.cli.RunBuildAction.run(RunBuildAction.java:51)
	at org.gradle.internal.Actions$RunnableActionAdapter.execute(Actions.java:171)
	at org.gradle.launcher.cli.CommandLineActionFactory$ParseAndBuildAction.execute(CommandLineActionFactory.java:237)
	at org.gradle.launcher.cli.CommandLineActionFactory$ParseAndBuildAction.execute(CommandLineActionFactory.java:210)
	at org.gradle.launcher.cli.JavaRuntimeValidationAction.execute(JavaRuntimeValidationAction.java:35)
	at org.gradle.launcher.cli.JavaRuntimeValidationAction.execute(JavaRuntimeValidationAction.java:24)
	at org.gradle.launcher.cli.CommandLineActionFactory$WithLogging.execute(CommandLineActionFactory.java:206)
	at org.gradle.launcher.cli.CommandLineActionFactory$WithLogging.execute(CommandLineActionFactory.java:169)
	at org.gradle.launcher.cli.ExceptionReportingAction.execute(ExceptionReportingAction.java:33)
	at org.gradle.launcher.cli.ExceptionReportingAction.execute(ExceptionReportingAction.java:22)
	at org.gradle.launcher.Main.doAction(Main.java:33)
	at org.gradle.launcher.bootstrap.EntryPoint.run(EntryPoint.java:45)
	at org.gradle.launcher.bootstrap.ProcessBootstrap.runNoExit(ProcessBootstrap.java:54)
	at org.gradle.launcher.bootstrap.ProcessBootstrap.run(ProcessBootstrap.java:35)
	at org.gradle.launcher.GradleMain.main(GradleMain.java:23)
	at org.gradle.wrapper.BootstrapMainStarter.start(BootstrapMainStarter.java:30)
	at org.gradle.wrapper.WrapperExecutor.execute(WrapperExecutor.java:127)
	at org.gradle.wrapper.GradleWrapperMain.main(GradleWrapperMain.java:58)
Caused by: org.gradle.api.ProjectConfigurationException: A problem occurred configuring project ':ckChangeLog'.
	at org.gradle.configuration.project.LifecycleProjectEvaluator.addConfigurationFailure(LifecycleProjectEvaluator.java:91)
	at org.gradle.configuration.project.LifecycleProjectEvaluator.notifyAfterEvaluate(LifecycleProjectEvaluator.java:86)
	at org.gradle.configuration.project.LifecycleProjectEvaluator.evaluate(LifecycleProjectEvaluator.java:65)
	at org.gradle.api.internal.project.AbstractProject.evaluate(AbstractProject.java:504)
	at org.gradle.api.internal.project.AbstractProject.evaluationDependsOn(AbstractProject.java:562)
	at org.gradle.api.internal.project.AbstractProject.evaluationDependsOn(AbstractProject.java:554)
	at org.gradle.api.Project$evaluationDependsOn$6.call(Unknown Source)
	at com.android.build.gradle.BasePlugin$_ensureConfigured_closure189.doCall(BasePlugin.groovy:3340)
	at com.android.build.gradle.BasePlugin.ensureConfigured(BasePlugin.groovy:3339)
	at com.android.build.gradle.BasePlugin.resolveDependencyForConfig(BasePlugin.groovy:3255)
	at com.android.build.gradle.BasePlugin.this$2$resolveDependencyForConfig(BasePlugin.groovy)
	at com.android.build.gradle.BasePlugin$this$2$resolveDependencyForConfig$1.callCurrent(Unknown Source)
	at com.android.build.gradle.BasePlugin.resolveDependencies(BasePlugin.groovy:3174)
	at com.android.build.gradle.internal.VariantManager.createVariantData(VariantManager.java:464)
	at com.android.build.gradle.internal.VariantManager.createVariantDataForProductFlavors(VariantManager.java:550)
	at com.android.build.gradle.internal.VariantManager.populateVariantDataList(VariantManager.java:326)
	at com.android.build.gradle.internal.VariantManager.createAndroidTasks(VariantManager.java:212)
	at com.android.build.gradle.internal.VariantManager$createAndroidTasks.call(Unknown Source)
	at com.android.build.gradle.BasePlugin.createAndroidTasks(BasePlugin.groovy:463)
	at com.android.build.gradle.BasePlugin$_createTasks_closure9.doCall(BasePlugin.groovy:408)
	at org.gradle.listener.ClosureBackedMethodInvocationDispatch.dispatch(ClosureBackedMethodInvocationDispatch.java:40)
	at org.gradle.listener.ClosureBackedMethodInvocationDispatch.dispatch(ClosureBackedMethodInvocationDispatch.java:25)
	at org.gradle.listener.BroadcastDispatch.dispatch(BroadcastDispatch.java:83)
	at org.gradle.listener.BroadcastDispatch.dispatch(BroadcastDispatch.java:31)
	at org.gradle.messaging.dispatch.ProxyDispatchAdapter$DispatchingInvocationHandler.invoke(ProxyDispatchAdapter.java:93)
	at com.sun.proxy.$Proxy13.afterEvaluate(Unknown Source)
	at org.gradle.configuration.project.LifecycleProjectEvaluator.notifyAfterEvaluate(LifecycleProjectEvaluator.java:79)
	... 44 more
Caused by: groovy.lang.MissingPropertyException: No such property: nexusUsername for class: org.gradle.api.publication.maven.internal.ant.DefaultGroovyMavenDeployer
	at android_mvn_push_e72mvdxe87ykel8sk5zyv1hfk$_run_closure1_closure2_closure8_closure9_closure11.doCall(/tmp/rdisk/82/src/android-mvn-push.gradle:16)
	at android_mvn_push_e72mvdxe87ykel8sk5zyv1hfk$_run_closure1_closure2_closure8_closure9_closure11.doCall(/tmp/rdisk/82/src/android-mvn-push.gradle)
	at org.gradle.api.publication.maven.internal.ant.DefaultGroovyMavenDeployer.methodMissing(DefaultGroovyMavenDeployer.groovy:36)
	at org.gradle.api.publication.maven.internal.ant.DefaultGroovyMavenDeployer.invokeMethod(DefaultGroovyMavenDeployer.groovy)
	at android_mvn_push_e72mvdxe87ykel8sk5zyv1hfk$_run_closure1_closure2_closure8_closure9.doCall(/tmp/rdisk/82/src/android-mvn-push.gradle:15)
	at org.gradle.api.internal.ClosureBackedAction.execute(ClosureBackedAction.java:63)
	at org.gradle.api.internal.artifacts.DefaultArtifactRepositoryContainer.addRepository(DefaultArtifactRepositoryContainer.java:87)
	at org.gradle.api.publication.maven.internal.DefaultMavenRepositoryHandlerConvention.mavenDeployer(DefaultMavenRepositoryHandlerConvention.java:43)
	at org.gradle.api.internal.BeanDynamicObject$MetaClassAdapter.invokeMethod(BeanDynamicObject.java:225)
	at org.gradle.api.internal.BeanDynamicObject.invokeMethod(BeanDynamicObject.java:129)
	at org.gradle.api.internal.plugins.DefaultConvention$ExtensionsDynamicObject.invokeMethod(DefaultConvention.java:212)
	at org.gradle.api.internal.CompositeDynamicObject.invokeMethod(CompositeDynamicObject.java:147)
	at org.gradle.api.internal.CompositeDynamicObject.invokeMethod(CompositeDynamicObject.java:147)
	at org.gradle.api.internal.artifacts.dsl.DefaultRepositoryHandler_Decorated.invokeMethod(Unknown Source)
	at android_mvn_push_e72mvdxe87ykel8sk5zyv1hfk$_run_closure1_closure2_closure8.doCall(/tmp/rdisk/82/src/android-mvn-push.gradle:10)
	at org.gradle.api.internal.ClosureBackedAction.execute(ClosureBackedAction.java:63)
	at org.gradle.util.ConfigureUtil.configure(ConfigureUtil.java:130)
	at org.gradle.util.ConfigureUtil.configure(ConfigureUtil.java:110)
	at org.gradle.api.internal.artifacts.DefaultArtifactRepositoryContainer.configure(DefaultArtifactRepositoryContainer.java:66)
	at org.gradle.api.internal.artifacts.DefaultArtifactRepositoryContainer.configure(DefaultArtifactRepositoryContainer.java:33)
	at org.gradle.api.internal.ClosureBackedAction.execute(ClosureBackedAction.java:55)
	at org.gradle.util.ConfigureUtil.configure(ConfigureUtil.java:130)
	at org.gradle.util.ConfigureUtil.configure(ConfigureUtil.java:91)
	at org.gradle.api.tasks.Upload.repositories(Upload.java:118)
	at android_mvn_push_e72mvdxe87ykel8sk5zyv1hfk$_run_closure1_closure2.doCall(/tmp/rdisk/82/src/android-mvn-push.gradle:9)
	at org.gradle.api.internal.ClosureBackedAction.execute(ClosureBackedAction.java:63)
	at org.gradle.util.ConfigureUtil.configure(ConfigureUtil.java:130)
	at org.gradle.util.ConfigureUtil.configure(ConfigureUtil.java:110)
	at org.gradle.api.internal.AbstractTask.configure(AbstractTask.java:482)
	at org.gradle.api.internal.AbstractTask.configure(AbstractTask.java:58)
	at org.gradle.api.internal.ClosureBackedAction.execute(ClosureBackedAction.java:55)
	at org.gradle.util.ConfigureUtil.configure(ConfigureUtil.java:130)
	at org.gradle.util.ConfigureUtil.configure(ConfigureUtil.java:91)
	at org.gradle.api.internal.DefaultNamedDomainObjectCollection$ContainerElementsDynamicObject.invokeMethod(DefaultNamedDomainObjectCollection.java:324)
	at org.gradle.api.internal.CompositeDynamicObject.invokeMethod(CompositeDynamicObject.java:147)
	at org.gradle.groovy.scripts.BasicScript.methodMissing(BasicScript.java:79)
	at android_mvn_push_e72mvdxe87ykel8sk5zyv1hfk$_run_closure1.doCall(/tmp/rdisk/82/src/android-mvn-push.gradle:8)
	at org.gradle.listener.ClosureBackedMethodInvocationDispatch.dispatch(ClosureBackedMethodInvocationDispatch.java:40)
	at org.gradle.listener.ClosureBackedMethodInvocationDispatch.dispatch(ClosureBackedMethodInvocationDispatch.java:25)
	at org.gradle.listener.BroadcastDispatch.dispatch(BroadcastDispatch.java:83)
	at org.gradle.listener.BroadcastDispatch.dispatch(BroadcastDispatch.java:31)
	at org.gradle.messaging.dispatch.ProxyDispatchAdapter$DispatchingInvocationHandler.invoke(ProxyDispatchAdapter.java:93)
	at com.sun.proxy.$Proxy13.afterEvaluate(Unknown Source)
	at org.gradle.configuration.project.LifecycleProjectEvaluator.notifyAfterEvaluate(LifecycleProjectEvaluator.java:79)
	... 69 more


BUILD FAILED

Total time: 5.143 secs

2018-05-15 06:20:38,262 ERROR FullProcessService - Project build has not produced APK file
2018-05-15 06:20:38,264 ERROR FullProcessService - Could not find generated or existed APK file
